Using pre-set license
Built from '2022.3/staging' branch; Version is '2022.3.30f1 (70558241b701) revision 7361922'; Using compiler version '192829333'; Build Type 'Release'
OS: 'Windows 10  (10.0.19045) 64bit Education' Language: 'ko' Physical Memory: 16297 MB
BatchMode: 1, IsHumanControllingUs: 0, StartBugReporterOnCrash: 0, Is64bit: 1, IsPro: 1

COMMAND LINE ARGUMENTS:
C:\Program Files\Unity\Hub\Editor\2022.3.30f1\Editor\Unity.exe
-adb2
-batchMode
-noUpm
-name
AssetImportWorker7
-projectPath
C:/Users/Administrator/Desktop/UnityGame/Game
-logFile
Logs/AssetImportWorker7.log
-srvPort
50568
Successfully changed project path to: C:/Users/Administrator/Desktop/UnityGame/Game
C:/Users/Administrator/Desktop/UnityGame/Game
[UnityMemory] Configuration Parameters - Can be set up in boot.config
    "memorysetup-bucket-allocator-granularity=16"
    "memorysetup-bucket-allocator-bucket-count=8"
    "memorysetup-bucket-allocator-block-size=33554432"
    "memorysetup-bucket-allocator-block-count=8"
    "memorysetup-main-allocator-block-size=16777216"
    "memorysetup-thread-allocator-block-size=16777216"
    "memorysetup-gfx-main-allocator-block-size=16777216"
    "memorysetup-gfx-thread-allocator-block-size=16777216"
    "memorysetup-cache-allocator-block-size=4194304"
    "memorysetup-typetree-allocator-block-size=2097152"
    "memorysetup-profiler-bucket-allocator-granularity=16"
    "memorysetup-profiler-bucket-allocator-bucket-count=8"
    "memorysetup-profiler-bucket-allocator-block-size=33554432"
    "memorysetup-profiler-bucket-allocator-block-count=8"
    "memorysetup-profiler-allocator-block-size=16777216"
    "memorysetup-profiler-editor-allocator-block-size=1048576"
    "memorysetup-temp-allocator-size-main=16777216"
    "memorysetup-job-temp-allocator-block-size=2097152"
    "memorysetup-job-temp-allocator-block-size-background=1048576"
    "memorysetup-job-temp-allocator-reduction-small-platforms=262144"
    "memorysetup-allocator-temp-initial-block-size-main=262144"
    "memorysetup-allocator-temp-initial-block-size-worker=262144"
    "memorysetup-temp-allocator-size-background-worker=32768"
    "memorysetup-temp-allocator-size-job-worker=262144"
    "memorysetup-temp-allocator-size-preload-manager=33554432"
    "memorysetup-temp-allocator-size-nav-mesh-worker=65536"
    "memorysetup-temp-allocator-size-audio-worker=65536"
    "memorysetup-temp-allocator-size-cloud-worker=32768"
    "memorysetup-temp-allocator-size-gi-baking-worker=262144"
    "memorysetup-temp-allocator-size-gfx=262144"
Player connection [3324] Host "[IP] 192.168.0.62 [Port] 0 [Flags] 2 [Guid] 876461402 [EditorId] 876461402 [Version] 1048832 [Id] WindowsEditor(7,I-06) [Debug] 1 [PackageName] WindowsEditor [ProjectName] Editor" joined multi-casting on [225.0.0.222:54997]...

Player connection [3324] Host "[IP] 192.168.0.62 [Port] 0 [Flags] 2 [Guid] 876461402 [EditorId] 876461402 [Version] 1048832 [Id] WindowsEditor(7,I-06) [Debug] 1 [PackageName] WindowsEditor [ProjectName] Editor" joined alternative multi-casting on [225.0.0.222:34997]...

[Physics::Module] Initialized MultithreadedJobDispatcher with 15 workers.
Refreshing native plugins compatible for Editor in 5.57 ms, found 3 plugins.
Preloading 0 native plugins for Editor in 0.00 ms.
Initialize engine version: 2022.3.30f1 (70558241b701)
[Subsystems] Discovering subsystems at path C:/Program Files/Unity/Hub/Editor/2022.3.30f1/Editor/Data/Resources/UnitySubsystems
[Subsystems] Discovering subsystems at path C:/Users/Administrator/Desktop/UnityGame/Game/Assets
GfxDevice: creating device client; threaded=0; jobified=0
Direct3D:
    Version:  Direct3D 11.0 [level 11.1]
    Renderer: NVIDIA GeForce GTX 1660 (ID=0x2184)
    Vendor:   NVIDIA
    VRAM:     5980 MB
    Driver:   31.0.15.3623
Initialize mono
Mono path[0] = 'C:/Program Files/Unity/Hub/Editor/2022.3.30f1/Editor/Data/Managed'
Mono path[1] = 'C:/Program Files/Unity/Hub/Editor/2022.3.30f1/Editor/Data/MonoBleedingEdge/lib/mono/unityjit-win32'
Mono config path = 'C:/Program Files/Unity/Hub/Editor/2022.3.30f1/Editor/Data/MonoBleedingEdge/etc'
Using monoOptions --debugger-agent=transport=dt_socket,embedding=1,server=y,suspend=n,address=127.0.0.1:56104
Begin MonoManager ReloadAssembly
Registering precompiled unity dll's ...
Register platform support module: C:/Program Files/Unity/Hub/Editor/2022.3.30f1/Editor/Data/PlaybackEngines/WindowsStandaloneSupport/UnityEditor.WindowsStandalone.Extensions.dll
Register platform support module: C:/Program Files/Unity/Hub/Editor/2022.3.30f1/Editor/Data/PlaybackEngines/MetroSupport/UnityEditor.UWP.Extensions.dll
Registered in 0.005315 seconds.
- Loaded All Assemblies, in  0.313 seconds
Native extension for UWP target not found
Native extension for WindowsStandalone target not found
Mono: successfully reloaded assembly
- Finished resetting the current domain, in  0.241 seconds
Domain Reload Profiling: 554ms
	BeginReloadAssembly (96ms)
		ExecutionOrderSort (0ms)
		DisableScriptedObjects (0ms)
		BackupInstance (0ms)
		ReleaseScriptingObjects (0ms)
		CreateAndSetChildDomain (1ms)
	RebuildCommonClasses (35ms)
	RebuildNativeTypeToScriptingClass (9ms)
	initialDomainReloadingComplete (45ms)
	LoadAllAssembliesAndSetupDomain (128ms)
		LoadAssemblies (95ms)
		RebuildTransferFunctionScriptingTraits (0ms)
		AnalyzeDomain (126ms)
			TypeCache.Refresh (125ms)
				TypeCache.ScanAssembly (112ms)
			ScanForSourceGeneratedMonoScriptInfo (0ms)
			ResolveRequiredComponents (0ms)
	FinalizeReload (241ms)
		ReleaseScriptCaches (0ms)
		RebuildScriptCaches (0ms)
		SetupLoadedEditorAssemblies (191ms)
			LogAssemblyErrors (0ms)
			InitializePlatformSupportModulesInManaged (8ms)
			SetLoadedEditorAssemblies (9ms)
			RefreshPlugins (0ms)
			BeforeProcessingInitializeOnLoad (2ms)
			ProcessInitializeOnLoadAttributes (129ms)
			ProcessInitializeOnLoadMethodAttributes (43ms)
			AfterProcessingInitializeOnLoad (0ms)
			EditorAssembliesLoaded (0ms)
		ExecutionOrderSort2 (0ms)
		AwakeInstancesAfterBackupRestoration (0ms)
========================================================================
Worker process is ready to serve import requests
Begin MonoManager ReloadAssembly
- Loaded All Assemblies, in  0.520 seconds
Refreshing native plugins compatible for Editor in 2.21 ms, found 3 plugins.
Native extension for UWP target not found
Native extension for WindowsStandalone target not found
Package Manager log level set to [2]
[Package Manager] Server::EnsureServerProcessIsRunning -- launch failed, reason: Unity was launched with the -noUpm command-line argument
[Package Manager] UpmClient::Send -- Unable to send message (not connected to UPM process).
[Package Manager] Cannot connect to Unity Package Manager local server
Mono: successfully reloaded assembly
- Finished resetting the current domain, in  0.459 seconds
Domain Reload Profiling: 979ms
	BeginReloadAssembly (153ms)
		ExecutionOrderSort (0ms)
		DisableScriptedObjects (5ms)
		BackupInstance (0ms)
		ReleaseScriptingObjects (0ms)
		CreateAndSetChildDomain (25ms)
	RebuildCommonClasses (28ms)
	RebuildNativeTypeToScriptingClass (10ms)
	initialDomainReloadingComplete (32ms)
	LoadAllAssembliesAndSetupDomain (297ms)
		LoadAssemblies (243ms)
		RebuildTransferFunctionScriptingTraits (0ms)
		AnalyzeDomain (145ms)
			TypeCache.Refresh (127ms)
				TypeCache.ScanAssembly (115ms)
			ScanForSourceGeneratedMonoScriptInfo (12ms)
			ResolveRequiredComponents (5ms)
	FinalizeReload (460ms)
		ReleaseScriptCaches (0ms)
		RebuildScriptCaches (0ms)
		SetupLoadedEditorAssemblies (337ms)
			LogAssemblyErrors (0ms)
			InitializePlatformSupportModulesInManaged (5ms)
			SetLoadedEditorAssemblies (3ms)
			RefreshPlugins (0ms)
			BeforeProcessingInitializeOnLoad (43ms)
			ProcessInitializeOnLoadAttributes (267ms)
			ProcessInitializeOnLoadMethodAttributes (17ms)
			AfterProcessingInitializeOnLoad (3ms)
			EditorAssembliesLoaded (0ms)
		ExecutionOrderSort2 (0ms)
		AwakeInstancesAfterBackupRestoration (10ms)
Launched and connected shader compiler UnityShaderCompiler.exe after 0.03 seconds
Refreshing native plugins compatible for Editor in 2.12 ms, found 3 plugins.
Preloading 0 native plugins for Editor in 0.00 ms.
Unloading 3128 Unused Serialized files (Serialized files now loaded: 0)
Unloading 33 unused Assets / (58.4 KB). Loaded Objects now: 3599.
Memory consumption went from 128.0 MB to 127.9 MB.
Total: 2.413800 ms (FindLiveObjects: 0.232600 ms CreateObjectMapping: 0.177000 ms MarkObjects: 1.919900 ms  DeleteObjects: 0.083600 ms)

AssetImportParameters requested are different than current active one (requested -> active):
  custom:container-demuxer-ogg: 62fdf1f143b41e24485cea50d1cbac27 -> 
  custom:video-decoder-ogg-theora: a1e56fd34408186e4bbccfd4996cb3dc -> 
  custom:framework-win-MediaFoundation: 216162199b28c13a410421893ffa2e32 -> 
  custom:CustomObjectIndexerAttribute: 9a22284fe3817be447336de3de66b15e -> 
  custom:container-demuxer-webm: 4f35f7cbe854078d1ac9338744f61a02 -> 
  custom:container-muxer-webm: aa71ff27fc2769a1b78a27578f13a17b -> 
  custom:video-decoder-webm-vp8: 9c59270c3fd7afecdb556c50c9e8de78 -> 
  custom:SearchIndexIgnoredProperties: e643bd26f0fe6173181afceb89e7c659 -> 
  custom:AudioImporter_EditorPlatform: d09bf68614088b80899f8185d706f6e7 -> 
  custom:video-encoder-webm-vp8: eb34c28f22e8b96e1ab97ce403110664 -> 
  custom:audio-decoder-ogg-vorbis: bf7c407c2cedff20999df2af8eb42d56 -> 
  custom:audio-encoder-webm-vorbis: bf7c407c2cedff20999df2af8eb42d56 -> 
========================================================================
Received Import Request.
  Time since last request: 2221.132095 seconds.
  path: Assets/MainGame/3D Sprite Sci-Fi Props/SpriteProps_Prefabs/SpriteProps_Green/Cube_Regular_Green.prefab
  artifactKey: Guid(680d803e50bd36c4fb1ee1be025f8e95) Importer(815301076,1909f56bfc062723c751e8b465ee728b)
Start importing Assets/MainGame/3D Sprite Sci-Fi Props/SpriteProps_Prefabs/SpriteProps_Green/Cube_Regular_Green.prefab using Guid(680d803e50bd36c4fb1ee1be025f8e95) Importer(815301076,1909f56bfc062723c751e8b465ee728b)  -> (artifact id: '77201d06e38bdfd72cb3c9d0239bd218') in 0.108839 seconds
Number of updated asset objects reloaded before import = 0
Number of asset objects unloaded after import = 11
========================================================================
Received Import Request.
  Time since last request: 3.168302 seconds.
  path: Assets/MainGame/3D Sprite Sci-Fi Props/SpriteProps_Prefabs/SpriteProps_Purple/Cube_Regular_Purple.prefab
  artifactKey: Guid(a9d541e09f51fb64cb716f1aab90a6c0) Importer(815301076,1909f56bfc062723c751e8b465ee728b)
Start importing Assets/MainGame/3D Sprite Sci-Fi Props/SpriteProps_Prefabs/SpriteProps_Purple/Cube_Regular_Purple.prefab using Guid(a9d541e09f51fb64cb716f1aab90a6c0) Importer(815301076,1909f56bfc062723c751e8b465ee728b)  -> (artifact id: 'a49767353b91ee597c16e39726f2ebf6') in 0.015092 seconds
Number of updated asset objects reloaded before import = 0
Number of asset objects unloaded after import = 11
========================================================================
Received Import Request.
  Time since last request: 0.000025 seconds.
  path: Assets/MainGame/3D Sprite Sci-Fi Props/SpriteProps_Prefabs/SpriteProps_Purple/Hazard_Bottle_Purple.prefab
  artifactKey: Guid(6f2312a195acd104e9dcddfe0948dc1b) Importer(815301076,1909f56bfc062723c751e8b465ee728b)
Start importing Assets/MainGame/3D Sprite Sci-Fi Props/SpriteProps_Prefabs/SpriteProps_Purple/Hazard_Bottle_Purple.prefab using Guid(6f2312a195acd104e9dcddfe0948dc1b) Importer(815301076,1909f56bfc062723c751e8b465ee728b)  -> (artifact id: 'a1c126913ac5af6b921646b336ff0314') in 0.015234 seconds
Number of updated asset objects reloaded before import = 0
Number of asset objects unloaded after import = 11
========================================================================
Received Import Request.
  Time since last request: 0.000016 seconds.
  path: Assets/MainGame/3D Sprite Sci-Fi Props/SpriteProps_Prefabs/SpriteProps_Purple/PipeMedium_Purple.prefab
  artifactKey: Guid(60ded7a600eeb39429269484cb29134a) Importer(815301076,1909f56bfc062723c751e8b465ee728b)
Start importing Assets/MainGame/3D Sprite Sci-Fi Props/SpriteProps_Prefabs/SpriteProps_Purple/PipeMedium_Purple.prefab using Guid(60ded7a600eeb39429269484cb29134a) Importer(815301076,1909f56bfc062723c751e8b465ee728b)  -> (artifact id: '32f4a4d29d0d173d8cee74586088738c') in 0.014623 seconds
Number of updated asset objects reloaded before import = 0
Number of asset objects unloaded after import = 11
========================================================================
Received Import Request.
  Time since last request: 3.047815 seconds.
  path: Assets/MainGame/3D Sprite Sci-Fi Props/SpriteProps_Prefabs/SpriteProps_Red/Cube_Regular_Red.prefab
  artifactKey: Guid(b13cfb50b6e70fe48bb91b69f1e60b6e) Importer(815301076,1909f56bfc062723c751e8b465ee728b)
Start importing Assets/MainGame/3D Sprite Sci-Fi Props/SpriteProps_Prefabs/SpriteProps_Red/Cube_Regular_Red.prefab using Guid(b13cfb50b6e70fe48bb91b69f1e60b6e) Importer(815301076,1909f56bfc062723c751e8b465ee728b)  -> (artifact id: '14ee71be7b19383f9f20145acbb032ca') in 0.012529 seconds
Number of updated asset objects reloaded before import = 0
Number of asset objects unloaded after import = 11
========================================================================
Received Import Request.
  Time since last request: 0.000017 seconds.
  path: Assets/MainGame/3D Sprite Sci-Fi Props/SpriteProps_Prefabs/SpriteProps_Red/Cube_Small_Red.prefab
  artifactKey: Guid(0edca547f980d6349ae7426b5ade00d8) Importer(815301076,1909f56bfc062723c751e8b465ee728b)
Start importing Assets/MainGame/3D Sprite Sci-Fi Props/SpriteProps_Prefabs/SpriteProps_Red/Cube_Small_Red.prefab using Guid(0edca547f980d6349ae7426b5ade00d8) Importer(815301076,1909f56bfc062723c751e8b465ee728b)  -> (artifact id: 'f5ccd8248ef1cbf400ed75965e184796') in 0.013270 seconds
Number of updated asset objects reloaded before import = 0
Number of asset objects unloaded after import = 11
========================================================================
Received Import Request.
  Time since last request: 0.000013 seconds.
  path: Assets/MainGame/3D Sprite Sci-Fi Props/SpriteProps_Prefabs/SpriteProps_Red/Pipe_TJoint_Red.prefab
  artifactKey: Guid(cbdba764023bd4641b31807af618c783) Importer(815301076,1909f56bfc062723c751e8b465ee728b)
Start importing Assets/MainGame/3D Sprite Sci-Fi Props/SpriteProps_Prefabs/SpriteProps_Red/Pipe_TJoint_Red.prefab using Guid(cbdba764023bd4641b31807af618c783) Importer(815301076,1909f56bfc062723c751e8b465ee728b)  -> (artifact id: '2a1748aa40b7edcbd7295541db0fce42') in 0.012507 seconds
Number of updated asset objects reloaded before import = 0
Number of asset objects unloaded after import = 10
========================================================================
Received Import Request.
  Time since last request: 2.182275 seconds.
  path: Assets/MainGame/3D Sprite Sci-Fi Props/SpriteProps_Prefabs/SpriteProps_Yellow/Cube_Regular_Yellow.prefab
  artifactKey: Guid(2a5e8e6c45d6960479235c3f704b108a) Importer(815301076,1909f56bfc062723c751e8b465ee728b)
Start importing Assets/MainGame/3D Sprite Sci-Fi Props/SpriteProps_Prefabs/SpriteProps_Yellow/Cube_Regular_Yellow.prefab using Guid(2a5e8e6c45d6960479235c3f704b108a) Importer(815301076,1909f56bfc062723c751e8b465ee728b)  -> (artifact id: 'c4bc17141f9b94600827f6a833b37ea4') in 0.015140 seconds
Number of updated asset objects reloaded before import = 0
Number of asset objects unloaded after import = 11
========================================================================
Received Import Request.
  Time since last request: 0.000016 seconds.
  path: Assets/MainGame/3D Sprite Sci-Fi Props/SpriteProps_Prefabs/SpriteProps_Yellow/PipeMedium_Yellow.prefab
  artifactKey: Guid(040df92c5757aa04bb07fb9f9d757ebe) Importer(815301076,1909f56bfc062723c751e8b465ee728b)
Start importing Assets/MainGame/3D Sprite Sci-Fi Props/SpriteProps_Prefabs/SpriteProps_Yellow/PipeMedium_Yellow.prefab using Guid(040df92c5757aa04bb07fb9f9d757ebe) Importer(815301076,1909f56bfc062723c751e8b465ee728b)  -> (artifact id: '0eecf97f4ebd505209fbe8c9f22eb47f') in 0.014842 seconds
Number of updated asset objects reloaded before import = 0
Number of asset objects unloaded after import = 11
========================================================================
Received Import Request.
  Time since last request: 0.000023 seconds.
  path: Assets/MainGame/3D Sprite Sci-Fi Props/SpriteProps_Prefabs/SpriteProps_Yellow/PipeSmall_Yellow.prefab
  artifactKey: Guid(cb9778996dd12004fa66e115b90733b3) Importer(815301076,1909f56bfc062723c751e8b465ee728b)
Start importing Assets/MainGame/3D Sprite Sci-Fi Props/SpriteProps_Prefabs/SpriteProps_Yellow/PipeSmall_Yellow.prefab using Guid(cb9778996dd12004fa66e115b90733b3) Importer(815301076,1909f56bfc062723c751e8b465ee728b)  -> (artifact id: 'f6cac516c2094c2985ffa6b8fc8ee29a') in 0.013183 seconds
Number of updated asset objects reloaded before import = 0
Number of asset objects unloaded after import = 11
========================================================================
Received Import Request.
  Time since last request: 3.024742 seconds.
  path: Assets/MainGame/3D Sprite Sci-Fi Props/SpriteProps_Textures/Assets_Red.png
  artifactKey: Guid(e34010f3f7339304997ed1b388bec9ba) Importer(815301076,1909f56bfc062723c751e8b465ee728b)
Start importing Assets/MainGame/3D Sprite Sci-Fi Props/SpriteProps_Textures/Assets_Red.png using Guid(e34010f3f7339304997ed1b388bec9ba) Importer(815301076,1909f56bfc062723c751e8b465ee728b)  -> (artifact id: '56cd2c47e604af91757961cb4a557cc1') in 0.023175 seconds
Number of updated asset objects reloaded before import = 0
Number of asset objects unloaded after import = 2
========================================================================
Received Import Request.
  Time since last request: 0.000116 seconds.
  path: Assets/MainGame/3D Sprite Sci-Fi Props/SpriteProps_Textures/Assets_Yellow.png
  artifactKey: Guid(8ffe284ffd9d5c7479aa77b540d5bd6c) Importer(815301076,1909f56bfc062723c751e8b465ee728b)
Start importing Assets/MainGame/3D Sprite Sci-Fi Props/SpriteProps_Textures/Assets_Yellow.png using Guid(8ffe284ffd9d5c7479aa77b540d5bd6c) Importer(815301076,1909f56bfc062723c751e8b465ee728b)  -> (artifact id: '0835f703c5be57d9ae2a4ee8a94b341c') in 0.011347 seconds
Number of updated asset objects reloaded before import = 0
Number of asset objects unloaded after import = 2
Editor requested this worker to shutdown with reason: Scaling down because of idle timeout
TcpMessagingSession - receive error: operation aborted. errorcode: 995, details: 스레드 종료 또는 응용 프로그램 요청 때문에 I/O 작업이 취소되었습니다.
AssetImportWorker is now disconnected from the server
Process exiting
Exiting without the bug reporter. Application will terminate with return code 0