Using pre-set license
Built from '2022.3/staging' branch; Version is '2022.3.30f1 (70558241b701) revision 7361922'; Using compiler version '192829333'; Build Type 'Release'
OS: 'Windows 10  (10.0.19045) 64bit Education' Language: 'ko' Physical Memory: 16297 MB
BatchMode: 1, IsHumanControllingUs: 0, StartBugReporterOnCrash: 0, Is64bit: 1, IsPro: 1

COMMAND LINE ARGUMENTS:
C:\Program Files\Unity\Hub\Editor\2022.3.30f1\Editor\Unity.exe
-adb2
-batchMode
-noUpm
-name
AssetImportWorker5
-projectPath
C:/Users/Administrator/Desktop/UnityGame/Game
-logFile
Logs/AssetImportWorker5.log
-srvPort
50239
Successfully changed project path to: C:/Users/Administrator/Desktop/UnityGame/Game
C:/Users/Administrator/Desktop/UnityGame/Game
[UnityMemory] Configuration Parameters - Can be set up in boot.config
    "memorysetup-bucket-allocator-granularity=16"
    "memorysetup-bucket-allocator-bucket-count=8"
    "memorysetup-bucket-allocator-block-size=33554432"
    "memorysetup-bucket-allocator-block-count=8"
    "memorysetup-main-allocator-block-size=16777216"
    "memorysetup-thread-allocator-block-size=16777216"
    "memorysetup-gfx-main-allocator-block-size=16777216"
    "memorysetup-gfx-thread-allocator-block-size=16777216"
    "memorysetup-cache-allocator-block-size=4194304"
    "memorysetup-typetree-allocator-block-size=2097152"
    "memorysetup-profiler-bucket-allocator-granularity=16"
    "memorysetup-profiler-bucket-allocator-bucket-count=8"
    "memorysetup-profiler-bucket-allocator-block-size=33554432"
    "memorysetup-profiler-bucket-allocator-block-count=8"
    "memorysetup-profiler-allocator-block-size=16777216"
    "memorysetup-profiler-editor-allocator-block-size=1048576"
    "memorysetup-temp-allocator-size-main=16777216"
    "memorysetup-job-temp-allocator-block-size=2097152"
    "memorysetup-job-temp-allocator-block-size-background=1048576"
    "memorysetup-job-temp-allocator-reduction-small-platforms=262144"
    "memorysetup-allocator-temp-initial-block-size-main=262144"
    "memorysetup-allocator-temp-initial-block-size-worker=262144"
    "memorysetup-temp-allocator-size-background-worker=32768"
    "memorysetup-temp-allocator-size-job-worker=262144"
    "memorysetup-temp-allocator-size-preload-manager=33554432"
    "memorysetup-temp-allocator-size-nav-mesh-worker=65536"
    "memorysetup-temp-allocator-size-audio-worker=65536"
    "memorysetup-temp-allocator-size-cloud-worker=32768"
    "memorysetup-temp-allocator-size-gi-baking-worker=262144"
    "memorysetup-temp-allocator-size-gfx=262144"
Player connection [17756] Host "[IP] 192.168.0.62 [Port] 0 [Flags] 2 [Guid] 970828368 [EditorId] 970828368 [Version] 1048832 [Id] WindowsEditor(7,I-06) [Debug] 1 [PackageName] WindowsEditor [ProjectName] Editor" joined multi-casting on [225.0.0.222:54997]...

Player connection [17756] Host "[IP] 192.168.0.62 [Port] 0 [Flags] 2 [Guid] 970828368 [EditorId] 970828368 [Version] 1048832 [Id] WindowsEditor(7,I-06) [Debug] 1 [PackageName] WindowsEditor [ProjectName] Editor" joined alternative multi-casting on [225.0.0.222:34997]...

[Physics::Module] Initialized MultithreadedJobDispatcher with 15 workers.
Refreshing native plugins compatible for Editor in 5.75 ms, found 3 plugins.
Preloading 0 native plugins for Editor in 0.00 ms.
Initialize engine version: 2022.3.30f1 (70558241b701)
[Subsystems] Discovering subsystems at path C:/Program Files/Unity/Hub/Editor/2022.3.30f1/Editor/Data/Resources/UnitySubsystems
[Subsystems] Discovering subsystems at path C:/Users/Administrator/Desktop/UnityGame/Game/Assets
GfxDevice: creating device client; threaded=0; jobified=0
Direct3D:
    Version:  Direct3D 11.0 [level 11.1]
    Renderer: NVIDIA GeForce GTX 1660 (ID=0x2184)
    Vendor:   NVIDIA
    VRAM:     5980 MB
    Driver:   31.0.15.3623
Initialize mono
Mono path[0] = 'C:/Program Files/Unity/Hub/Editor/2022.3.30f1/Editor/Data/Managed'
Mono path[1] = 'C:/Program Files/Unity/Hub/Editor/2022.3.30f1/Editor/Data/MonoBleedingEdge/lib/mono/unityjit-win32'
Mono config path = 'C:/Program Files/Unity/Hub/Editor/2022.3.30f1/Editor/Data/MonoBleedingEdge/etc'
Using monoOptions --debugger-agent=transport=dt_socket,embedding=1,server=y,suspend=n,address=127.0.0.1:56180
Begin MonoManager ReloadAssembly
Registering precompiled unity dll's ...
Register platform support module: C:/Program Files/Unity/Hub/Editor/2022.3.30f1/Editor/Data/PlaybackEngines/WindowsStandaloneSupport/UnityEditor.WindowsStandalone.Extensions.dll
Register platform support module: C:/Program Files/Unity/Hub/Editor/2022.3.30f1/Editor/Data/PlaybackEngines/MetroSupport/UnityEditor.UWP.Extensions.dll
Registered in 0.005444 seconds.
- Loaded All Assemblies, in  0.328 seconds
Native extension for UWP target not found
Native extension for WindowsStandalone target not found
Mono: successfully reloaded assembly
- Finished resetting the current domain, in  0.243 seconds
Domain Reload Profiling: 571ms
	BeginReloadAssembly (97ms)
		ExecutionOrderSort (0ms)
		DisableScriptedObjects (0ms)
		BackupInstance (0ms)
		ReleaseScriptingObjects (0ms)
		CreateAndSetChildDomain (1ms)
	RebuildCommonClasses (30ms)
	RebuildNativeTypeToScriptingClass (15ms)
	initialDomainReloadingComplete (48ms)
	LoadAllAssembliesAndSetupDomain (137ms)
		LoadAssemblies (97ms)
		RebuildTransferFunctionScriptingTraits (0ms)
		AnalyzeDomain (135ms)
			TypeCache.Refresh (134ms)
				TypeCache.ScanAssembly (122ms)
			ScanForSourceGeneratedMonoScriptInfo (0ms)
			ResolveRequiredComponents (0ms)
	FinalizeReload (243ms)
		ReleaseScriptCaches (0ms)
		RebuildScriptCaches (0ms)
		SetupLoadedEditorAssemblies (193ms)
			LogAssemblyErrors (0ms)
			InitializePlatformSupportModulesInManaged (8ms)
			SetLoadedEditorAssemblies (5ms)
			RefreshPlugins (0ms)
			BeforeProcessingInitializeOnLoad (2ms)
			ProcessInitializeOnLoadAttributes (133ms)
			ProcessInitializeOnLoadMethodAttributes (45ms)
			AfterProcessingInitializeOnLoad (0ms)
			EditorAssembliesLoaded (0ms)
		ExecutionOrderSort2 (0ms)
		AwakeInstancesAfterBackupRestoration (0ms)
========================================================================
Worker process is ready to serve import requests
Begin MonoManager ReloadAssembly
- Loaded All Assemblies, in  0.552 seconds
Refreshing native plugins compatible for Editor in 2.02 ms, found 3 plugins.
Native extension for UWP target not found
Native extension for WindowsStandalone target not found
Package Manager log level set to [2]
[Package Manager] Server::EnsureServerProcessIsRunning -- launch failed, reason: Unity was launched with the -noUpm command-line argument
[Package Manager] UpmClient::Send -- Unable to send message (not connected to UPM process).
[Package Manager] Cannot connect to Unity Package Manager local server
Mono: successfully reloaded assembly
- Finished resetting the current domain, in  0.505 seconds
Domain Reload Profiling: 1057ms
	BeginReloadAssembly (139ms)
		ExecutionOrderSort (0ms)
		DisableScriptedObjects (5ms)
		BackupInstance (0ms)
		ReleaseScriptingObjects (0ms)
		CreateAndSetChildDomain (18ms)
	RebuildCommonClasses (30ms)
	RebuildNativeTypeToScriptingClass (9ms)
	initialDomainReloadingComplete (35ms)
	LoadAllAssembliesAndSetupDomain (337ms)
		LoadAssemblies (263ms)
		RebuildTransferFunctionScriptingTraits (0ms)
		AnalyzeDomain (156ms)
			TypeCache.Refresh (138ms)
				TypeCache.ScanAssembly (124ms)
			ScanForSourceGeneratedMonoScriptInfo (13ms)
			ResolveRequiredComponents (5ms)
	FinalizeReload (505ms)
		ReleaseScriptCaches (0ms)
		RebuildScriptCaches (0ms)
		SetupLoadedEditorAssemblies (372ms)
			LogAssemblyErrors (0ms)
			InitializePlatformSupportModulesInManaged (5ms)
			SetLoadedEditorAssemblies (4ms)
			RefreshPlugins (0ms)
			BeforeProcessingInitializeOnLoad (48ms)
			ProcessInitializeOnLoadAttributes (294ms)
			ProcessInitializeOnLoadMethodAttributes (19ms)
			AfterProcessingInitializeOnLoad (3ms)
			EditorAssembliesLoaded (0ms)
		ExecutionOrderSort2 (0ms)
		AwakeInstancesAfterBackupRestoration (11ms)
Launched and connected shader compiler UnityShaderCompiler.exe after 0.03 seconds
Refreshing native plugins compatible for Editor in 2.07 ms, found 3 plugins.
Preloading 0 native plugins for Editor in 0.00 ms.
Unloading 3110 Unused Serialized files (Serialized files now loaded: 0)
Unloading 33 unused Assets / (58.2 KB). Loaded Objects now: 3579.
Memory consumption went from 127.4 MB to 127.3 MB.
Total: 2.708500 ms (FindLiveObjects: 0.249500 ms CreateObjectMapping: 0.222900 ms MarkObjects: 2.154700 ms  DeleteObjects: 0.080700 ms)

AssetImportParameters requested are different than current active one (requested -> active):
  custom:container-demuxer-ogg: 62fdf1f143b41e24485cea50d1cbac27 -> 
  custom:video-decoder-ogg-theora: a1e56fd34408186e4bbccfd4996cb3dc -> 
  custom:framework-win-MediaFoundation: 216162199b28c13a410421893ffa2e32 -> 
  custom:CustomObjectIndexerAttribute: 9a22284fe3817be447336de3de66b15e -> 
  custom:container-demuxer-webm: 4f35f7cbe854078d1ac9338744f61a02 -> 
  custom:container-muxer-webm: aa71ff27fc2769a1b78a27578f13a17b -> 
  custom:video-decoder-webm-vp8: 9c59270c3fd7afecdb556c50c9e8de78 -> 
  custom:SearchIndexIgnoredProperties: e643bd26f0fe6173181afceb89e7c659 -> 
  custom:AudioImporter_EditorPlatform: d09bf68614088b80899f8185d706f6e7 -> 
  custom:video-encoder-webm-vp8: eb34c28f22e8b96e1ab97ce403110664 -> 
  custom:audio-decoder-ogg-vorbis: bf7c407c2cedff20999df2af8eb42d56 -> 
  custom:audio-encoder-webm-vorbis: bf7c407c2cedff20999df2af8eb42d56 -> 
========================================================================
Received Import Request.
  Time since last request: 1316.323673 seconds.
  path: Assets/Class8th (Instantiate)/Polygon-Lite Survival Collection/Prefabs/SM_Cartridges_9.19 (3).prefab
  artifactKey: Guid(91ec4ba84f903af469c3374d284c72fa) Importer(815301076,1909f56bfc062723c751e8b465ee728b)
Start importing Assets/Class8th (Instantiate)/Polygon-Lite Survival Collection/Prefabs/SM_Cartridges_9.19 (3).prefab using Guid(91ec4ba84f903af469c3374d284c72fa) Importer(815301076,1909f56bfc062723c751e8b465ee728b)  -> (artifact id: '888b555fd152a16b829ba5e7d51b2397') in 0.107474 seconds
Number of updated asset objects reloaded before import = 0
Number of asset objects unloaded after import = 10
========================================================================
Received Import Request.
  Time since last request: 2.529990 seconds.
  path: Assets/Class8th (Instantiate)/Polygon-Lite Survival Collection/Prefabs/SM_Chuck_Pistol_Box_9_EMPTY.prefab
  artifactKey: Guid(f2faea41168d49f4b800fb973c865a33) Importer(815301076,1909f56bfc062723c751e8b465ee728b)
Start importing Assets/Class8th (Instantiate)/Polygon-Lite Survival Collection/Prefabs/SM_Chuck_Pistol_Box_9_EMPTY.prefab using Guid(f2faea41168d49f4b800fb973c865a33) Importer(815301076,1909f56bfc062723c751e8b465ee728b)  -> (artifact id: '88b8db7bd777357c56092bc77f0688e0') in 0.013598 seconds
Number of updated asset objects reloaded before import = 0
Number of asset objects unloaded after import = 10
========================================================================
Received Import Request.
  Time since last request: 0.000014 seconds.
  path: Assets/Class8th (Instantiate)/Polygon-Lite Survival Collection/Prefabs/SM_Collimator_Sight_B_01.prefab
  artifactKey: Guid(59325158d2140a4428c7bc6d792cb605) Importer(815301076,1909f56bfc062723c751e8b465ee728b)
Start importing Assets/Class8th (Instantiate)/Polygon-Lite Survival Collection/Prefabs/SM_Collimator_Sight_B_01.prefab using Guid(59325158d2140a4428c7bc6d792cb605) Importer(815301076,1909f56bfc062723c751e8b465ee728b)  -> (artifact id: '1d5b58e7bdfc47ddd9cf313558b49e52') in 0.011515 seconds
Number of updated asset objects reloaded before import = 0
Number of asset objects unloaded after import = 10
========================================================================
Received Import Request.
  Time since last request: 2.764689 seconds.
  path: Assets/Class8th (Instantiate)/Polygon-Lite Survival Collection/Prefabs/SM_FLATCHE.prefab
  artifactKey: Guid(66c5c01db3a7a4040b6b6ea74d1a8737) Importer(815301076,1909f56bfc062723c751e8b465ee728b)
Start importing Assets/Class8th (Instantiate)/Polygon-Lite Survival Collection/Prefabs/SM_FLATCHE.prefab using Guid(66c5c01db3a7a4040b6b6ea74d1a8737) Importer(815301076,1909f56bfc062723c751e8b465ee728b)  -> (artifact id: 'b9f83f9ff320609bd4fba9d1faeb1c3b') in 0.021894 seconds
Number of updated asset objects reloaded before import = 0
Number of asset objects unloaded after import = 9
========================================================================
Received Import Request.
  Time since last request: 1.761319 seconds.
  path: Assets/Class8th (Instantiate)/Polygon-Lite Survival Collection/Prefabs/SM_HOOK_FOR_Fishing_Rod_02.prefab
  artifactKey: Guid(21f69cbf9e7cd174d8737093cebdf481) Importer(815301076,1909f56bfc062723c751e8b465ee728b)
Start importing Assets/Class8th (Instantiate)/Polygon-Lite Survival Collection/Prefabs/SM_HOOK_FOR_Fishing_Rod_02.prefab using Guid(21f69cbf9e7cd174d8737093cebdf481) Importer(815301076,1909f56bfc062723c751e8b465ee728b)  -> (artifact id: '3a0787471b25b729616026885fc37aa8') in 0.020496 seconds
Number of updated asset objects reloaded before import = 0
Number of asset objects unloaded after import = 46
========================================================================
Received Import Request.
  Time since last request: 1.770180 seconds.
  path: Assets/Class8th (Instantiate)/Polygon-Lite Survival Collection/Prefabs/SM_Magazine_For_Army_Pistol_Empty.prefab
  artifactKey: Guid(75684f6054a9a8143b92a740cc80a631) Importer(815301076,1909f56bfc062723c751e8b465ee728b)
Start importing Assets/Class8th (Instantiate)/Polygon-Lite Survival Collection/Prefabs/SM_Magazine_For_Army_Pistol_Empty.prefab using Guid(75684f6054a9a8143b92a740cc80a631) Importer(815301076,1909f56bfc062723c751e8b465ee728b)  -> (artifact id: 'a6d312ca72f0f0f88c9eb6f00f6f814a') in 0.017653 seconds
Number of updated asset objects reloaded before import = 0
Number of asset objects unloaded after import = 10
========================================================================
Received Import Request.
  Time since last request: 3.301350 seconds.
  path: Assets/Class8th (Instantiate)/Polygon-Lite Survival Collection/Prefabs/SM_Pallet_03.prefab
  artifactKey: Guid(29abf24f5c3a0c346920490127e9b6d1) Importer(815301076,1909f56bfc062723c751e8b465ee728b)
Start importing Assets/Class8th (Instantiate)/Polygon-Lite Survival Collection/Prefabs/SM_Pallet_03.prefab using Guid(29abf24f5c3a0c346920490127e9b6d1) Importer(815301076,1909f56bfc062723c751e8b465ee728b)  -> (artifact id: '921a6daf9423f0fed39927b1671da7b2') in 0.023415 seconds
Number of updated asset objects reloaded before import = 0
Number of asset objects unloaded after import = 10
========================================================================
Received Import Request.
  Time since last request: 1.607786 seconds.
  path: Assets/Class8th (Instantiate)/Polygon-Lite Survival Collection/Prefabs/SM_Special_Submachine_Gun_Clean.prefab
  artifactKey: Guid(187759c9ac7a580459dc7f1e1756692c) Importer(815301076,1909f56bfc062723c751e8b465ee728b)
Start importing Assets/Class8th (Instantiate)/Polygon-Lite Survival Collection/Prefabs/SM_Special_Submachine_Gun_Clean.prefab using Guid(187759c9ac7a580459dc7f1e1756692c) Importer(815301076,1909f56bfc062723c751e8b465ee728b)  -> (artifact id: 'be49d6a6beef75c2ab371625e4b79ce8') in 0.024153 seconds
Number of updated asset objects reloaded before import = 0
Number of asset objects unloaded after import = 133
========================================================================
Received Import Request.
  Time since last request: 2.518592 seconds.
  path: Assets/Class8th (Instantiate)/Polygon-Lite Survival Collection/Prefabs/SM_Woods_03.prefab
  artifactKey: Guid(386272c2cd2daf040ade792158663725) Importer(815301076,1909f56bfc062723c751e8b465ee728b)
Start importing Assets/Class8th (Instantiate)/Polygon-Lite Survival Collection/Prefabs/SM_Woods_03.prefab using Guid(386272c2cd2daf040ade792158663725) Importer(815301076,1909f56bfc062723c751e8b465ee728b)  -> (artifact id: 'cc08e052bddf576a68e1a381e31be2ff') in 0.018862 seconds
Number of updated asset objects reloaded before import = 0
Number of asset objects unloaded after import = 10
Editor requested this worker to shutdown with reason: Scaling down because of idle timeout
TcpMessagingSession - receive error: operation aborted. errorcode: 995, details: 스레드 종료 또는 응용 프로그램 요청 때문에 I/O 작업이 취소되었습니다.
AssetImportWorker is now disconnected from the server
Process exiting
Exiting without the bug reporter. Application will terminate with return code 0