Using pre-set license
Built from '2022.3/staging' branch; Version is '2022.3.30f1 (70558241b701) revision 7361922'; Using compiler version '192829333'; Build Type 'Release'
OS: 'Windows 10  (10.0.19045) 64bit Education' Language: 'ko' Physical Memory: 16297 MB
BatchMode: 1, IsHumanControllingUs: 0, StartBugReporterOnCrash: 0, Is64bit: 1, IsPro: 1

COMMAND LINE ARGUMENTS:
C:\Program Files\Unity\Hub\Editor\2022.3.30f1\Editor\Unity.exe
-adb2
-batchMode
-noUpm
-name
AssetImportWorker4
-projectPath
C:/Users/Administrator/Desktop/UnityGame/Game
-logFile
Logs/AssetImportWorker4.log
-srvPort
65033
Successfully changed project path to: C:/Users/Administrator/Desktop/UnityGame/Game
C:/Users/Administrator/Desktop/UnityGame/Game
[UnityMemory] Configuration Parameters - Can be set up in boot.config
    "memorysetup-bucket-allocator-granularity=16"
    "memorysetup-bucket-allocator-bucket-count=8"
    "memorysetup-bucket-allocator-block-size=33554432"
    "memorysetup-bucket-allocator-block-count=8"
    "memorysetup-main-allocator-block-size=16777216"
    "memorysetup-thread-allocator-block-size=16777216"
    "memorysetup-gfx-main-allocator-block-size=16777216"
    "memorysetup-gfx-thread-allocator-block-size=16777216"
    "memorysetup-cache-allocator-block-size=4194304"
    "memorysetup-typetree-allocator-block-size=2097152"
    "memorysetup-profiler-bucket-allocator-granularity=16"
    "memorysetup-profiler-bucket-allocator-bucket-count=8"
    "memorysetup-profiler-bucket-allocator-block-size=33554432"
    "memorysetup-profiler-bucket-allocator-block-count=8"
    "memorysetup-profiler-allocator-block-size=16777216"
    "memorysetup-profiler-editor-allocator-block-size=1048576"
    "memorysetup-temp-allocator-size-main=16777216"
    "memorysetup-job-temp-allocator-block-size=2097152"
    "memorysetup-job-temp-allocator-block-size-background=1048576"
    "memorysetup-job-temp-allocator-reduction-small-platforms=262144"
    "memorysetup-allocator-temp-initial-block-size-main=262144"
    "memorysetup-allocator-temp-initial-block-size-worker=262144"
    "memorysetup-temp-allocator-size-background-worker=32768"
    "memorysetup-temp-allocator-size-job-worker=262144"
    "memorysetup-temp-allocator-size-preload-manager=33554432"
    "memorysetup-temp-allocator-size-nav-mesh-worker=65536"
    "memorysetup-temp-allocator-size-audio-worker=65536"
    "memorysetup-temp-allocator-size-cloud-worker=32768"
    "memorysetup-temp-allocator-size-gi-baking-worker=262144"
    "memorysetup-temp-allocator-size-gfx=262144"
Player connection [23060] Host "[IP] 192.168.0.62 [Port] 0 [Flags] 2 [Guid] 3790765101 [EditorId] 3790765101 [Version] 1048832 [Id] WindowsEditor(7,I-06) [Debug] 1 [PackageName] WindowsEditor [ProjectName] Editor" joined multi-casting on [225.0.0.222:54997]...

Player connection [23060] Host "[IP] 192.168.0.62 [Port] 0 [Flags] 2 [Guid] 3790765101 [EditorId] 3790765101 [Version] 1048832 [Id] WindowsEditor(7,I-06) [Debug] 1 [PackageName] WindowsEditor [ProjectName] Editor" joined alternative multi-casting on [225.0.0.222:34997]...

[Physics::Module] Initialized MultithreadedJobDispatcher with 15 workers.
Refreshing native plugins compatible for Editor in 5.72 ms, found 3 plugins.
Preloading 0 native plugins for Editor in 0.00 ms.
Initialize engine version: 2022.3.30f1 (70558241b701)
[Subsystems] Discovering subsystems at path C:/Program Files/Unity/Hub/Editor/2022.3.30f1/Editor/Data/Resources/UnitySubsystems
[Subsystems] Discovering subsystems at path C:/Users/Administrator/Desktop/UnityGame/Game/Assets
GfxDevice: creating device client; threaded=0; jobified=0
Direct3D:
    Version:  Direct3D 11.0 [level 11.1]
    Renderer: NVIDIA GeForce GTX 1660 (ID=0x2184)
    Vendor:   NVIDIA
    VRAM:     5980 MB
    Driver:   31.0.15.3623
Initialize mono
Mono path[0] = 'C:/Program Files/Unity/Hub/Editor/2022.3.30f1/Editor/Data/Managed'
Mono path[1] = 'C:/Program Files/Unity/Hub/Editor/2022.3.30f1/Editor/Data/MonoBleedingEdge/lib/mono/unityjit-win32'
Mono config path = 'C:/Program Files/Unity/Hub/Editor/2022.3.30f1/Editor/Data/MonoBleedingEdge/etc'
Using monoOptions --debugger-agent=transport=dt_socket,embedding=1,server=y,suspend=n,address=127.0.0.1:56928
Begin MonoManager ReloadAssembly
Registering precompiled unity dll's ...
Register platform support module: C:/Program Files/Unity/Hub/Editor/2022.3.30f1/Editor/Data/PlaybackEngines/WindowsStandaloneSupport/UnityEditor.WindowsStandalone.Extensions.dll
Register platform support module: C:/Program Files/Unity/Hub/Editor/2022.3.30f1/Editor/Data/PlaybackEngines/MetroSupport/UnityEditor.UWP.Extensions.dll
Registered in 0.005473 seconds.
- Loaded All Assemblies, in  0.322 seconds
Native extension for UWP target not found
Native extension for WindowsStandalone target not found
Mono: successfully reloaded assembly
- Finished resetting the current domain, in  0.255 seconds
Domain Reload Profiling: 578ms
	BeginReloadAssembly (100ms)
		ExecutionOrderSort (0ms)
		DisableScriptedObjects (0ms)
		BackupInstance (0ms)
		ReleaseScriptingObjects (0ms)
		CreateAndSetChildDomain (1ms)
	RebuildCommonClasses (30ms)
	RebuildNativeTypeToScriptingClass (10ms)
	initialDomainReloadingComplete (48ms)
	LoadAllAssembliesAndSetupDomain (134ms)
		LoadAssemblies (100ms)
		RebuildTransferFunctionScriptingTraits (0ms)
		AnalyzeDomain (132ms)
			TypeCache.Refresh (131ms)
				TypeCache.ScanAssembly (115ms)
			ScanForSourceGeneratedMonoScriptInfo (0ms)
			ResolveRequiredComponents (0ms)
	FinalizeReload (256ms)
		ReleaseScriptCaches (0ms)
		RebuildScriptCaches (0ms)
		SetupLoadedEditorAssemblies (201ms)
			LogAssemblyErrors (0ms)
			InitializePlatformSupportModulesInManaged (8ms)
			SetLoadedEditorAssemblies (5ms)
			RefreshPlugins (0ms)
			BeforeProcessingInitializeOnLoad (2ms)
			ProcessInitializeOnLoadAttributes (135ms)
			ProcessInitializeOnLoadMethodAttributes (53ms)
			AfterProcessingInitializeOnLoad (0ms)
			EditorAssembliesLoaded (0ms)
		ExecutionOrderSort2 (0ms)
		AwakeInstancesAfterBackupRestoration (0ms)
========================================================================
Worker process is ready to serve import requests
Begin MonoManager ReloadAssembly
- Loaded All Assemblies, in  0.548 seconds
Refreshing native plugins compatible for Editor in 3.16 ms, found 3 plugins.
Native extension for UWP target not found
Native extension for WindowsStandalone target not found
Package Manager log level set to [2]
[Package Manager] Server::EnsureServerProcessIsRunning -- launch failed, reason: Unity was launched with the -noUpm command-line argument
[Package Manager] UpmClient::Send -- Unable to send message (not connected to UPM process).
[Package Manager] Cannot connect to Unity Package Manager local server
Mono: successfully reloaded assembly
- Finished resetting the current domain, in  0.527 seconds
Domain Reload Profiling: 1075ms
	BeginReloadAssembly (140ms)
		ExecutionOrderSort (0ms)
		DisableScriptedObjects (5ms)
		BackupInstance (0ms)
		ReleaseScriptingObjects (0ms)
		CreateAndSetChildDomain (21ms)
	RebuildCommonClasses (30ms)
	RebuildNativeTypeToScriptingClass (10ms)
	initialDomainReloadingComplete (37ms)
	LoadAllAssembliesAndSetupDomain (331ms)
		LoadAssemblies (252ms)
		RebuildTransferFunctionScriptingTraits (0ms)
		AnalyzeDomain (164ms)
			TypeCache.Refresh (144ms)
				TypeCache.ScanAssembly (129ms)
			ScanForSourceGeneratedMonoScriptInfo (12ms)
			ResolveRequiredComponents (5ms)
	FinalizeReload (528ms)
		ReleaseScriptCaches (0ms)
		RebuildScriptCaches (0ms)
		SetupLoadedEditorAssemblies (385ms)
			LogAssemblyErrors (0ms)
			InitializePlatformSupportModulesInManaged (6ms)
			SetLoadedEditorAssemblies (4ms)
			RefreshPlugins (0ms)
			BeforeProcessingInitializeOnLoad (54ms)
			ProcessInitializeOnLoadAttributes (302ms)
			ProcessInitializeOnLoadMethodAttributes (17ms)
			AfterProcessingInitializeOnLoad (3ms)
			EditorAssembliesLoaded (0ms)
		ExecutionOrderSort2 (0ms)
		AwakeInstancesAfterBackupRestoration (11ms)
Launched and connected shader compiler UnityShaderCompiler.exe after 0.03 seconds
Refreshing native plugins compatible for Editor in 2.03 ms, found 3 plugins.
Preloading 0 native plugins for Editor in 0.00 ms.
Unloading 3130 Unused Serialized files (Serialized files now loaded: 0)
Unloading 33 unused Assets / (57.9 KB). Loaded Objects now: 3601.
Memory consumption went from 130.9 MB to 130.9 MB.
Total: 2.506000 ms (FindLiveObjects: 0.230600 ms CreateObjectMapping: 0.178300 ms MarkObjects: 2.013900 ms  DeleteObjects: 0.082600 ms)

AssetImportParameters requested are different than current active one (requested -> active):
  custom:container-demuxer-ogg: 62fdf1f143b41e24485cea50d1cbac27 -> 
  custom:video-decoder-ogg-theora: a1e56fd34408186e4bbccfd4996cb3dc -> 
  custom:framework-win-MediaFoundation: 216162199b28c13a410421893ffa2e32 -> 
  custom:CustomObjectIndexerAttribute: 9a22284fe3817be447336de3de66b15e -> 
  custom:container-demuxer-webm: 4f35f7cbe854078d1ac9338744f61a02 -> 
  custom:container-muxer-webm: aa71ff27fc2769a1b78a27578f13a17b -> 
  custom:video-decoder-webm-vp8: 9c59270c3fd7afecdb556c50c9e8de78 -> 
  custom:SearchIndexIgnoredProperties: e643bd26f0fe6173181afceb89e7c659 -> 
  custom:AudioImporter_EditorPlatform: d09bf68614088b80899f8185d706f6e7 -> 
  custom:video-encoder-webm-vp8: eb34c28f22e8b96e1ab97ce403110664 -> 
  custom:audio-decoder-ogg-vorbis: bf7c407c2cedff20999df2af8eb42d56 -> 
  custom:audio-encoder-webm-vorbis: bf7c407c2cedff20999df2af8eb42d56 -> 
========================================================================
Received Import Request.
  Time since last request: 7883.517817 seconds.
  path: Assets/MainGame/Tale Monster Cube Env/Meshes/Tree_3.asset
  artifactKey: Guid(37d1fba433769b2449855f9bc1e4c0ea) Importer(815301076,1909f56bfc062723c751e8b465ee728b)
Start importing Assets/MainGame/Tale Monster Cube Env/Meshes/Tree_3.asset using Guid(37d1fba433769b2449855f9bc1e4c0ea) Importer(815301076,1909f56bfc062723c751e8b465ee728b)  -> (artifact id: '519c302c3fc240af80215e4bc50dd0bb') in 0.101138 seconds
Number of updated asset objects reloaded before import = 0
Number of asset objects unloaded after import = 2
========================================================================
Received Import Request.
  Time since last request: 1317.630075 seconds.
  path: Assets/Class1th (Gizmo)/Quirky Series Ultimate
  artifactKey: Guid(3afd3a6092a95db4f8d44f38ee8a28f8) Importer(815301076,1909f56bfc062723c751e8b465ee728b)
Start importing Assets/Class1th (Gizmo)/Quirky Series Ultimate using Guid(3afd3a6092a95db4f8d44f38ee8a28f8) Importer(815301076,1909f56bfc062723c751e8b465ee728b)  -> (artifact id: 'a30209f06d638a9cbeb71e89b0915f8e') in 0.000435 seconds
Number of updated asset objects reloaded before import = 0
Number of asset objects unloaded after import = 0
========================================================================
Received Import Request.
  Time since last request: 1.879519 seconds.
  path: Assets/Class1th (Gizmo)/Quirky Series Ultimate/FREE
  artifactKey: Guid(c792f04d58daeb942b61cab4eac9e615) Importer(815301076,1909f56bfc062723c751e8b465ee728b)
Start importing Assets/Class1th (Gizmo)/Quirky Series Ultimate/FREE using Guid(c792f04d58daeb942b61cab4eac9e615) Importer(815301076,1909f56bfc062723c751e8b465ee728b)  -> (artifact id: '85b6716e82fa278bb475aab787037437') in 0.000343 seconds
Number of updated asset objects reloaded before import = 0
Number of asset objects unloaded after import = 0
========================================================================
Received Import Request.
  Time since last request: 1.639133 seconds.
  path: Assets/Class1th (Gizmo)/Quirky Series Ultimate/FREE/Prefabs
  artifactKey: Guid(c8cea6e5a4447a34380c42eeb850c17a) Importer(815301076,1909f56bfc062723c751e8b465ee728b)
Start importing Assets/Class1th (Gizmo)/Quirky Series Ultimate/FREE/Prefabs using Guid(c8cea6e5a4447a34380c42eeb850c17a) Importer(815301076,1909f56bfc062723c751e8b465ee728b)  -> (artifact id: 'aa246f56af83a6c4dd54a668cd5cbba1') in 0.000353 seconds
Number of updated asset objects reloaded before import = 0
Number of asset objects unloaded after import = 0
========================================================================
Received Import Request.
  Time since last request: 0.070970 seconds.
  path: Assets/Class1th (Gizmo)/Quirky Series Ultimate/FREE/Prefabs/Herring.prefab
  artifactKey: Guid(4aa01f1d5c72d4e47a8c44e612a6b6fc) Importer(815301076,1909f56bfc062723c751e8b465ee728b)
Start importing Assets/Class1th (Gizmo)/Quirky Series Ultimate/FREE/Prefabs/Herring.prefab using Guid(4aa01f1d5c72d4e47a8c44e612a6b6fc) Importer(815301076,1909f56bfc062723c751e8b465ee728b)  -> (artifact id: '9f20389c8eec2dcf3363230a9db9204a') in 0.313939 seconds
Number of updated asset objects reloaded before import = 0
Number of asset objects unloaded after import = 124
========================================================================
Received Import Request.
  Time since last request: 0.000018 seconds.
  path: Assets/Class1th (Gizmo)/Quirky Series Ultimate/FREE/Prefabs/Sparrow.prefab
  artifactKey: Guid(ad4137f595ec8e2449cacca9df7d3735) Importer(815301076,1909f56bfc062723c751e8b465ee728b)
Start importing Assets/Class1th (Gizmo)/Quirky Series Ultimate/FREE/Prefabs/Sparrow.prefab using Guid(ad4137f595ec8e2449cacca9df7d3735) Importer(815301076,1909f56bfc062723c751e8b465ee728b)  -> (artifact id: '739af2cdb7c0532774faeb339865640d') in 0.134989 seconds
Number of updated asset objects reloaded before import = 0
Number of asset objects unloaded after import = 129
========================================================================
Received Import Request.
  Time since last request: 0.000046 seconds.
  path: Assets/Class1th (Gizmo)/Quirky Series Ultimate/FREE/Prefabs/Pudu.prefab
  artifactKey: Guid(252ba5fa5d8167e42af72cf97baa830e) Importer(815301076,1909f56bfc062723c751e8b465ee728b)
Start importing Assets/Class1th (Gizmo)/Quirky Series Ultimate/FREE/Prefabs/Pudu.prefab using Guid(252ba5fa5d8167e42af72cf97baa830e) Importer(815301076,1909f56bfc062723c751e8b465ee728b)  -> (artifact id: 'b20223d90a2d8d1bc6e3f64cf4faad0c') in 0.138445 seconds
Number of updated asset objects reloaded before import = 0
Number of asset objects unloaded after import = 126
========================================================================
Received Import Request.
  Time since last request: 158.065532 seconds.
  path: Assets/Class3th (GetComponent)/Hand Painted Stone Texture/Texture/Stone_Ambient_Occlusion.png
  artifactKey: Guid(2ea2b4b58caf5a442bd2bcf1d75e725d) Importer(815301076,1909f56bfc062723c751e8b465ee728b)
Start importing Assets/Class3th (GetComponent)/Hand Painted Stone Texture/Texture/Stone_Ambient_Occlusion.png using Guid(2ea2b4b58caf5a442bd2bcf1d75e725d) Importer(815301076,1909f56bfc062723c751e8b465ee728b)  -> (artifact id: '921b181c18c382a59c74bc3b442649f4') in 0.025565 seconds
Number of updated asset objects reloaded before import = 0
Number of asset objects unloaded after import = 2
========================================================================
Received Import Request.
  Time since last request: 0.000015 seconds.
  path: Assets/Class3th (GetComponent)/Hand Painted Stone Texture/Texture/Stone_Height.png
  artifactKey: Guid(3c7a004c57c50734dbb1e28a97b82e5c) Importer(815301076,1909f56bfc062723c751e8b465ee728b)
Start importing Assets/Class3th (GetComponent)/Hand Painted Stone Texture/Texture/Stone_Height.png using Guid(3c7a004c57c50734dbb1e28a97b82e5c) Importer(815301076,1909f56bfc062723c751e8b465ee728b)  -> (artifact id: 'd40629ca7167dc9caaad68265c15fbfb') in 0.026170 seconds
Number of updated asset objects reloaded before import = 0
Number of asset objects unloaded after import = 2
========================================================================
Received Import Request.
  Time since last request: 0.000015 seconds.
  path: Assets/Class3th (GetComponent)/Hand Painted Stone Texture/Texture/Stone_Normal.png
  artifactKey: Guid(fff10447baa86b44aa549f50f310265a) Importer(815301076,1909f56bfc062723c751e8b465ee728b)
Start importing Assets/Class3th (GetComponent)/Hand Painted Stone Texture/Texture/Stone_Normal.png using Guid(fff10447baa86b44aa549f50f310265a) Importer(815301076,1909f56bfc062723c751e8b465ee728b)  -> (artifact id: '2ec098422ff8a6b060c0085149858be6') in 0.039400 seconds
Number of updated asset objects reloaded before import = 0
Number of asset objects unloaded after import = 2
========================================================================
Received Import Request.
  Time since last request: 0.659313 seconds.
  path: Assets/Class3th (GetComponent)/Hand Painted Stone Texture/Material/Stone_mobile.mat
  artifactKey: Guid(094c835627124fe4bbbaa762d2240cb1) Importer(815301076,1909f56bfc062723c751e8b465ee728b)
Start importing Assets/Class3th (GetComponent)/Hand Painted Stone Texture/Material/Stone_mobile.mat using Guid(094c835627124fe4bbbaa762d2240cb1) Importer(815301076,1909f56bfc062723c751e8b465ee728b)  -> (artifact id: 'ab967dc872ac104764cbf5fecad5d85f') in 0.025597 seconds
Number of updated asset objects reloaded before import = 0
Number of asset objects unloaded after import = 2
========================================================================
Received Import Request.
  Time since last request: 10.493927 seconds.
  path: Assets/Class4th (Translate)/Understone/Free Aircraft Pack/Prefabs
  artifactKey: Guid(b3f2c067101900f4b917735b1cfa7d2d) Importer(815301076,1909f56bfc062723c751e8b465ee728b)
Start importing Assets/Class4th (Translate)/Understone/Free Aircraft Pack/Prefabs using Guid(b3f2c067101900f4b917735b1cfa7d2d) Importer(815301076,1909f56bfc062723c751e8b465ee728b)  -> (artifact id: 'eca8beaf889bb89ccaf2cfef58432c83') in 0.000456 seconds
Number of updated asset objects reloaded before import = 0
Number of asset objects unloaded after import = 0
========================================================================
Received Prepare
Begin MonoManager ReloadAssembly
- Loaded All Assemblies, in  0.373 seconds
Refreshing native plugins compatible for Editor in 2.24 ms, found 3 plugins.
Native extension for UWP target not found
Native extension for WindowsStandalone target not found
[Package Manager] Server::EnsureServerProcessIsRunning -- launch failed, reason: Unity was launched with the -noUpm command-line argument
[Package Manager] UpmClient::Send -- Unable to send message (not connected to UPM process).
[Package Manager] Cannot connect to Unity Package Manager local server
Mono: successfully reloaded assembly
- Finished resetting the current domain, in  0.755 seconds
Domain Reload Profiling: 1127ms
	BeginReloadAssembly (141ms)
		ExecutionOrderSort (0ms)
		DisableScriptedObjects (4ms)
		BackupInstance (0ms)
		ReleaseScriptingObjects (0ms)
		CreateAndSetChildDomain (37ms)
	RebuildCommonClasses (30ms)
	RebuildNativeTypeToScriptingClass (10ms)
	initialDomainReloadingComplete (24ms)
	LoadAllAssembliesAndSetupDomain (167ms)
		LoadAssemblies (228ms)
		RebuildTransferFunctionScriptingTraits (0ms)
		AnalyzeDomain (14ms)
			TypeCache.Refresh (7ms)
				TypeCache.ScanAssembly (0ms)
			ScanForSourceGeneratedMonoScriptInfo (0ms)
			ResolveRequiredComponents (5ms)
	FinalizeReload (755ms)
		ReleaseScriptCaches (0ms)
		RebuildScriptCaches (0ms)
		SetupLoadedEditorAssemblies (374ms)
			LogAssemblyErrors (0ms)
			InitializePlatformSupportModulesInManaged (5ms)
			SetLoadedEditorAssemblies (4ms)
			RefreshPlugins (0ms)
			BeforeProcessingInitializeOnLoad (49ms)
			ProcessInitializeOnLoadAttributes (289ms)
			ProcessInitializeOnLoadMethodAttributes (22ms)
			AfterProcessingInitializeOnLoad (4ms)
			EditorAssembliesLoaded (0ms)
		ExecutionOrderSort2 (0ms)
		AwakeInstancesAfterBackupRestoration (15ms)
Refreshing native plugins compatible for Editor in 2.75 ms, found 3 plugins.
Preloading 0 native plugins for Editor in 0.00 ms.
Unloading 3118 Unused Serialized files (Serialized files now loaded: 0)
Unloading 24 unused Assets / (31.6 KB). Loaded Objects now: 3653.
Memory consumption went from 134.8 MB to 134.8 MB.
Total: 3.030000 ms (FindLiveObjects: 0.260400 ms CreateObjectMapping: 0.212600 ms MarkObjects: 2.507800 ms  DeleteObjects: 0.048400 ms)

Prepare: number of updated asset objects reloaded= 0
AssetImportParameters requested are different than current active one (requested -> active):
  custom:container-demuxer-ogg: 62fdf1f143b41e24485cea50d1cbac27 -> 
  custom:video-decoder-ogg-theora: a1e56fd34408186e4bbccfd4996cb3dc -> 
  custom:framework-win-MediaFoundation: 216162199b28c13a410421893ffa2e32 -> 
  custom:CustomObjectIndexerAttribute: 9a22284fe3817be447336de3de66b15e -> 
  custom:container-demuxer-webm: 4f35f7cbe854078d1ac9338744f61a02 -> 
  custom:container-muxer-webm: aa71ff27fc2769a1b78a27578f13a17b -> 
  custom:video-decoder-webm-vp8: 9c59270c3fd7afecdb556c50c9e8de78 -> 
  custom:SearchIndexIgnoredProperties: e643bd26f0fe6173181afceb89e7c659 -> 
  custom:AudioImporter_EditorPlatform: d09bf68614088b80899f8185d706f6e7 -> 
  custom:video-encoder-webm-vp8: eb34c28f22e8b96e1ab97ce403110664 -> 
  custom:audio-decoder-ogg-vorbis: bf7c407c2cedff20999df2af8eb42d56 -> 
  custom:audio-encoder-webm-vorbis: bf7c407c2cedff20999df2af8eb42d56 -> 
