Using pre-set license
Built from '2022.3/staging' branch; Version is '2022.3.30f1 (70558241b701) revision 7361922'; Using compiler version '192829333'; Build Type 'Release'
OS: 'Windows 10  (10.0.19045) 64bit Education' Language: 'ko' Physical Memory: 16297 MB
BatchMode: 1, IsHumanControllingUs: 0, StartBugReporterOnCrash: 0, Is64bit: 1, IsPro: 1

COMMAND LINE ARGUMENTS:
C:\Program Files\Unity\Hub\Editor\2022.3.30f1\Editor\Unity.exe
-adb2
-batchMode
-noUpm
-name
AssetImportWorker1
-projectPath
C:/Users/Administrator/Desktop/UnityGame/Game
-logFile
Logs/AssetImportWorker1.log
-srvPort
65357
Successfully changed project path to: C:/Users/Administrator/Desktop/UnityGame/Game
C:/Users/Administrator/Desktop/UnityGame/Game
[UnityMemory] Configuration Parameters - Can be set up in boot.config
    "memorysetup-bucket-allocator-granularity=16"
    "memorysetup-bucket-allocator-bucket-count=8"
    "memorysetup-bucket-allocator-block-size=33554432"
    "memorysetup-bucket-allocator-block-count=8"
    "memorysetup-main-allocator-block-size=16777216"
    "memorysetup-thread-allocator-block-size=16777216"
    "memorysetup-gfx-main-allocator-block-size=16777216"
    "memorysetup-gfx-thread-allocator-block-size=16777216"
    "memorysetup-cache-allocator-block-size=4194304"
    "memorysetup-typetree-allocator-block-size=2097152"
    "memorysetup-profiler-bucket-allocator-granularity=16"
    "memorysetup-profiler-bucket-allocator-bucket-count=8"
    "memorysetup-profiler-bucket-allocator-block-size=33554432"
    "memorysetup-profiler-bucket-allocator-block-count=8"
    "memorysetup-profiler-allocator-block-size=16777216"
    "memorysetup-profiler-editor-allocator-block-size=1048576"
    "memorysetup-temp-allocator-size-main=16777216"
    "memorysetup-job-temp-allocator-block-size=2097152"
    "memorysetup-job-temp-allocator-block-size-background=1048576"
    "memorysetup-job-temp-allocator-reduction-small-platforms=262144"
    "memorysetup-allocator-temp-initial-block-size-main=262144"
    "memorysetup-allocator-temp-initial-block-size-worker=262144"
    "memorysetup-temp-allocator-size-background-worker=32768"
    "memorysetup-temp-allocator-size-job-worker=262144"
    "memorysetup-temp-allocator-size-preload-manager=33554432"
    "memorysetup-temp-allocator-size-nav-mesh-worker=65536"
    "memorysetup-temp-allocator-size-audio-worker=65536"
    "memorysetup-temp-allocator-size-cloud-worker=32768"
    "memorysetup-temp-allocator-size-gi-baking-worker=262144"
    "memorysetup-temp-allocator-size-gfx=262144"
Player connection [5388] Host "[IP] 192.168.0.62 [Port] 0 [Flags] 2 [Guid] 1195282550 [EditorId] 1195282550 [Version] 1048832 [Id] WindowsEditor(7,I-06) [Debug] 1 [PackageName] WindowsEditor [ProjectName] Editor" joined multi-casting on [225.0.0.222:54997]...

Player connection [5388] Host "[IP] 192.168.0.62 [Port] 0 [Flags] 2 [Guid] 1195282550 [EditorId] 1195282550 [Version] 1048832 [Id] WindowsEditor(7,I-06) [Debug] 1 [PackageName] WindowsEditor [ProjectName] Editor" joined alternative multi-casting on [225.0.0.222:34997]...

[Physics::Module] Initialized MultithreadedJobDispatcher with 15 workers.
Refreshing native plugins compatible for Editor in 5.58 ms, found 3 plugins.
Preloading 0 native plugins for Editor in 0.00 ms.
Initialize engine version: 2022.3.30f1 (70558241b701)
[Subsystems] Discovering subsystems at path C:/Program Files/Unity/Hub/Editor/2022.3.30f1/Editor/Data/Resources/UnitySubsystems
[Subsystems] Discovering subsystems at path C:/Users/Administrator/Desktop/UnityGame/Game/Assets
GfxDevice: creating device client; threaded=0; jobified=0
Direct3D:
    Version:  Direct3D 11.0 [level 11.1]
    Renderer: NVIDIA GeForce GTX 1660 (ID=0x2184)
    Vendor:   NVIDIA
    VRAM:     5980 MB
    Driver:   31.0.15.3623
Initialize mono
Mono path[0] = 'C:/Program Files/Unity/Hub/Editor/2022.3.30f1/Editor/Data/Managed'
Mono path[1] = 'C:/Program Files/Unity/Hub/Editor/2022.3.30f1/Editor/Data/MonoBleedingEdge/lib/mono/unityjit-win32'
Mono config path = 'C:/Program Files/Unity/Hub/Editor/2022.3.30f1/Editor/Data/MonoBleedingEdge/etc'
Using monoOptions --debugger-agent=transport=dt_socket,embedding=1,server=y,suspend=n,address=127.0.0.1:56600
Begin MonoManager ReloadAssembly
Registering precompiled unity dll's ...
Register platform support module: C:/Program Files/Unity/Hub/Editor/2022.3.30f1/Editor/Data/PlaybackEngines/WindowsStandaloneSupport/UnityEditor.WindowsStandalone.Extensions.dll
Register platform support module: C:/Program Files/Unity/Hub/Editor/2022.3.30f1/Editor/Data/PlaybackEngines/MetroSupport/UnityEditor.UWP.Extensions.dll
Registered in 0.006241 seconds.
- Loaded All Assemblies, in  0.324 seconds
Native extension for UWP target not found
Native extension for WindowsStandalone target not found
Mono: successfully reloaded assembly
- Finished resetting the current domain, in  0.244 seconds
Domain Reload Profiling: 569ms
	BeginReloadAssembly (100ms)
		ExecutionOrderSort (0ms)
		DisableScriptedObjects (0ms)
		BackupInstance (0ms)
		ReleaseScriptingObjects (0ms)
		CreateAndSetChildDomain (1ms)
	RebuildCommonClasses (33ms)
	RebuildNativeTypeToScriptingClass (17ms)
	initialDomainReloadingComplete (50ms)
	LoadAllAssembliesAndSetupDomain (125ms)
		LoadAssemblies (99ms)
		RebuildTransferFunctionScriptingTraits (0ms)
		AnalyzeDomain (123ms)
			TypeCache.Refresh (122ms)
				TypeCache.ScanAssembly (109ms)
			ScanForSourceGeneratedMonoScriptInfo (0ms)
			ResolveRequiredComponents (0ms)
	FinalizeReload (245ms)
		ReleaseScriptCaches (0ms)
		RebuildScriptCaches (0ms)
		SetupLoadedEditorAssemblies (195ms)
			LogAssemblyErrors (0ms)
			InitializePlatformSupportModulesInManaged (7ms)
			SetLoadedEditorAssemblies (5ms)
			RefreshPlugins (0ms)
			BeforeProcessingInitializeOnLoad (2ms)
			ProcessInitializeOnLoadAttributes (130ms)
			ProcessInitializeOnLoadMethodAttributes (52ms)
			AfterProcessingInitializeOnLoad (0ms)
			EditorAssembliesLoaded (0ms)
		ExecutionOrderSort2 (0ms)
		AwakeInstancesAfterBackupRestoration (0ms)
========================================================================
Worker process is ready to serve import requests
Begin MonoManager ReloadAssembly
- Loaded All Assemblies, in  0.548 seconds
Refreshing native plugins compatible for Editor in 2.19 ms, found 3 plugins.
Native extension for UWP target not found
Native extension for WindowsStandalone target not found
Package Manager log level set to [2]
[Package Manager] Server::EnsureServerProcessIsRunning -- launch failed, reason: Unity was launched with the -noUpm command-line argument
[Package Manager] UpmClient::Send -- Unable to send message (not connected to UPM process).
[Package Manager] Cannot connect to Unity Package Manager local server
Mono: successfully reloaded assembly
- Finished resetting the current domain, in  0.497 seconds
Domain Reload Profiling: 1044ms
	BeginReloadAssembly (144ms)
		ExecutionOrderSort (0ms)
		DisableScriptedObjects (5ms)
		BackupInstance (0ms)
		ReleaseScriptingObjects (0ms)
		CreateAndSetChildDomain (18ms)
	RebuildCommonClasses (41ms)
	RebuildNativeTypeToScriptingClass (11ms)
	initialDomainReloadingComplete (34ms)
	LoadAllAssembliesAndSetupDomain (316ms)
		LoadAssemblies (233ms)
		RebuildTransferFunctionScriptingTraits (0ms)
		AnalyzeDomain (162ms)
			TypeCache.Refresh (137ms)
				TypeCache.ScanAssembly (125ms)
			ScanForSourceGeneratedMonoScriptInfo (16ms)
			ResolveRequiredComponents (7ms)
	FinalizeReload (497ms)
		ReleaseScriptCaches (0ms)
		RebuildScriptCaches (0ms)
		SetupLoadedEditorAssemblies (366ms)
			LogAssemblyErrors (0ms)
			InitializePlatformSupportModulesInManaged (5ms)
			SetLoadedEditorAssemblies (4ms)
			RefreshPlugins (0ms)
			BeforeProcessingInitializeOnLoad (46ms)
			ProcessInitializeOnLoadAttributes (291ms)
			ProcessInitializeOnLoadMethodAttributes (18ms)
			AfterProcessingInitializeOnLoad (3ms)
			EditorAssembliesLoaded (0ms)
		ExecutionOrderSort2 (0ms)
		AwakeInstancesAfterBackupRestoration (11ms)
Launched and connected shader compiler UnityShaderCompiler.exe after 0.03 seconds
Refreshing native plugins compatible for Editor in 2.17 ms, found 3 plugins.
Preloading 0 native plugins for Editor in 0.00 ms.
Unloading 3122 Unused Serialized files (Serialized files now loaded: 0)
Unloading 33 unused Assets / (57.8 KB). Loaded Objects now: 3593.
Memory consumption went from 130.9 MB to 130.8 MB.
Total: 2.792300 ms (FindLiveObjects: 0.242000 ms CreateObjectMapping: 0.196800 ms MarkObjects: 2.262700 ms  DeleteObjects: 0.090100 ms)

AssetImportParameters requested are different than current active one (requested -> active):
  custom:container-demuxer-ogg: 62fdf1f143b41e24485cea50d1cbac27 -> 
  custom:video-decoder-ogg-theora: a1e56fd34408186e4bbccfd4996cb3dc -> 
  custom:framework-win-MediaFoundation: 216162199b28c13a410421893ffa2e32 -> 
  custom:CustomObjectIndexerAttribute: 9a22284fe3817be447336de3de66b15e -> 
  custom:container-demuxer-webm: 4f35f7cbe854078d1ac9338744f61a02 -> 
  custom:container-muxer-webm: aa71ff27fc2769a1b78a27578f13a17b -> 
  custom:video-decoder-webm-vp8: 9c59270c3fd7afecdb556c50c9e8de78 -> 
  custom:SearchIndexIgnoredProperties: e643bd26f0fe6173181afceb89e7c659 -> 
  custom:AudioImporter_EditorPlatform: d09bf68614088b80899f8185d706f6e7 -> 
  custom:video-encoder-webm-vp8: eb34c28f22e8b96e1ab97ce403110664 -> 
  custom:audio-decoder-ogg-vorbis: bf7c407c2cedff20999df2af8eb42d56 -> 
  custom:audio-encoder-webm-vorbis: bf7c407c2cedff20999df2af8eb42d56 -> 
========================================================================
Received Import Request.
  Time since last request: 8083.994856 seconds.
  path: Assets/MainGame/3D Sprite Sci-Fi Props/SpriteProps_Materials/SpriteProps_Green.mat
  artifactKey: Guid(1a63d72c6152ef54493960acf859fc4a) Importer(815301076,1909f56bfc062723c751e8b465ee728b)
Start importing Assets/MainGame/3D Sprite Sci-Fi Props/SpriteProps_Materials/SpriteProps_Green.mat using Guid(1a63d72c6152ef54493960acf859fc4a) Importer(815301076,1909f56bfc062723c751e8b465ee728b)  -> (artifact id: '22ab79583bfaecdadf3f61e6ff2dd593') in 0.102807 seconds
Number of updated asset objects reloaded before import = 0
Number of asset objects unloaded after import = 3
========================================================================
Received Import Request.
  Time since last request: 2.061243 seconds.
  path: Assets/MainGame/3D Sprite Sci-Fi Props/SpriteProps_Models/Barrel_Small.fbx
  artifactKey: Guid(4d7240e7812980f478cf3d2da1aa867b) Importer(815301076,1909f56bfc062723c751e8b465ee728b)
Start importing Assets/MainGame/3D Sprite Sci-Fi Props/SpriteProps_Models/Barrel_Small.fbx using Guid(4d7240e7812980f478cf3d2da1aa867b) Importer(815301076,1909f56bfc062723c751e8b465ee728b)  -> (artifact id: '62163c8be9acc6926e12bc74dd5389f4') in 0.036084 seconds
Number of updated asset objects reloaded before import = 0
Number of asset objects unloaded after import = 7
========================================================================
Received Import Request.
  Time since last request: 0.000035 seconds.
  path: Assets/MainGame/3D Sprite Sci-Fi Props/SpriteProps_Models/Cube_Large.fbx
  artifactKey: Guid(98631f972d2925141a2dcee745a587f1) Importer(815301076,1909f56bfc062723c751e8b465ee728b)
Start importing Assets/MainGame/3D Sprite Sci-Fi Props/SpriteProps_Models/Cube_Large.fbx using Guid(98631f972d2925141a2dcee745a587f1) Importer(815301076,1909f56bfc062723c751e8b465ee728b)  -> (artifact id: '791e12278b54e2e6e9a32556787f02ce') in 0.015841 seconds
Number of updated asset objects reloaded before import = 0
Number of asset objects unloaded after import = 7
========================================================================
Received Import Request.
  Time since last request: 0.000022 seconds.
  path: Assets/MainGame/3D Sprite Sci-Fi Props/SpriteProps_Models/Cube_Small.fbx
  artifactKey: Guid(3a317b573d2a8244fa3259cbaca7c5c8) Importer(815301076,1909f56bfc062723c751e8b465ee728b)
Start importing Assets/MainGame/3D Sprite Sci-Fi Props/SpriteProps_Models/Cube_Small.fbx using Guid(3a317b573d2a8244fa3259cbaca7c5c8) Importer(815301076,1909f56bfc062723c751e8b465ee728b)  -> (artifact id: 'd1abad6d98565c73e3cfa98b92b1712e') in 0.017259 seconds
Number of updated asset objects reloaded before import = 0
Number of asset objects unloaded after import = 7
========================================================================
Received Import Request.
  Time since last request: 0.000025 seconds.
  path: Assets/MainGame/3D Sprite Sci-Fi Props/SpriteProps_Models/Hazard_Bottle.fbx
  artifactKey: Guid(8853f3c912d681e4fa33865caa20759b) Importer(815301076,1909f56bfc062723c751e8b465ee728b)
Start importing Assets/MainGame/3D Sprite Sci-Fi Props/SpriteProps_Models/Hazard_Bottle.fbx using Guid(8853f3c912d681e4fa33865caa20759b) Importer(815301076,1909f56bfc062723c751e8b465ee728b)  -> (artifact id: '1ada8f9afeb66d5e8c7ba68ed0f8ded0') in 0.015904 seconds
Number of updated asset objects reloaded before import = 0
Number of asset objects unloaded after import = 7
========================================================================
Received Import Request.
  Time since last request: 0.000032 seconds.
  path: Assets/MainGame/3D Sprite Sci-Fi Props/SpriteProps_Models/PipeSmall.fbx
  artifactKey: Guid(28962e802dc07ed4b9bad6793f36b32d) Importer(815301076,1909f56bfc062723c751e8b465ee728b)
Start importing Assets/MainGame/3D Sprite Sci-Fi Props/SpriteProps_Models/PipeSmall.fbx using Guid(28962e802dc07ed4b9bad6793f36b32d) Importer(815301076,1909f56bfc062723c751e8b465ee728b)  -> (artifact id: '8e3ae77fa6f3141b227192c78a967c51') in 0.017405 seconds
Number of updated asset objects reloaded before import = 0
Number of asset objects unloaded after import = 7
========================================================================
Received Import Request.
  Time since last request: 0.000054 seconds.
  path: Assets/MainGame/3D Sprite Sci-Fi Props/SpriteProps_Models/Monitor.fbx
  artifactKey: Guid(62e6c33a1788778409c1728e51065f60) Importer(815301076,1909f56bfc062723c751e8b465ee728b)
Start importing Assets/MainGame/3D Sprite Sci-Fi Props/SpriteProps_Models/Monitor.fbx using Guid(62e6c33a1788778409c1728e51065f60) Importer(815301076,1909f56bfc062723c751e8b465ee728b)  -> (artifact id: 'aa50f2e980aff493ef11531acde7f83d') in 0.017109 seconds
Number of updated asset objects reloaded before import = 0
Number of asset objects unloaded after import = 7
========================================================================
Received Import Request.
  Time since last request: 1.729366 seconds.
  path: Assets/MainGame/3D Sprite Sci-Fi Props/SpritePropsDemo/ReflectionProbe-1.exr
  artifactKey: Guid(2a57967e1510beb43901bd3e9bb859ab) Importer(815301076,1909f56bfc062723c751e8b465ee728b)
Start importing Assets/MainGame/3D Sprite Sci-Fi Props/SpritePropsDemo/ReflectionProbe-1.exr using Guid(2a57967e1510beb43901bd3e9bb859ab) Importer(815301076,1909f56bfc062723c751e8b465ee728b)  -> (artifact id: '6d4b57265a26f42027aea19241e71eb0') in 0.026691 seconds
Number of updated asset objects reloaded before import = 0
Number of asset objects unloaded after import = 1
========================================================================
Received Import Request.
  Time since last request: 1.961363 seconds.
  path: Assets/MainGame/3D Sprite Sci-Fi Props/SpriteProps_Textures/Assets_Purple.png
  artifactKey: Guid(31c6dd87ad55e264791da6f82c245bbc) Importer(815301076,1909f56bfc062723c751e8b465ee728b)
Start importing Assets/MainGame/3D Sprite Sci-Fi Props/SpriteProps_Textures/Assets_Purple.png using Guid(31c6dd87ad55e264791da6f82c245bbc) Importer(815301076,1909f56bfc062723c751e8b465ee728b)  -> (artifact id: '1b27f0c1fb0172c9336369cc67e692c2') in 0.038900 seconds
Number of updated asset objects reloaded before import = 0
Number of asset objects unloaded after import = 2
========================================================================
Received Import Request.
  Time since last request: 0.000016 seconds.
  path: Assets/MainGame/3D Sprite Sci-Fi Props/SpriteProps_Textures/Lightmap_Yellow.png
  artifactKey: Guid(250a591bb1d240a42a9f23083b58f817) Importer(815301076,1909f56bfc062723c751e8b465ee728b)
Start importing Assets/MainGame/3D Sprite Sci-Fi Props/SpriteProps_Textures/Lightmap_Yellow.png using Guid(250a591bb1d240a42a9f23083b58f817) Importer(815301076,1909f56bfc062723c751e8b465ee728b)  -> (artifact id: 'a1b9d2930f8353abfcdfb10c12679d0f') in 0.019930 seconds
Number of updated asset objects reloaded before import = 0
Number of asset objects unloaded after import = 2
========================================================================
Received Import Request.
  Time since last request: 0.000016 seconds.
  path: Assets/MainGame/3D Sprite Sci-Fi Props/SpriteProps_Textures/Lightmap_Green.png
  artifactKey: Guid(1d1faa3bc3e287240b38c7e3cb21d7ee) Importer(815301076,1909f56bfc062723c751e8b465ee728b)
Start importing Assets/MainGame/3D Sprite Sci-Fi Props/SpriteProps_Textures/Lightmap_Green.png using Guid(1d1faa3bc3e287240b38c7e3cb21d7ee) Importer(815301076,1909f56bfc062723c751e8b465ee728b)  -> (artifact id: '49419c4ddd7439149e407255b4474f0a') in 0.011180 seconds
Number of updated asset objects reloaded before import = 0
Number of asset objects unloaded after import = 2
========================================================================
Received Import Request.
  Time since last request: 3.377684 seconds.
  path: Assets/MainGame/3D Sprite Sci-Fi Props/SpriteProps_Prefabs/SpriteProps_Yellow/Cube_Large_Yellow.prefab
  artifactKey: Guid(075a9dbdf31be03428ccfd6f1e8c1729) Importer(815301076,1909f56bfc062723c751e8b465ee728b)
Start importing Assets/MainGame/3D Sprite Sci-Fi Props/SpriteProps_Prefabs/SpriteProps_Yellow/Cube_Large_Yellow.prefab using Guid(075a9dbdf31be03428ccfd6f1e8c1729) Importer(815301076,1909f56bfc062723c751e8b465ee728b)  -> (artifact id: '2633522b3d76a35b0095fc15421a565a') in 0.016012 seconds
Number of updated asset objects reloaded before import = 0
Number of asset objects unloaded after import = 11
========================================================================
Received Import Request.
  Time since last request: 0.000019 seconds.
  path: Assets/MainGame/3D Sprite Sci-Fi Props/SpriteProps_Prefabs/SpriteProps_Yellow/Hazard_Bottle_Yellow.prefab
  artifactKey: Guid(dbd5c20b8c0577f46a4726c6d5a37c41) Importer(815301076,1909f56bfc062723c751e8b465ee728b)
Start importing Assets/MainGame/3D Sprite Sci-Fi Props/SpriteProps_Prefabs/SpriteProps_Yellow/Hazard_Bottle_Yellow.prefab using Guid(dbd5c20b8c0577f46a4726c6d5a37c41) Importer(815301076,1909f56bfc062723c751e8b465ee728b)  -> (artifact id: '36a11ae2fef53bd5e17cb3c29ff0406f') in 0.023118 seconds
Number of updated asset objects reloaded before import = 0
Number of asset objects unloaded after import = 11
========================================================================
Received Import Request.
  Time since last request: 0.000015 seconds.
  path: Assets/MainGame/3D Sprite Sci-Fi Props/SpriteProps_Prefabs/SpriteProps_Yellow/Monitor_Yellow.prefab
  artifactKey: Guid(8e8b8bef0e9378d44b81c5847816ebf0) Importer(815301076,1909f56bfc062723c751e8b465ee728b)
Start importing Assets/MainGame/3D Sprite Sci-Fi Props/SpriteProps_Prefabs/SpriteProps_Yellow/Monitor_Yellow.prefab using Guid(8e8b8bef0e9378d44b81c5847816ebf0) Importer(815301076,1909f56bfc062723c751e8b465ee728b)  -> (artifact id: '9d8004333c439f48dd8880c3ea61f14e') in 0.019156 seconds
Number of updated asset objects reloaded before import = 0
Number of asset objects unloaded after import = 11
========================================================================
Received Import Request.
  Time since last request: 0.000027 seconds.
  path: Assets/MainGame/3D Sprite Sci-Fi Props/SpriteProps_Prefabs/SpriteProps_Yellow/PipeSmall_Yellow.prefab
  artifactKey: Guid(cb9778996dd12004fa66e115b90733b3) Importer(815301076,1909f56bfc062723c751e8b465ee728b)
Start importing Assets/MainGame/3D Sprite Sci-Fi Props/SpriteProps_Prefabs/SpriteProps_Yellow/PipeSmall_Yellow.prefab using Guid(cb9778996dd12004fa66e115b90733b3) Importer(815301076,1909f56bfc062723c751e8b465ee728b)  -> (artifact id: 'f6cac516c2094c2985ffa6b8fc8ee29a') in 0.011884 seconds
Number of updated asset objects reloaded before import = 0
Number of asset objects unloaded after import = 11
========================================================================
Received Import Request.
  Time since last request: 5.820378 seconds.
  path: Assets/MainGame/3D Sprite Sci-Fi Props/SpriteProps_Prefabs/SpriteProps_Purple/Cube_Large_Purple.prefab
  artifactKey: Guid(d70d633346f48ad4788e771dd4551997) Importer(815301076,1909f56bfc062723c751e8b465ee728b)
Start importing Assets/MainGame/3D Sprite Sci-Fi Props/SpriteProps_Prefabs/SpriteProps_Purple/Cube_Large_Purple.prefab using Guid(d70d633346f48ad4788e771dd4551997) Importer(815301076,1909f56bfc062723c751e8b465ee728b)  -> (artifact id: '88663815295faf09c51fdff2279b282a') in 0.014616 seconds
Number of updated asset objects reloaded before import = 0
Number of asset objects unloaded after import = 11
========================================================================
Received Import Request.
  Time since last request: 0.000026 seconds.
  path: Assets/MainGame/3D Sprite Sci-Fi Props/SpriteProps_Prefabs/SpriteProps_Purple/Hazard_Bottle_Purple.prefab
  artifactKey: Guid(6f2312a195acd104e9dcddfe0948dc1b) Importer(815301076,1909f56bfc062723c751e8b465ee728b)
Start importing Assets/MainGame/3D Sprite Sci-Fi Props/SpriteProps_Prefabs/SpriteProps_Purple/Hazard_Bottle_Purple.prefab using Guid(6f2312a195acd104e9dcddfe0948dc1b) Importer(815301076,1909f56bfc062723c751e8b465ee728b)  -> (artifact id: 'a1c126913ac5af6b921646b336ff0314') in 0.024237 seconds
Number of updated asset objects reloaded before import = 0
Number of asset objects unloaded after import = 11
========================================================================
Received Import Request.
  Time since last request: 0.000045 seconds.
  path: Assets/MainGame/3D Sprite Sci-Fi Props/SpriteProps_Prefabs/SpriteProps_Purple/Monitor_Purple.prefab
  artifactKey: Guid(453ce23896e2e4d4d9fb170acabfbcbd) Importer(815301076,1909f56bfc062723c751e8b465ee728b)
Start importing Assets/MainGame/3D Sprite Sci-Fi Props/SpriteProps_Prefabs/SpriteProps_Purple/Monitor_Purple.prefab using Guid(453ce23896e2e4d4d9fb170acabfbcbd) Importer(815301076,1909f56bfc062723c751e8b465ee728b)  -> (artifact id: '746a437729639efe144ccd06b3476a46') in 0.018452 seconds
Number of updated asset objects reloaded before import = 0
Number of asset objects unloaded after import = 11
========================================================================
Received Import Request.
  Time since last request: 13.114671 seconds.
  path: Assets/MainGame/3D Sprite Sci-Fi Props/SpriteProps_Prefabs/SpriteProps_Blue/Cube_Large_Blue.prefab
  artifactKey: Guid(3a067ef09e75c36439746dbf04d53727) Importer(815301076,1909f56bfc062723c751e8b465ee728b)
Start importing Assets/MainGame/3D Sprite Sci-Fi Props/SpriteProps_Prefabs/SpriteProps_Blue/Cube_Large_Blue.prefab using Guid(3a067ef09e75c36439746dbf04d53727) Importer(815301076,1909f56bfc062723c751e8b465ee728b)  -> (artifact id: '890d3a2e87c054ffd9042ab6badf2036') in 0.013508 seconds
Number of updated asset objects reloaded before import = 0
Number of asset objects unloaded after import = 11
========================================================================
Received Import Request.
  Time since last request: 0.000015 seconds.
  path: Assets/MainGame/3D Sprite Sci-Fi Props/SpriteProps_Prefabs/SpriteProps_Blue/Cube_Small_Blue.prefab
  artifactKey: Guid(8f9acdc682b314f45b8f74950788f334) Importer(815301076,1909f56bfc062723c751e8b465ee728b)
Start importing Assets/MainGame/3D Sprite Sci-Fi Props/SpriteProps_Prefabs/SpriteProps_Blue/Cube_Small_Blue.prefab using Guid(8f9acdc682b314f45b8f74950788f334) Importer(815301076,1909f56bfc062723c751e8b465ee728b)  -> (artifact id: 'c2a6abfabde5148bf55bab33be472c8a') in 0.012300 seconds
Number of updated asset objects reloaded before import = 0
Number of asset objects unloaded after import = 11
========================================================================
Received Import Request.
  Time since last request: 0.000018 seconds.
  path: Assets/MainGame/3D Sprite Sci-Fi Props/SpriteProps_Prefabs/SpriteProps_Blue/Hazard_Bottle_Blue.prefab
  artifactKey: Guid(7641ec7713947a24f800351cfb49992b) Importer(815301076,1909f56bfc062723c751e8b465ee728b)
Start importing Assets/MainGame/3D Sprite Sci-Fi Props/SpriteProps_Prefabs/SpriteProps_Blue/Hazard_Bottle_Blue.prefab using Guid(7641ec7713947a24f800351cfb49992b) Importer(815301076,1909f56bfc062723c751e8b465ee728b)  -> (artifact id: '07c48515e63b48f0eb174324cb0e9612') in 0.012944 seconds
Number of updated asset objects reloaded before import = 0
Number of asset objects unloaded after import = 11
========================================================================
Received Import Request.
  Time since last request: 9.333787 seconds.
  path: Assets/MainGame/3D Sprite Sci-Fi Props/SpriteProps_Prefabs/SpriteProps_Green/Cube_Large_Green.prefab
  artifactKey: Guid(a71ff773ea6039c4aba7d0d2c6d849ea) Importer(815301076,1909f56bfc062723c751e8b465ee728b)
Start importing Assets/MainGame/3D Sprite Sci-Fi Props/SpriteProps_Prefabs/SpriteProps_Green/Cube_Large_Green.prefab using Guid(a71ff773ea6039c4aba7d0d2c6d849ea) Importer(815301076,1909f56bfc062723c751e8b465ee728b)  -> (artifact id: '30b5c04e57c6fdcd82c6bf122571b9a5') in 0.019804 seconds
Number of updated asset objects reloaded before import = 0
Number of asset objects unloaded after import = 11
========================================================================
Received Import Request.
  Time since last request: 0.000014 seconds.
  path: Assets/MainGame/3D Sprite Sci-Fi Props/SpriteProps_Prefabs/SpriteProps_Green/PipeJointSmall_Green.prefab
  artifactKey: Guid(9d1f6efdc9f897f489d34bdcf9abe87c) Importer(815301076,1909f56bfc062723c751e8b465ee728b)
Start importing Assets/MainGame/3D Sprite Sci-Fi Props/SpriteProps_Prefabs/SpriteProps_Green/PipeJointSmall_Green.prefab using Guid(9d1f6efdc9f897f489d34bdcf9abe87c) Importer(815301076,1909f56bfc062723c751e8b465ee728b)  -> (artifact id: '8f249c99939df50055076eabef0ae2a1') in 0.017199 seconds
Number of updated asset objects reloaded before import = 0
Number of asset objects unloaded after import = 11
========================================================================
Received Import Request.
  Time since last request: 0.000018 seconds.
  path: Assets/MainGame/3D Sprite Sci-Fi Props/SpriteProps_Prefabs/SpriteProps_Green/Cube_Small_Green.prefab
  artifactKey: Guid(82a745fbbad1c874b8a6f1e02af246a2) Importer(815301076,1909f56bfc062723c751e8b465ee728b)
Start importing Assets/MainGame/3D Sprite Sci-Fi Props/SpriteProps_Prefabs/SpriteProps_Green/Cube_Small_Green.prefab using Guid(82a745fbbad1c874b8a6f1e02af246a2) Importer(815301076,1909f56bfc062723c751e8b465ee728b)  -> (artifact id: '6cae01668a1cd025fc2332daeaf2150d') in 0.013068 seconds
Number of updated asset objects reloaded before import = 0
Number of asset objects unloaded after import = 11
========================================================================
Received Import Request.
  Time since last request: 11.323523 seconds.
  path: Assets/MainGame/3D Sprite Sci-Fi Props/SpriteProps_Prefabs/SpriteProps_Red/Cube_Large_Red.prefab
  artifactKey: Guid(029fc81f01c385646a6cdb0127ed8334) Importer(815301076,1909f56bfc062723c751e8b465ee728b)
Start importing Assets/MainGame/3D Sprite Sci-Fi Props/SpriteProps_Prefabs/SpriteProps_Red/Cube_Large_Red.prefab using Guid(029fc81f01c385646a6cdb0127ed8334) Importer(815301076,1909f56bfc062723c751e8b465ee728b)  -> (artifact id: '052c5898f46a4592389d87add02905af') in 0.012252 seconds
Number of updated asset objects reloaded before import = 0
Number of asset objects unloaded after import = 11
========================================================================
Received Import Request.
  Time since last request: 0.000037 seconds.
  path: Assets/MainGame/3D Sprite Sci-Fi Props/SpriteProps_Prefabs/SpriteProps_Red/PipeJointMedium_Red.prefab
  artifactKey: Guid(12064263941feb547b694aeb92cb5f54) Importer(815301076,1909f56bfc062723c751e8b465ee728b)
Start importing Assets/MainGame/3D Sprite Sci-Fi Props/SpriteProps_Prefabs/SpriteProps_Red/PipeJointMedium_Red.prefab using Guid(12064263941feb547b694aeb92cb5f54) Importer(815301076,1909f56bfc062723c751e8b465ee728b)  -> (artifact id: '579ac127fb2ad175e84d9ebdf2dd5e2c') in 0.021972 seconds
Number of updated asset objects reloaded before import = 0
Number of asset objects unloaded after import = 11
========================================================================
Received Import Request.
  Time since last request: 0.000016 seconds.
  path: Assets/MainGame/3D Sprite Sci-Fi Props/SpriteProps_Prefabs/SpriteProps_Red/PipeJointSmall_Red.prefab
  artifactKey: Guid(94c28576f9907064095dd7cb93e76508) Importer(815301076,1909f56bfc062723c751e8b465ee728b)
Start importing Assets/MainGame/3D Sprite Sci-Fi Props/SpriteProps_Prefabs/SpriteProps_Red/PipeJointSmall_Red.prefab using Guid(94c28576f9907064095dd7cb93e76508) Importer(815301076,1909f56bfc062723c751e8b465ee728b)  -> (artifact id: 'bc07cbda211bb500a36f86c3442f1de7') in 0.012836 seconds
Number of updated asset objects reloaded before import = 0
Number of asset objects unloaded after import = 11
========================================================================
Received Import Request.
  Time since last request: 180.132283 seconds.
  path: Assets/MainGame/Cave Platformer Tileset/Enviroment sprite sheets
  artifactKey: Guid(c65d2f203290a084abfbccc857872200) Importer(815301076,1909f56bfc062723c751e8b465ee728b)
Start importing Assets/MainGame/Cave Platformer Tileset/Enviroment sprite sheets using Guid(c65d2f203290a084abfbccc857872200) Importer(815301076,1909f56bfc062723c751e8b465ee728b)  -> (artifact id: '3aca6420b6aa168df69bf587040cbc85') in 0.000464 seconds
Number of updated asset objects reloaded before import = 0
Number of asset objects unloaded after import = 0
========================================================================
Received Import Request.
  Time since last request: 0.130602 seconds.
  path: Assets/MainGame/Cave Platformer Tileset/Enviroment sprite sheets/bg_cave_blueish_16x16.png
  artifactKey: Guid(1291332cf12f072409f17b4e2f19c4be) Importer(815301076,1909f56bfc062723c751e8b465ee728b)
Start importing Assets/MainGame/Cave Platformer Tileset/Enviroment sprite sheets/bg_cave_blueish_16x16.png using Guid(1291332cf12f072409f17b4e2f19c4be) Importer(815301076,1909f56bfc062723c751e8b465ee728b)  -> (artifact id: '77aff254a1a7e0544c1f89d365273908') in 0.041036 seconds
Number of updated asset objects reloaded before import = 0
Number of asset objects unloaded after import = 21
========================================================================
Received Import Request.
  Time since last request: 0.000019 seconds.
  path: Assets/MainGame/Cave Platformer Tileset/Enviroment sprite sheets/bg_cave_greenish_16x16.png
  artifactKey: Guid(c0c817d08afb9a64098b165ebb2b71cc) Importer(815301076,1909f56bfc062723c751e8b465ee728b)
Start importing Assets/MainGame/Cave Platformer Tileset/Enviroment sprite sheets/bg_cave_greenish_16x16.png using Guid(c0c817d08afb9a64098b165ebb2b71cc) Importer(815301076,1909f56bfc062723c751e8b465ee728b)  -> (artifact id: '910e33f4a9b6327dfc26f6c5ab840fb7') in 0.039100 seconds
Number of updated asset objects reloaded before import = 0
Number of asset objects unloaded after import = 22
========================================================================
Received Import Request.
  Time since last request: 0.000017 seconds.
  path: Assets/MainGame/Cave Platformer Tileset/Enviroment sprite sheets/bg_cave_greenish_32x32.png
  artifactKey: Guid(a942e742796c2684d891a7181f310bb0) Importer(815301076,1909f56bfc062723c751e8b465ee728b)
Start importing Assets/MainGame/Cave Platformer Tileset/Enviroment sprite sheets/bg_cave_greenish_32x32.png using Guid(a942e742796c2684d891a7181f310bb0) Importer(815301076,1909f56bfc062723c751e8b465ee728b)  -> (artifact id: '1ee642a2eee5c51d4b7fa956700e147c') in 0.023393 seconds
Number of updated asset objects reloaded before import = 0
Number of asset objects unloaded after import = 10
========================================================================
Received Import Request.
  Time since last request: 0.000017 seconds.
  path: Assets/MainGame/Cave Platformer Tileset/Enviroment sprite sheets/bg_cave_blueish_other.png
  artifactKey: Guid(9b722ddbaa4b73440a0f9c11af2cbe75) Importer(815301076,1909f56bfc062723c751e8b465ee728b)
Start importing Assets/MainGame/Cave Platformer Tileset/Enviroment sprite sheets/bg_cave_blueish_other.png using Guid(9b722ddbaa4b73440a0f9c11af2cbe75) Importer(815301076,1909f56bfc062723c751e8b465ee728b)  -> (artifact id: 'c3f9784017f4fc2111142ecb4ebb9468') in 0.016228 seconds
Number of updated asset objects reloaded before import = 0
Number of asset objects unloaded after import = 5
========================================================================
Received Import Request.
  Time since last request: 0.000014 seconds.
  path: Assets/MainGame/Cave Platformer Tileset/Enviroment sprite sheets/objects_fountain_animated.png
  artifactKey: Guid(ff5f7226ed4a9ad4c9253b92fad091c1) Importer(815301076,1909f56bfc062723c751e8b465ee728b)
Start importing Assets/MainGame/Cave Platformer Tileset/Enviroment sprite sheets/objects_fountain_animated.png using Guid(ff5f7226ed4a9ad4c9253b92fad091c1) Importer(815301076,1909f56bfc062723c751e8b465ee728b)  -> (artifact id: 'f949f273d12e664d200288062fa14dd7') in 0.024341 seconds
Number of updated asset objects reloaded before import = 0
Number of asset objects unloaded after import = 11
========================================================================
Received Import Request.
  Time since last request: 0.000015 seconds.
  path: Assets/MainGame/Cave Platformer Tileset/Enviroment sprite sheets/parallax_cave_holes_greenish.png
  artifactKey: Guid(6aac80ca10b590b40a968217d5092118) Importer(815301076,1909f56bfc062723c751e8b465ee728b)
Start importing Assets/MainGame/Cave Platformer Tileset/Enviroment sprite sheets/parallax_cave_holes_greenish.png using Guid(6aac80ca10b590b40a968217d5092118) Importer(815301076,1909f56bfc062723c751e8b465ee728b)  -> (artifact id: '7dc88af021eb58ccb799c4a11fc11601') in 0.029541 seconds
Number of updated asset objects reloaded before import = 0
Number of asset objects unloaded after import = 8
========================================================================
Received Import Request.
  Time since last request: 0.000027 seconds.
  path: Assets/MainGame/Cave Platformer Tileset/Enviroment sprite sheets/objects_bigchest_animated.png
  artifactKey: Guid(19f60735a26b44949acfda90d4d794df) Importer(815301076,1909f56bfc062723c751e8b465ee728b)
Start importing Assets/MainGame/Cave Platformer Tileset/Enviroment sprite sheets/objects_bigchest_animated.png using Guid(19f60735a26b44949acfda90d4d794df) Importer(815301076,1909f56bfc062723c751e8b465ee728b)  -> (artifact id: 'f58be3fb51c37028176bf9efb572e796') in 0.049076 seconds
Number of updated asset objects reloaded before import = 0
Number of asset objects unloaded after import = 30
========================================================================
Received Import Request.
  Time since last request: 0.000012 seconds.
  path: Assets/MainGame/Cave Platformer Tileset/Enviroment sprite sheets/bg_cave_greenish_other.png
  artifactKey: Guid(6d45fe9eed71bde49be5d6f24c33288e) Importer(815301076,1909f56bfc062723c751e8b465ee728b)
Start importing Assets/MainGame/Cave Platformer Tileset/Enviroment sprite sheets/bg_cave_greenish_other.png using Guid(6d45fe9eed71bde49be5d6f24c33288e) Importer(815301076,1909f56bfc062723c751e8b465ee728b)  -> (artifact id: '329da29960e1159be3a1c08ee1a158e7') in 0.014935 seconds
Number of updated asset objects reloaded before import = 0
Number of asset objects unloaded after import = 5
========================================================================
Received Import Request.
  Time since last request: 0.000022 seconds.
  path: Assets/MainGame/Cave Platformer Tileset/Enviroment sprite sheets/parallax_bg_set.png
  artifactKey: Guid(59b19808d0cb84645905e4922a232439) Importer(815301076,1909f56bfc062723c751e8b465ee728b)
Start importing Assets/MainGame/Cave Platformer Tileset/Enviroment sprite sheets/parallax_bg_set.png using Guid(59b19808d0cb84645905e4922a232439) Importer(815301076,1909f56bfc062723c751e8b465ee728b)  -> (artifact id: '45cee3d72343b5a45394c1f41da1ed2c') in 0.037185 seconds
Number of updated asset objects reloaded before import = 0
Number of asset objects unloaded after import = 8
========================================================================
Received Import Request.
  Time since last request: 0.000038 seconds.
  path: Assets/MainGame/Cave Platformer Tileset/Enviroment sprite sheets/bg_objects.png
  artifactKey: Guid(020a14f5296ce884aa7d029304ceff5f) Importer(815301076,1909f56bfc062723c751e8b465ee728b)
Start importing Assets/MainGame/Cave Platformer Tileset/Enviroment sprite sheets/bg_objects.png using Guid(020a14f5296ce884aa7d029304ceff5f) Importer(815301076,1909f56bfc062723c751e8b465ee728b)  -> (artifact id: 'a983ac7225a53108268f146ff176d129') in 0.049419 seconds
Number of updated asset objects reloaded before import = 0
Number of asset objects unloaded after import = 30
========================================================================
Received Import Request.
  Time since last request: 0.000015 seconds.
  path: Assets/MainGame/Cave Platformer Tileset/Enviroment sprite sheets/objects_misc.png
  artifactKey: Guid(a960d45a01b175649839aa6c4d61341c) Importer(815301076,1909f56bfc062723c751e8b465ee728b)
Start importing Assets/MainGame/Cave Platformer Tileset/Enviroment sprite sheets/objects_misc.png using Guid(a960d45a01b175649839aa6c4d61341c) Importer(815301076,1909f56bfc062723c751e8b465ee728b)  -> (artifact id: '9dd6afb55195c7fbf949fe6ae45eaddf') in 0.032924 seconds
Number of updated asset objects reloaded before import = 0
Number of asset objects unloaded after import = 18
========================================================================
Received Import Request.
  Time since last request: 0.000020 seconds.
  path: Assets/MainGame/Cave Platformer Tileset/Enviroment sprite sheets/bg_cave_greenish_32x16.png
  artifactKey: Guid(b2d15ef97656d514ab499c764e5a4fd1) Importer(815301076,1909f56bfc062723c751e8b465ee728b)
Start importing Assets/MainGame/Cave Platformer Tileset/Enviroment sprite sheets/bg_cave_greenish_32x16.png using Guid(b2d15ef97656d514ab499c764e5a4fd1) Importer(815301076,1909f56bfc062723c751e8b465ee728b)  -> (artifact id: 'eb1fbe163555aeecea09028cdb01d031') in 0.030130 seconds
Number of updated asset objects reloaded before import = 0
Number of asset objects unloaded after import = 18
========================================================================
Received Import Request.
  Time since last request: 10.993655 seconds.
  path: Assets/MainGame/Tale Monster Cube Env/Prefabs/Environment/Rock_2.prefab
  artifactKey: Guid(54c4f10c9f438c248996ebbefdeec087) Importer(815301076,1909f56bfc062723c751e8b465ee728b)
Start importing Assets/MainGame/Tale Monster Cube Env/Prefabs/Environment/Rock_2.prefab using Guid(54c4f10c9f438c248996ebbefdeec087) Importer(815301076,1909f56bfc062723c751e8b465ee728b)  -> (artifact id: 'b199345200ec088eddf195672ca7f89d') in 0.143748 seconds
Number of updated asset objects reloaded before import = 0
Number of asset objects unloaded after import = 9
========================================================================
Received Import Request.
  Time since last request: 0.000015 seconds.
  path: Assets/MainGame/Tale Monster Cube Env/Prefabs/Environment/Tree_low_2.prefab
  artifactKey: Guid(49fd438cafff6364eb53cf614bfdfcfe) Importer(815301076,1909f56bfc062723c751e8b465ee728b)
Start importing Assets/MainGame/Tale Monster Cube Env/Prefabs/Environment/Tree_low_2.prefab using Guid(49fd438cafff6364eb53cf614bfdfcfe) Importer(815301076,1909f56bfc062723c751e8b465ee728b)  -> (artifact id: '9cacab54993d00f0fdfd20fad6c5a9ef') in 0.024303 seconds
Number of updated asset objects reloaded before import = 0
Number of asset objects unloaded after import = 10
========================================================================
Received Import Request.
  Time since last request: 0.000021 seconds.
  path: Assets/MainGame/Tale Monster Cube Env/Prefabs/Environment/Rocks_5.prefab
  artifactKey: Guid(e9b551c76184320419f587ff8c3e25be) Importer(815301076,1909f56bfc062723c751e8b465ee728b)
Start importing Assets/MainGame/Tale Monster Cube Env/Prefabs/Environment/Rocks_5.prefab using Guid(e9b551c76184320419f587ff8c3e25be) Importer(815301076,1909f56bfc062723c751e8b465ee728b)  -> (artifact id: '69d5368389fcd05e6cd71372d53a9e39') in 0.013605 seconds
Number of updated asset objects reloaded before import = 0
Number of asset objects unloaded after import = 9
========================================================================
Received Import Request.
  Time since last request: 0.000014 seconds.
  path: Assets/MainGame/Tale Monster Cube Env/Prefabs/Environment/Tree_low.prefab
  artifactKey: Guid(32e887198ec03624a8a641266f110843) Importer(815301076,1909f56bfc062723c751e8b465ee728b)
Start importing Assets/MainGame/Tale Monster Cube Env/Prefabs/Environment/Tree_low.prefab using Guid(32e887198ec03624a8a641266f110843) Importer(815301076,1909f56bfc062723c751e8b465ee728b)  -> (artifact id: '71203ed9484a7faed55c66a2b8e354d9') in 0.017133 seconds
Number of updated asset objects reloaded before import = 0
Number of asset objects unloaded after import = 9
========================================================================
Received Import Request.
  Time since last request: 0.000022 seconds.
  path: Assets/MainGame/Tale Monster Cube Env/Prefabs/Environment/Tree_3.prefab
  artifactKey: Guid(ba6beab635d60d54abeff43810616e63) Importer(815301076,1909f56bfc062723c751e8b465ee728b)
Start importing Assets/MainGame/Tale Monster Cube Env/Prefabs/Environment/Tree_3.prefab using Guid(ba6beab635d60d54abeff43810616e63) Importer(815301076,1909f56bfc062723c751e8b465ee728b)  -> (artifact id: 'd08fbd9f7995b7fcb563b16ff5bab53b') in 0.017849 seconds
Number of updated asset objects reloaded before import = 0
Number of asset objects unloaded after import = 10
========================================================================
Received Import Request.
  Time since last request: 0.000016 seconds.
  path: Assets/MainGame/Tale Monster Cube Env/Prefabs/Environment/Tree.prefab
  artifactKey: Guid(ad5542dc75b57284f8cf86f19b9ea0a2) Importer(815301076,1909f56bfc062723c751e8b465ee728b)
Start importing Assets/MainGame/Tale Monster Cube Env/Prefabs/Environment/Tree.prefab using Guid(ad5542dc75b57284f8cf86f19b9ea0a2) Importer(815301076,1909f56bfc062723c751e8b465ee728b)  -> (artifact id: '9c978a80f34d4a55d05a7e4750a97aaa') in 0.018058 seconds
Number of updated asset objects reloaded before import = 0
Number of asset objects unloaded after import = 10
========================================================================
Received Import Request.
  Time since last request: 2.406574 seconds.
  path: Assets/MainGame/Tale Monster Cube Env/Prefabs/Props/ButtonBase.prefab
  artifactKey: Guid(1400301ed26c91f44a959a300e3e18b3) Importer(815301076,1909f56bfc062723c751e8b465ee728b)
Start importing Assets/MainGame/Tale Monster Cube Env/Prefabs/Props/ButtonBase.prefab using Guid(1400301ed26c91f44a959a300e3e18b3) Importer(815301076,1909f56bfc062723c751e8b465ee728b)  -> (artifact id: 'd12f430206e9f6ba7b9f9df55bbed2dc') in 0.013547 seconds
Number of updated asset objects reloaded before import = 0
Number of asset objects unloaded after import = 16
========================================================================
Received Import Request.
  Time since last request: 0.000015 seconds.
  path: Assets/MainGame/Tale Monster Cube Env/Prefabs/Props/Leder_Bottom.prefab
  artifactKey: Guid(5e1ff703574530d448cfd71c173d7cd5) Importer(815301076,1909f56bfc062723c751e8b465ee728b)
Start importing Assets/MainGame/Tale Monster Cube Env/Prefabs/Props/Leder_Bottom.prefab using Guid(5e1ff703574530d448cfd71c173d7cd5) Importer(815301076,1909f56bfc062723c751e8b465ee728b)  -> (artifact id: '129c0557cd457570d5302345514b2cf8') in 0.016473 seconds
Number of updated asset objects reloaded before import = 0
Number of asset objects unloaded after import = 9
========================================================================
Received Import Request.
  Time since last request: 0.000015 seconds.
  path: Assets/MainGame/Tale Monster Cube Env/Prefabs/Props/Leder_Full.prefab
  artifactKey: Guid(bea14fb6b85d8f14f869095e2f7eaa24) Importer(815301076,1909f56bfc062723c751e8b465ee728b)
Start importing Assets/MainGame/Tale Monster Cube Env/Prefabs/Props/Leder_Full.prefab using Guid(bea14fb6b85d8f14f869095e2f7eaa24) Importer(815301076,1909f56bfc062723c751e8b465ee728b)  -> (artifact id: '90d45e4c547029707e10b1ae2528f68a') in 0.020000 seconds
Number of updated asset objects reloaded before import = 0
Number of asset objects unloaded after import = 9
========================================================================
Received Import Request.
  Time since last request: 0.619496 seconds.
  path: Assets/MainGame/Tale Monster Cube Env/Prefabs/Complex/Base_2.prefab
  artifactKey: Guid(24a77ab73cfeaa54ba72daf6e1dd0f2e) Importer(815301076,1909f56bfc062723c751e8b465ee728b)
Start importing Assets/MainGame/Tale Monster Cube Env/Prefabs/Complex/Base_2.prefab using Guid(24a77ab73cfeaa54ba72daf6e1dd0f2e) Importer(815301076,1909f56bfc062723c751e8b465ee728b)  -> (artifact id: '6324092fd2b638848096c94079ba0836') in 0.015672 seconds
Number of updated asset objects reloaded before import = 0
Number of asset objects unloaded after import = 23
========================================================================
Received Import Request.
  Time since last request: 0.000021 seconds.
  path: Assets/MainGame/Tale Monster Cube Env/Prefabs/Complex/Base_10.prefab
  artifactKey: Guid(696054cd3122fd4408591593623f7f19) Importer(815301076,1909f56bfc062723c751e8b465ee728b)
Start importing Assets/MainGame/Tale Monster Cube Env/Prefabs/Complex/Base_10.prefab using Guid(696054cd3122fd4408591593623f7f19) Importer(815301076,1909f56bfc062723c751e8b465ee728b)  -> (artifact id: '87a984f7f94a25f89bbe86eebc5fb647') in 0.015604 seconds
Number of updated asset objects reloaded before import = 0
Number of asset objects unloaded after import = 23
========================================================================
Received Import Request.
  Time since last request: 0.000015 seconds.
  path: Assets/MainGame/Tale Monster Cube Env/Prefabs/Complex/Base_9 _tall.prefab
  artifactKey: Guid(79abd37487df733468172a283ed6474e) Importer(815301076,1909f56bfc062723c751e8b465ee728b)
Start importing Assets/MainGame/Tale Monster Cube Env/Prefabs/Complex/Base_9 _tall.prefab using Guid(79abd37487df733468172a283ed6474e) Importer(815301076,1909f56bfc062723c751e8b465ee728b)  -> (artifact id: '4e9009b50cbdafb49b2ed3177c4f1802') in 0.015723 seconds
Number of updated asset objects reloaded before import = 0
Number of asset objects unloaded after import = 23
========================================================================
Received Import Request.
  Time since last request: 1.364543 seconds.
  path: Assets/MainGame/Tale Monster Cube Env/Prefabs/Base/Base_2.prefab
  artifactKey: Guid(b8be7b75c4e8b4c4083862ebb8e149cf) Importer(815301076,1909f56bfc062723c751e8b465ee728b)
Start importing Assets/MainGame/Tale Monster Cube Env/Prefabs/Base/Base_2.prefab using Guid(b8be7b75c4e8b4c4083862ebb8e149cf) Importer(815301076,1909f56bfc062723c751e8b465ee728b)  -> (artifact id: 'ca02e0e162729879a30523ddbee225c5') in 0.014039 seconds
Number of updated asset objects reloaded before import = 0
Number of asset objects unloaded after import = 9
========================================================================
Received Import Request.
  Time since last request: 0.000020 seconds.
  path: Assets/MainGame/Tale Monster Cube Env/Prefabs/Base/Base_5_solid.prefab
  artifactKey: Guid(24c4784b70bf6734aa8fcac19882ec2d) Importer(815301076,1909f56bfc062723c751e8b465ee728b)
Start importing Assets/MainGame/Tale Monster Cube Env/Prefabs/Base/Base_5_solid.prefab using Guid(24c4784b70bf6734aa8fcac19882ec2d) Importer(815301076,1909f56bfc062723c751e8b465ee728b)  -> (artifact id: 'e1f7a978525804924130f6774a3a4ad1') in 0.013886 seconds
Number of updated asset objects reloaded before import = 0
Number of asset objects unloaded after import = 9
========================================================================
Received Import Request.
  Time since last request: 5.091210 seconds.
  path: Assets/MainGame/Tale Monster Cube Env/Meshes/Base.asset
  artifactKey: Guid(44fcc8a852abb1343bd6165437060363) Importer(815301076,1909f56bfc062723c751e8b465ee728b)
Start importing Assets/MainGame/Tale Monster Cube Env/Meshes/Base.asset using Guid(44fcc8a852abb1343bd6165437060363) Importer(815301076,1909f56bfc062723c751e8b465ee728b)  -> (artifact id: 'b589561617426e7c7f342cd57c186e7d') in 0.012721 seconds
Number of updated asset objects reloaded before import = 0
Number of asset objects unloaded after import = 2
========================================================================
Received Import Request.
  Time since last request: 0.000016 seconds.
  path: Assets/MainGame/Tale Monster Cube Env/Meshes/Button.asset
  artifactKey: Guid(04629e66c06df604195425fe0f222c19) Importer(815301076,1909f56bfc062723c751e8b465ee728b)
Start importing Assets/MainGame/Tale Monster Cube Env/Meshes/Button.asset using Guid(04629e66c06df604195425fe0f222c19) Importer(815301076,1909f56bfc062723c751e8b465ee728b)  -> (artifact id: '36770e2ce4fcd9e77b8bc55ad2259609') in 0.012506 seconds
Number of updated asset objects reloaded before import = 0
Number of asset objects unloaded after import = 2
========================================================================
Received Import Request.
  Time since last request: 0.000027 seconds.
  path: Assets/MainGame/Tale Monster Cube Env/Meshes/Lader_Full_2.asset
  artifactKey: Guid(e8281d45e5403494cb81a4f54b8892f0) Importer(815301076,1909f56bfc062723c751e8b465ee728b)
Start importing Assets/MainGame/Tale Monster Cube Env/Meshes/Lader_Full_2.asset using Guid(e8281d45e5403494cb81a4f54b8892f0) Importer(815301076,1909f56bfc062723c751e8b465ee728b)  -> (artifact id: 'aad67938148910fdd12be501f351eca9') in 0.056188 seconds
Number of updated asset objects reloaded before import = 0
Number of asset objects unloaded after import = 2
========================================================================
Received Import Request.
  Time since last request: 0.000029 seconds.
  path: Assets/MainGame/Tale Monster Cube Env/Meshes/Coin.asset
  artifactKey: Guid(f128d26878c5d444d8875a398a91a876) Importer(815301076,1909f56bfc062723c751e8b465ee728b)
Start importing Assets/MainGame/Tale Monster Cube Env/Meshes/Coin.asset using Guid(f128d26878c5d444d8875a398a91a876) Importer(815301076,1909f56bfc062723c751e8b465ee728b)  -> (artifact id: 'd6267630c678069a038328319394ff36') in 0.012461 seconds
Number of updated asset objects reloaded before import = 0
Number of asset objects unloaded after import = 2
========================================================================
Received Import Request.
  Time since last request: 0.000026 seconds.
  path: Assets/MainGame/Tale Monster Cube Env/Meshes/Rock.asset
  artifactKey: Guid(40e2409f4cec12c479853502f15a6013) Importer(815301076,1909f56bfc062723c751e8b465ee728b)
Start importing Assets/MainGame/Tale Monster Cube Env/Meshes/Rock.asset using Guid(40e2409f4cec12c479853502f15a6013) Importer(815301076,1909f56bfc062723c751e8b465ee728b)  -> (artifact id: 'ca069288aa616f2467d5d42a28e3acb7') in 0.012380 seconds
Number of updated asset objects reloaded before import = 0
Number of asset objects unloaded after import = 2
========================================================================
Received Import Request.
  Time since last request: 0.545063 seconds.
  path: Assets/MainGame/Tale Monster Cube Env/Materials/Button.mat
  artifactKey: Guid(b889d6a4246c61649b56a0d4264b5594) Importer(815301076,1909f56bfc062723c751e8b465ee728b)
Start importing Assets/MainGame/Tale Monster Cube Env/Materials/Button.mat using Guid(b889d6a4246c61649b56a0d4264b5594) Importer(815301076,1909f56bfc062723c751e8b465ee728b)  -> (artifact id: 'd0a6770c9bc7f9a7f0cbb25df6f0a460') in 0.012046 seconds
Number of updated asset objects reloaded before import = 0
Number of asset objects unloaded after import = 1
========================================================================
Received Import Request.
  Time since last request: 0.000017 seconds.
  path: Assets/MainGame/Tale Monster Cube Env/Materials/Water.mat
  artifactKey: Guid(dee2eefd7b8be9b4da71c23b79e829dd) Importer(815301076,1909f56bfc062723c751e8b465ee728b)
Start importing Assets/MainGame/Tale Monster Cube Env/Materials/Water.mat using Guid(dee2eefd7b8be9b4da71c23b79e829dd) Importer(815301076,1909f56bfc062723c751e8b465ee728b)  -> (artifact id: 'dda7450359db7d433b00e15bdac82311') in 0.100830 seconds
Number of updated asset objects reloaded before import = 0
Number of asset objects unloaded after import = 1
========================================================================
Received Import Request.
  Time since last request: 2.069306 seconds.
  path: Assets/MainGame/Tale Monster Cube Env/Prefabs/Top/Top_2.prefab
  artifactKey: Guid(206ba921695287f41ba9e27245b7e049) Importer(815301076,1909f56bfc062723c751e8b465ee728b)
Start importing Assets/MainGame/Tale Monster Cube Env/Prefabs/Top/Top_2.prefab using Guid(206ba921695287f41ba9e27245b7e049) Importer(815301076,1909f56bfc062723c751e8b465ee728b)  -> (artifact id: 'e27cc25fc4cff683865509a984071c90') in 0.012612 seconds
Number of updated asset objects reloaded before import = 0
Number of asset objects unloaded after import = 9
========================================================================
Received Import Request.
  Time since last request: 0.000017 seconds.
  path: Assets/MainGame/Tale Monster Cube Env/Prefabs/Top/Top_6.prefab
  artifactKey: Guid(b09ee3a808edd894ebb48a82c03b4be9) Importer(815301076,1909f56bfc062723c751e8b465ee728b)
Start importing Assets/MainGame/Tale Monster Cube Env/Prefabs/Top/Top_6.prefab using Guid(b09ee3a808edd894ebb48a82c03b4be9) Importer(815301076,1909f56bfc062723c751e8b465ee728b)  -> (artifact id: '9ed780efe14cc2e82586ce2c5ee03467') in 0.021084 seconds
Number of updated asset objects reloaded before import = 0
Number of asset objects unloaded after import = 9
