Using pre-set license
Built from '2022.3/staging' branch; Version is '2022.3.30f1 (70558241b701) revision 7361922'; Using compiler version '192829333'; Build Type 'Release'
OS: 'Windows 10  (10.0.19045) 64bit Education' Language: 'ko' Physical Memory: 16297 MB
BatchMode: 1, IsHumanControllingUs: 0, StartBugReporterOnCrash: 0, Is64bit: 1, IsPro: 1

COMMAND LINE ARGUMENTS:
C:\Program Files\Unity\Hub\Editor\2022.3.30f1\Editor\Unity.exe
-adb2
-batchMode
-noUpm
-name
AssetImportWorker3
-projectPath
C:/Users/Administrator/Desktop/UnityGame/Game
-logFile
Logs/AssetImportWorker3.log
-srvPort
65357
Successfully changed project path to: C:/Users/Administrator/Desktop/UnityGame/Game
C:/Users/Administrator/Desktop/UnityGame/Game
[UnityMemory] Configuration Parameters - Can be set up in boot.config
    "memorysetup-bucket-allocator-granularity=16"
    "memorysetup-bucket-allocator-bucket-count=8"
    "memorysetup-bucket-allocator-block-size=33554432"
    "memorysetup-bucket-allocator-block-count=8"
    "memorysetup-main-allocator-block-size=16777216"
    "memorysetup-thread-allocator-block-size=16777216"
    "memorysetup-gfx-main-allocator-block-size=16777216"
    "memorysetup-gfx-thread-allocator-block-size=16777216"
    "memorysetup-cache-allocator-block-size=4194304"
    "memorysetup-typetree-allocator-block-size=2097152"
    "memorysetup-profiler-bucket-allocator-granularity=16"
    "memorysetup-profiler-bucket-allocator-bucket-count=8"
    "memorysetup-profiler-bucket-allocator-block-size=33554432"
    "memorysetup-profiler-bucket-allocator-block-count=8"
    "memorysetup-profiler-allocator-block-size=16777216"
    "memorysetup-profiler-editor-allocator-block-size=1048576"
    "memorysetup-temp-allocator-size-main=16777216"
    "memorysetup-job-temp-allocator-block-size=2097152"
    "memorysetup-job-temp-allocator-block-size-background=1048576"
    "memorysetup-job-temp-allocator-reduction-small-platforms=262144"
    "memorysetup-allocator-temp-initial-block-size-main=262144"
    "memorysetup-allocator-temp-initial-block-size-worker=262144"
    "memorysetup-temp-allocator-size-background-worker=32768"
    "memorysetup-temp-allocator-size-job-worker=262144"
    "memorysetup-temp-allocator-size-preload-manager=33554432"
    "memorysetup-temp-allocator-size-nav-mesh-worker=65536"
    "memorysetup-temp-allocator-size-audio-worker=65536"
    "memorysetup-temp-allocator-size-cloud-worker=32768"
    "memorysetup-temp-allocator-size-gi-baking-worker=262144"
    "memorysetup-temp-allocator-size-gfx=262144"
Player connection [10136] Host "[IP] 192.168.0.62 [Port] 0 [Flags] 2 [Guid] 968325290 [EditorId] 968325290 [Version] 1048832 [Id] WindowsEditor(7,I-06) [Debug] 1 [PackageName] WindowsEditor [ProjectName] Editor" joined multi-casting on [225.0.0.222:54997]...

Player connection [10136] Host "[IP] 192.168.0.62 [Port] 0 [Flags] 2 [Guid] 968325290 [EditorId] 968325290 [Version] 1048832 [Id] WindowsEditor(7,I-06) [Debug] 1 [PackageName] WindowsEditor [ProjectName] Editor" joined alternative multi-casting on [225.0.0.222:34997]...

[Physics::Module] Initialized MultithreadedJobDispatcher with 15 workers.
Refreshing native plugins compatible for Editor in 8.34 ms, found 3 plugins.
Preloading 0 native plugins for Editor in 0.00 ms.
Initialize engine version: 2022.3.30f1 (70558241b701)
[Subsystems] Discovering subsystems at path C:/Program Files/Unity/Hub/Editor/2022.3.30f1/Editor/Data/Resources/UnitySubsystems
[Subsystems] Discovering subsystems at path C:/Users/Administrator/Desktop/UnityGame/Game/Assets
GfxDevice: creating device client; threaded=0; jobified=0
Direct3D:
    Version:  Direct3D 11.0 [level 11.1]
    Renderer: NVIDIA GeForce GTX 1660 (ID=0x2184)
    Vendor:   NVIDIA
    VRAM:     5980 MB
    Driver:   31.0.15.3623
Initialize mono
Mono path[0] = 'C:/Program Files/Unity/Hub/Editor/2022.3.30f1/Editor/Data/Managed'
Mono path[1] = 'C:/Program Files/Unity/Hub/Editor/2022.3.30f1/Editor/Data/MonoBleedingEdge/lib/mono/unityjit-win32'
Mono config path = 'C:/Program Files/Unity/Hub/Editor/2022.3.30f1/Editor/Data/MonoBleedingEdge/etc'
Using monoOptions --debugger-agent=transport=dt_socket,embedding=1,server=y,suspend=n,address=127.0.0.1:56268
Begin MonoManager ReloadAssembly
Registering precompiled unity dll's ...
Register platform support module: C:/Program Files/Unity/Hub/Editor/2022.3.30f1/Editor/Data/PlaybackEngines/WindowsStandaloneSupport/UnityEditor.WindowsStandalone.Extensions.dll
Register platform support module: C:/Program Files/Unity/Hub/Editor/2022.3.30f1/Editor/Data/PlaybackEngines/MetroSupport/UnityEditor.UWP.Extensions.dll
Registered in 0.005192 seconds.
- Loaded All Assemblies, in  0.303 seconds
Native extension for UWP target not found
Native extension for WindowsStandalone target not found
Mono: successfully reloaded assembly
- Finished resetting the current domain, in  0.231 seconds
Domain Reload Profiling: 533ms
	BeginReloadAssembly (95ms)
		ExecutionOrderSort (0ms)
		DisableScriptedObjects (0ms)
		BackupInstance (0ms)
		ReleaseScriptingObjects (0ms)
		CreateAndSetChildDomain (1ms)
	RebuildCommonClasses (30ms)
	RebuildNativeTypeToScriptingClass (10ms)
	initialDomainReloadingComplete (45ms)
	LoadAllAssembliesAndSetupDomain (123ms)
		LoadAssemblies (94ms)
		RebuildTransferFunctionScriptingTraits (0ms)
		AnalyzeDomain (121ms)
			TypeCache.Refresh (120ms)
				TypeCache.ScanAssembly (108ms)
			ScanForSourceGeneratedMonoScriptInfo (0ms)
			ResolveRequiredComponents (0ms)
	FinalizeReload (231ms)
		ReleaseScriptCaches (0ms)
		RebuildScriptCaches (0ms)
		SetupLoadedEditorAssemblies (182ms)
			LogAssemblyErrors (0ms)
			InitializePlatformSupportModulesInManaged (7ms)
			SetLoadedEditorAssemblies (5ms)
			RefreshPlugins (0ms)
			BeforeProcessingInitializeOnLoad (2ms)
			ProcessInitializeOnLoadAttributes (126ms)
			ProcessInitializeOnLoadMethodAttributes (43ms)
			AfterProcessingInitializeOnLoad (0ms)
			EditorAssembliesLoaded (0ms)
		ExecutionOrderSort2 (0ms)
		AwakeInstancesAfterBackupRestoration (0ms)
========================================================================
Worker process is ready to serve import requests
Begin MonoManager ReloadAssembly
- Loaded All Assemblies, in  0.497 seconds
Refreshing native plugins compatible for Editor in 2.10 ms, found 3 plugins.
Native extension for UWP target not found
Native extension for WindowsStandalone target not found
Package Manager log level set to [2]
[Package Manager] Server::EnsureServerProcessIsRunning -- launch failed, reason: Unity was launched with the -noUpm command-line argument
[Package Manager] UpmClient::Send -- Unable to send message (not connected to UPM process).
[Package Manager] Cannot connect to Unity Package Manager local server
Mono: successfully reloaded assembly
- Finished resetting the current domain, in  0.479 seconds
Domain Reload Profiling: 976ms
	BeginReloadAssembly (121ms)
		ExecutionOrderSort (0ms)
		DisableScriptedObjects (5ms)
		BackupInstance (0ms)
		ReleaseScriptingObjects (0ms)
		CreateAndSetChildDomain (16ms)
	RebuildCommonClasses (28ms)
	RebuildNativeTypeToScriptingClass (9ms)
	initialDomainReloadingComplete (31ms)
	LoadAllAssembliesAndSetupDomain (307ms)
		LoadAssemblies (232ms)
		RebuildTransferFunctionScriptingTraits (0ms)
		AnalyzeDomain (148ms)
			TypeCache.Refresh (130ms)
				TypeCache.ScanAssembly (118ms)
			ScanForSourceGeneratedMonoScriptInfo (12ms)
			ResolveRequiredComponents (5ms)
	FinalizeReload (479ms)
		ReleaseScriptCaches (0ms)
		RebuildScriptCaches (0ms)
		SetupLoadedEditorAssemblies (351ms)
			LogAssemblyErrors (0ms)
			InitializePlatformSupportModulesInManaged (5ms)
			SetLoadedEditorAssemblies (4ms)
			RefreshPlugins (0ms)
			BeforeProcessingInitializeOnLoad (46ms)
			ProcessInitializeOnLoadAttributes (277ms)
			ProcessInitializeOnLoadMethodAttributes (17ms)
			AfterProcessingInitializeOnLoad (3ms)
			EditorAssembliesLoaded (0ms)
		ExecutionOrderSort2 (0ms)
		AwakeInstancesAfterBackupRestoration (10ms)
Launched and connected shader compiler UnityShaderCompiler.exe after 0.03 seconds
Refreshing native plugins compatible for Editor in 2.11 ms, found 3 plugins.
Preloading 0 native plugins for Editor in 0.00 ms.
Unloading 3122 Unused Serialized files (Serialized files now loaded: 0)
Unloading 33 unused Assets / (58.5 KB). Loaded Objects now: 3593.
Memory consumption went from 130.9 MB to 130.8 MB.
Total: 2.959000 ms (FindLiveObjects: 0.260100 ms CreateObjectMapping: 0.174400 ms MarkObjects: 2.420300 ms  DeleteObjects: 0.103400 ms)

AssetImportParameters requested are different than current active one (requested -> active):
  custom:container-demuxer-ogg: 62fdf1f143b41e24485cea50d1cbac27 -> 
  custom:video-decoder-ogg-theora: a1e56fd34408186e4bbccfd4996cb3dc -> 
  custom:framework-win-MediaFoundation: 216162199b28c13a410421893ffa2e32 -> 
  custom:CustomObjectIndexerAttribute: 9a22284fe3817be447336de3de66b15e -> 
  custom:container-demuxer-webm: 4f35f7cbe854078d1ac9338744f61a02 -> 
  custom:container-muxer-webm: aa71ff27fc2769a1b78a27578f13a17b -> 
  custom:video-decoder-webm-vp8: 9c59270c3fd7afecdb556c50c9e8de78 -> 
  custom:SearchIndexIgnoredProperties: e643bd26f0fe6173181afceb89e7c659 -> 
  custom:AudioImporter_EditorPlatform: d09bf68614088b80899f8185d706f6e7 -> 
  custom:video-encoder-webm-vp8: eb34c28f22e8b96e1ab97ce403110664 -> 
  custom:audio-decoder-ogg-vorbis: bf7c407c2cedff20999df2af8eb42d56 -> 
  custom:audio-encoder-webm-vorbis: bf7c407c2cedff20999df2af8eb42d56 -> 
========================================================================
Received Import Request.
  Time since last request: 8090.010180 seconds.
  path: Assets/MainGame/3D Sprite Sci-Fi Props/SpriteProps_Textures/Assets_Red.png
  artifactKey: Guid(e34010f3f7339304997ed1b388bec9ba) Importer(815301076,1909f56bfc062723c751e8b465ee728b)
Start importing Assets/MainGame/3D Sprite Sci-Fi Props/SpriteProps_Textures/Assets_Red.png using Guid(e34010f3f7339304997ed1b388bec9ba) Importer(815301076,1909f56bfc062723c751e8b465ee728b)  -> (artifact id: '56cd2c47e604af91757961cb4a557cc1') in 0.062222 seconds
Number of updated asset objects reloaded before import = 0
Number of asset objects unloaded after import = 2
========================================================================
Received Import Request.
  Time since last request: 3.386081 seconds.
  path: Assets/MainGame/3D Sprite Sci-Fi Props/SpriteProps_Prefabs/SpriteProps_Yellow/Cube_Regular_Yellow.prefab
  artifactKey: Guid(2a5e8e6c45d6960479235c3f704b108a) Importer(815301076,1909f56bfc062723c751e8b465ee728b)
Start importing Assets/MainGame/3D Sprite Sci-Fi Props/SpriteProps_Prefabs/SpriteProps_Yellow/Cube_Regular_Yellow.prefab using Guid(2a5e8e6c45d6960479235c3f704b108a) Importer(815301076,1909f56bfc062723c751e8b465ee728b)  -> (artifact id: 'c4bc17141f9b94600827f6a833b37ea4') in 0.068552 seconds
Number of updated asset objects reloaded before import = 0
Number of asset objects unloaded after import = 11
========================================================================
Received Import Request.
  Time since last request: 5.823417 seconds.
  path: Assets/MainGame/3D Sprite Sci-Fi Props/SpriteProps_Prefabs/SpriteProps_Purple/Cube_Regular_Purple.prefab
  artifactKey: Guid(a9d541e09f51fb64cb716f1aab90a6c0) Importer(815301076,1909f56bfc062723c751e8b465ee728b)
Start importing Assets/MainGame/3D Sprite Sci-Fi Props/SpriteProps_Prefabs/SpriteProps_Purple/Cube_Regular_Purple.prefab using Guid(a9d541e09f51fb64cb716f1aab90a6c0) Importer(815301076,1909f56bfc062723c751e8b465ee728b)  -> (artifact id: 'a49767353b91ee597c16e39726f2ebf6') in 0.021940 seconds
Number of updated asset objects reloaded before import = 0
Number of asset objects unloaded after import = 11
========================================================================
Received Import Request.
  Time since last request: 0.000017 seconds.
  path: Assets/MainGame/3D Sprite Sci-Fi Props/SpriteProps_Prefabs/SpriteProps_Purple/PipeJointMedium_Purple.prefab
  artifactKey: Guid(7b5b9fc17c867c74c91bed747c5de235) Importer(815301076,1909f56bfc062723c751e8b465ee728b)
Start importing Assets/MainGame/3D Sprite Sci-Fi Props/SpriteProps_Prefabs/SpriteProps_Purple/PipeJointMedium_Purple.prefab using Guid(7b5b9fc17c867c74c91bed747c5de235) Importer(815301076,1909f56bfc062723c751e8b465ee728b)  -> (artifact id: 'e6620b8a10a468c348a4e56fce53b079') in 0.027055 seconds
Number of updated asset objects reloaded before import = 0
Number of asset objects unloaded after import = 11
========================================================================
Received Import Request.
  Time since last request: 13.125073 seconds.
  path: Assets/MainGame/3D Sprite Sci-Fi Props/SpriteProps_Prefabs/SpriteProps_Blue/Cube_Regular_Blue.prefab
  artifactKey: Guid(5f87f64390a7ce245b7be1ff334b8e45) Importer(815301076,1909f56bfc062723c751e8b465ee728b)
Start importing Assets/MainGame/3D Sprite Sci-Fi Props/SpriteProps_Prefabs/SpriteProps_Blue/Cube_Regular_Blue.prefab using Guid(5f87f64390a7ce245b7be1ff334b8e45) Importer(815301076,1909f56bfc062723c751e8b465ee728b)  -> (artifact id: '36dd569c7e49f2ecd1d409eac0f778d5') in 0.012959 seconds
Number of updated asset objects reloaded before import = 0
Number of asset objects unloaded after import = 11
========================================================================
Received Import Request.
  Time since last request: 0.000014 seconds.
  path: Assets/MainGame/3D Sprite Sci-Fi Props/SpriteProps_Prefabs/SpriteProps_Blue/PipeSmall_Blue.prefab
  artifactKey: Guid(d149db5695821ff41a07e15d8981861a) Importer(815301076,1909f56bfc062723c751e8b465ee728b)
Start importing Assets/MainGame/3D Sprite Sci-Fi Props/SpriteProps_Prefabs/SpriteProps_Blue/PipeSmall_Blue.prefab using Guid(d149db5695821ff41a07e15d8981861a) Importer(815301076,1909f56bfc062723c751e8b465ee728b)  -> (artifact id: '759ba8353270e9844ac932ae5616f0bc') in 0.012420 seconds
Number of updated asset objects reloaded before import = 0
Number of asset objects unloaded after import = 11
========================================================================
Received Import Request.
  Time since last request: 0.000014 seconds.
  path: Assets/MainGame/3D Sprite Sci-Fi Props/SpriteProps_Prefabs/SpriteProps_Blue/PipeJointSmall_Blue.prefab
  artifactKey: Guid(aa614496c9a77e541a0dcd02ecc2f687) Importer(815301076,1909f56bfc062723c751e8b465ee728b)
Start importing Assets/MainGame/3D Sprite Sci-Fi Props/SpriteProps_Prefabs/SpriteProps_Blue/PipeJointSmall_Blue.prefab using Guid(aa614496c9a77e541a0dcd02ecc2f687) Importer(815301076,1909f56bfc062723c751e8b465ee728b)  -> (artifact id: '14e11da22ae1867894831a7cfb687300') in 0.013077 seconds
Number of updated asset objects reloaded before import = 0
Number of asset objects unloaded after import = 11
========================================================================
Received Import Request.
  Time since last request: 9.334452 seconds.
  path: Assets/MainGame/3D Sprite Sci-Fi Props/SpriteProps_Prefabs/SpriteProps_Green/Cube_Regular_Green.prefab
  artifactKey: Guid(680d803e50bd36c4fb1ee1be025f8e95) Importer(815301076,1909f56bfc062723c751e8b465ee728b)
Start importing Assets/MainGame/3D Sprite Sci-Fi Props/SpriteProps_Prefabs/SpriteProps_Green/Cube_Regular_Green.prefab using Guid(680d803e50bd36c4fb1ee1be025f8e95) Importer(815301076,1909f56bfc062723c751e8b465ee728b)  -> (artifact id: '77201d06e38bdfd72cb3c9d0239bd218') in 0.021535 seconds
Number of updated asset objects reloaded before import = 0
Number of asset objects unloaded after import = 11
========================================================================
Received Import Request.
  Time since last request: 0.000019 seconds.
  path: Assets/MainGame/3D Sprite Sci-Fi Props/SpriteProps_Prefabs/SpriteProps_Green/PipeJointMedium_Green.prefab
  artifactKey: Guid(24063fa66c8e5ce4e8fdfcef705279aa) Importer(815301076,1909f56bfc062723c751e8b465ee728b)
Start importing Assets/MainGame/3D Sprite Sci-Fi Props/SpriteProps_Prefabs/SpriteProps_Green/PipeJointMedium_Green.prefab using Guid(24063fa66c8e5ce4e8fdfcef705279aa) Importer(815301076,1909f56bfc062723c751e8b465ee728b)  -> (artifact id: 'd164da8b25b8351666d7ccab75a6a889') in 0.024456 seconds
Number of updated asset objects reloaded before import = 0
Number of asset objects unloaded after import = 11
========================================================================
Received Import Request.
  Time since last request: 11.327957 seconds.
  path: Assets/MainGame/3D Sprite Sci-Fi Props/SpriteProps_Prefabs/SpriteProps_Red/Cube_Regular_Red.prefab
  artifactKey: Guid(b13cfb50b6e70fe48bb91b69f1e60b6e) Importer(815301076,1909f56bfc062723c751e8b465ee728b)
Start importing Assets/MainGame/3D Sprite Sci-Fi Props/SpriteProps_Prefabs/SpriteProps_Red/Cube_Regular_Red.prefab using Guid(b13cfb50b6e70fe48bb91b69f1e60b6e) Importer(815301076,1909f56bfc062723c751e8b465ee728b)  -> (artifact id: '14ee71be7b19383f9f20145acbb032ca') in 0.020332 seconds
Number of updated asset objects reloaded before import = 0
Number of asset objects unloaded after import = 11
========================================================================
Received Import Request.
  Time since last request: 0.000015 seconds.
  path: Assets/MainGame/3D Sprite Sci-Fi Props/SpriteProps_Prefabs/SpriteProps_Red/PipeSmall_Red.prefab
  artifactKey: Guid(ac9d0c41ef33a3047bb1d5666387dbf3) Importer(815301076,1909f56bfc062723c751e8b465ee728b)
Start importing Assets/MainGame/3D Sprite Sci-Fi Props/SpriteProps_Prefabs/SpriteProps_Red/PipeSmall_Red.prefab using Guid(ac9d0c41ef33a3047bb1d5666387dbf3) Importer(815301076,1909f56bfc062723c751e8b465ee728b)  -> (artifact id: 'f47550d6f621ca818fe1a720139f2109') in 0.021875 seconds
Number of updated asset objects reloaded before import = 0
Number of asset objects unloaded after import = 11
========================================================================
Received Import Request.
  Time since last request: 0.000019 seconds.
  path: Assets/MainGame/3D Sprite Sci-Fi Props/SpriteProps_Prefabs/SpriteProps_Red/Pipe_TJoint_Red.prefab
  artifactKey: Guid(cbdba764023bd4641b31807af618c783) Importer(815301076,1909f56bfc062723c751e8b465ee728b)
Start importing Assets/MainGame/3D Sprite Sci-Fi Props/SpriteProps_Prefabs/SpriteProps_Red/Pipe_TJoint_Red.prefab using Guid(cbdba764023bd4641b31807af618c783) Importer(815301076,1909f56bfc062723c751e8b465ee728b)  -> (artifact id: '2a1748aa40b7edcbd7295541db0fce42') in 0.011832 seconds
Number of updated asset objects reloaded before import = 0
Number of asset objects unloaded after import = 10
========================================================================
Received Import Request.
  Time since last request: 180.263961 seconds.
  path: Assets/MainGame/Cave Platformer Tileset/Enviroment sprite sheets/bg_cave_blueish_16x32.png
  artifactKey: Guid(f51c40299c6f2c4438629191492adad6) Importer(815301076,1909f56bfc062723c751e8b465ee728b)
Start importing Assets/MainGame/Cave Platformer Tileset/Enviroment sprite sheets/bg_cave_blueish_16x32.png using Guid(f51c40299c6f2c4438629191492adad6) Importer(815301076,1909f56bfc062723c751e8b465ee728b)  -> (artifact id: 'b60ea69a7942643c6a77c039f87cf3d2') in 0.053998 seconds
Number of updated asset objects reloaded before import = 0
Number of asset objects unloaded after import = 32
========================================================================
Received Import Request.
  Time since last request: 0.000025 seconds.
  path: Assets/MainGame/Cave Platformer Tileset/Enviroment sprite sheets/bg_cave_greenish_16x32.png
  artifactKey: Guid(45d1fa6ee4f9d934883e0e17e7ece524) Importer(815301076,1909f56bfc062723c751e8b465ee728b)
Start importing Assets/MainGame/Cave Platformer Tileset/Enviroment sprite sheets/bg_cave_greenish_16x32.png using Guid(45d1fa6ee4f9d934883e0e17e7ece524) Importer(815301076,1909f56bfc062723c751e8b465ee728b)  -> (artifact id: '2a394a2721364d3316971ae2724e7c99') in 0.059097 seconds
Number of updated asset objects reloaded before import = 0
Number of asset objects unloaded after import = 32
========================================================================
Received Import Request.
  Time since last request: 0.000018 seconds.
  path: Assets/MainGame/Cave Platformer Tileset/Enviroment sprite sheets/bg_cave_blueish_32x16.png
  artifactKey: Guid(072ed1ed67b51e24abfd669dbdc9ab7f) Importer(815301076,1909f56bfc062723c751e8b465ee728b)
Start importing Assets/MainGame/Cave Platformer Tileset/Enviroment sprite sheets/bg_cave_blueish_32x16.png using Guid(072ed1ed67b51e24abfd669dbdc9ab7f) Importer(815301076,1909f56bfc062723c751e8b465ee728b)  -> (artifact id: '6ff641784af222507c94e617a0110efb') in 0.030520 seconds
Number of updated asset objects reloaded before import = 0
Number of asset objects unloaded after import = 18
========================================================================
Received Import Request.
  Time since last request: 0.000019 seconds.
  path: Assets/MainGame/Cave Platformer Tileset/Enviroment sprite sheets/objects_misc_animated.png
  artifactKey: Guid(ffc5a3f5b6234044e87e556883d205d0) Importer(815301076,1909f56bfc062723c751e8b465ee728b)
Start importing Assets/MainGame/Cave Platformer Tileset/Enviroment sprite sheets/objects_misc_animated.png using Guid(ffc5a3f5b6234044e87e556883d205d0) Importer(815301076,1909f56bfc062723c751e8b465ee728b)  -> (artifact id: '31f7d560180644d2e258a822732cfdbe') in 0.087423 seconds
Number of updated asset objects reloaded before import = 0
Number of asset objects unloaded after import = 53
========================================================================
Received Import Request.
  Time since last request: 0.000023 seconds.
  path: Assets/MainGame/Cave Platformer Tileset/Enviroment sprite sheets/parallax_bg_cave_blueish.png
  artifactKey: Guid(5446fb203ea05cf439a2a482dbe9bc1c) Importer(815301076,1909f56bfc062723c751e8b465ee728b)
Start importing Assets/MainGame/Cave Platformer Tileset/Enviroment sprite sheets/parallax_bg_cave_blueish.png using Guid(5446fb203ea05cf439a2a482dbe9bc1c) Importer(815301076,1909f56bfc062723c751e8b465ee728b)  -> (artifact id: '76a1f777e126d39ab16f077f62d005cc') in 0.031254 seconds
Number of updated asset objects reloaded before import = 0
Number of asset objects unloaded after import = 8
========================================================================
Received Import Request.
  Time since last request: 0.000017 seconds.
  path: Assets/MainGame/Cave Platformer Tileset/Enviroment sprite sheets/bg_cave_blueish_32x32.png
  artifactKey: Guid(325eba7eb0eae3d49a8dd42758ec7336) Importer(815301076,1909f56bfc062723c751e8b465ee728b)
Start importing Assets/MainGame/Cave Platformer Tileset/Enviroment sprite sheets/bg_cave_blueish_32x32.png using Guid(325eba7eb0eae3d49a8dd42758ec7336) Importer(815301076,1909f56bfc062723c751e8b465ee728b)  -> (artifact id: 'ec40c5f88961fc237cd5f603dc2bf12b') in 0.027283 seconds
Number of updated asset objects reloaded before import = 0
Number of asset objects unloaded after import = 10
========================================================================
Received Import Request.
  Time since last request: 0.000019 seconds.
  path: Assets/MainGame/Cave Platformer Tileset/Enviroment sprite sheets/cave_tileset.png
  artifactKey: Guid(894640e3f9d838a4499398609b715c7f) Importer(815301076,1909f56bfc062723c751e8b465ee728b)
Start importing Assets/MainGame/Cave Platformer Tileset/Enviroment sprite sheets/cave_tileset.png using Guid(894640e3f9d838a4499398609b715c7f) Importer(815301076,1909f56bfc062723c751e8b465ee728b)  -> (artifact id: '8e8d8e1d5dcebc46067fa603d45d5632') in 0.168546 seconds
Number of updated asset objects reloaded before import = 0
Number of asset objects unloaded after import = 118
========================================================================
Received Import Request.
  Time since last request: 10.919962 seconds.
  path: Assets/MainGame/Tale Monster Cube Env/Prefabs/Environment/Rocks_1.prefab
  artifactKey: Guid(73b5d765951dd7c49a59e29e4bda8f80) Importer(815301076,1909f56bfc062723c751e8b465ee728b)
Start importing Assets/MainGame/Tale Monster Cube Env/Prefabs/Environment/Rocks_1.prefab using Guid(73b5d765951dd7c49a59e29e4bda8f80) Importer(815301076,1909f56bfc062723c751e8b465ee728b)  -> (artifact id: 'b16164b0f26300a0d52c08a584bd5f1b') in 0.143327 seconds
Number of updated asset objects reloaded before import = 0
Number of asset objects unloaded after import = 9
========================================================================
Received Import Request.
  Time since last request: 0.000019 seconds.
  path: Assets/MainGame/Tale Monster Cube Env/Prefabs/Environment/Tree_Cut.prefab
  artifactKey: Guid(3d5fe156097e74644a21756f4248b872) Importer(815301076,1909f56bfc062723c751e8b465ee728b)
Start importing Assets/MainGame/Tale Monster Cube Env/Prefabs/Environment/Tree_Cut.prefab using Guid(3d5fe156097e74644a21756f4248b872) Importer(815301076,1909f56bfc062723c751e8b465ee728b)  -> (artifact id: '8191b590c7aab61a3e2f5611b7dd354b') in 0.011503 seconds
Number of updated asset objects reloaded before import = 0
Number of asset objects unloaded after import = 10
========================================================================
Received Import Request.
  Time since last request: 0.000022 seconds.
  path: Assets/MainGame/Tale Monster Cube Env/Prefabs/Environment/Tree_low_3.prefab
  artifactKey: Guid(caec6db9ebd151943b8a953ebdf76887) Importer(815301076,1909f56bfc062723c751e8b465ee728b)
Start importing Assets/MainGame/Tale Monster Cube Env/Prefabs/Environment/Tree_low_3.prefab using Guid(caec6db9ebd151943b8a953ebdf76887) Importer(815301076,1909f56bfc062723c751e8b465ee728b)  -> (artifact id: '2a44662320b6f62a2d82fa575769de67') in 0.014044 seconds
Number of updated asset objects reloaded before import = 0
Number of asset objects unloaded after import = 9
========================================================================
Received Import Request.
  Time since last request: 0.000017 seconds.
  path: Assets/MainGame/Tale Monster Cube Env/Prefabs/Environment/Tree_4.prefab
  artifactKey: Guid(5866e83bd853b59439b4555bee7fd699) Importer(815301076,1909f56bfc062723c751e8b465ee728b)
Start importing Assets/MainGame/Tale Monster Cube Env/Prefabs/Environment/Tree_4.prefab using Guid(5866e83bd853b59439b4555bee7fd699) Importer(815301076,1909f56bfc062723c751e8b465ee728b)  -> (artifact id: 'c4d0877691d8bc6625ad99c37d80150a') in 0.017702 seconds
Number of updated asset objects reloaded before import = 0
Number of asset objects unloaded after import = 10
========================================================================
Received Import Request.
  Time since last request: 0.000015 seconds.
  path: Assets/MainGame/Tale Monster Cube Env/Prefabs/Environment/Rocks_3.prefab
  artifactKey: Guid(bdedc9c7c979d174faa2310db28f7a5b) Importer(815301076,1909f56bfc062723c751e8b465ee728b)
Start importing Assets/MainGame/Tale Monster Cube Env/Prefabs/Environment/Rocks_3.prefab using Guid(bdedc9c7c979d174faa2310db28f7a5b) Importer(815301076,1909f56bfc062723c751e8b465ee728b)  -> (artifact id: '19f1609ce997419e40ea1cb440bcd416') in 0.010838 seconds
Number of updated asset objects reloaded before import = 0
Number of asset objects unloaded after import = 9
========================================================================
Received Import Request.
  Time since last request: 0.000016 seconds.
  path: Assets/MainGame/Tale Monster Cube Env/Prefabs/Environment/Tree_1.prefab
  artifactKey: Guid(1933da8c1d0f15a4ca9a227723a2e1a5) Importer(815301076,1909f56bfc062723c751e8b465ee728b)
Start importing Assets/MainGame/Tale Monster Cube Env/Prefabs/Environment/Tree_1.prefab using Guid(1933da8c1d0f15a4ca9a227723a2e1a5) Importer(815301076,1909f56bfc062723c751e8b465ee728b)  -> (artifact id: 'f39aa804d6d3544d244af49be0c39d72') in 0.020794 seconds
Number of updated asset objects reloaded before import = 0
Number of asset objects unloaded after import = 10
========================================================================
Received Import Request.
  Time since last request: 0.000025 seconds.
  path: Assets/MainGame/Tale Monster Cube Env/Prefabs/Environment/Tree_2.prefab
  artifactKey: Guid(cd102b51c0783d64589c2177fcfea46a) Importer(815301076,1909f56bfc062723c751e8b465ee728b)
Start importing Assets/MainGame/Tale Monster Cube Env/Prefabs/Environment/Tree_2.prefab using Guid(cd102b51c0783d64589c2177fcfea46a) Importer(815301076,1909f56bfc062723c751e8b465ee728b)  -> (artifact id: '1fb655fdf7926ef3a5376d604d00497c') in 0.018841 seconds
Number of updated asset objects reloaded before import = 0
Number of asset objects unloaded after import = 10
========================================================================
Received Import Request.
  Time since last request: 2.403601 seconds.
  path: Assets/MainGame/Tale Monster Cube Env/Prefabs/Props/Castle_part.prefab
  artifactKey: Guid(3fd18f2eb1c0ae24c954ec071bd8d054) Importer(815301076,1909f56bfc062723c751e8b465ee728b)
Start importing Assets/MainGame/Tale Monster Cube Env/Prefabs/Props/Castle_part.prefab using Guid(3fd18f2eb1c0ae24c954ec071bd8d054) Importer(815301076,1909f56bfc062723c751e8b465ee728b)  -> (artifact id: '7a5444f202a3c93880ed020fb105e3a8') in 0.013100 seconds
Number of updated asset objects reloaded before import = 0
Number of asset objects unloaded after import = 9
========================================================================
Received Import Request.
  Time since last request: 0.000017 seconds.
  path: Assets/MainGame/Tale Monster Cube Env/Prefabs/Props/Top_Castle.prefab
  artifactKey: Guid(a0a3d23993fa0d341bf818fabf9000e6) Importer(815301076,1909f56bfc062723c751e8b465ee728b)
Start importing Assets/MainGame/Tale Monster Cube Env/Prefabs/Props/Top_Castle.prefab using Guid(a0a3d23993fa0d341bf818fabf9000e6) Importer(815301076,1909f56bfc062723c751e8b465ee728b)  -> (artifact id: '67c4d6d16f8be9567e89d9dc6c72a12b') in 0.013476 seconds
Number of updated asset objects reloaded before import = 0
Number of asset objects unloaded after import = 9
========================================================================
Received Import Request.
  Time since last request: 0.000014 seconds.
  path: Assets/MainGame/Tale Monster Cube Env/Prefabs/Props/Props_1.prefab
  artifactKey: Guid(5c01dc93a04f3d240b6de1848b332f15) Importer(815301076,1909f56bfc062723c751e8b465ee728b)
Start importing Assets/MainGame/Tale Monster Cube Env/Prefabs/Props/Props_1.prefab using Guid(5c01dc93a04f3d240b6de1848b332f15) Importer(815301076,1909f56bfc062723c751e8b465ee728b)  -> (artifact id: '5dcd2cdeed0d3ee3eaeb310801efb685') in 0.011943 seconds
Number of updated asset objects reloaded before import = 0
Number of asset objects unloaded after import = 9
========================================================================
Received Import Request.
  Time since last request: 0.000018 seconds.
  path: Assets/MainGame/Tale Monster Cube Env/Prefabs/Props/Top_Castle_2.prefab
  artifactKey: Guid(97032db00b32bea43ae58bcf2f43879e) Importer(815301076,1909f56bfc062723c751e8b465ee728b)
Start importing Assets/MainGame/Tale Monster Cube Env/Prefabs/Props/Top_Castle_2.prefab using Guid(97032db00b32bea43ae58bcf2f43879e) Importer(815301076,1909f56bfc062723c751e8b465ee728b)  -> (artifact id: 'c106a8b230de499393fa9b411220c421') in 0.012308 seconds
Number of updated asset objects reloaded before import = 0
Number of asset objects unloaded after import = 9
========================================================================
Received Import Request.
  Time since last request: 0.617728 seconds.
  path: Assets/MainGame/Tale Monster Cube Env/Prefabs/Complex/Base_2_tall.prefab
  artifactKey: Guid(7f842a3a01eb62746818b5d6641622dd) Importer(815301076,1909f56bfc062723c751e8b465ee728b)
Start importing Assets/MainGame/Tale Monster Cube Env/Prefabs/Complex/Base_2_tall.prefab using Guid(7f842a3a01eb62746818b5d6641622dd) Importer(815301076,1909f56bfc062723c751e8b465ee728b)  -> (artifact id: 'ebdbdb66c9e579dfb399a072d1acb482') in 0.015257 seconds
Number of updated asset objects reloaded before import = 0
Number of asset objects unloaded after import = 23
========================================================================
Received Import Request.
  Time since last request: 0.000020 seconds.
  path: Assets/MainGame/Tale Monster Cube Env/Prefabs/Complex/Base_tall.prefab
  artifactKey: Guid(f5afe6ece1be7aa4f80b85d6a40fcc2a) Importer(815301076,1909f56bfc062723c751e8b465ee728b)
Start importing Assets/MainGame/Tale Monster Cube Env/Prefabs/Complex/Base_tall.prefab using Guid(f5afe6ece1be7aa4f80b85d6a40fcc2a) Importer(815301076,1909f56bfc062723c751e8b465ee728b)  -> (artifact id: '6b287738b8053fa2af80f18e31aa7b51') in 0.015818 seconds
Number of updated asset objects reloaded before import = 0
Number of asset objects unloaded after import = 23
========================================================================
Received Import Request.
  Time since last request: 0.000019 seconds.
  path: Assets/MainGame/Tale Monster Cube Env/Prefabs/Complex/Base_4.prefab
  artifactKey: Guid(867aee9deae4d3945937fa8ae8668c0d) Importer(815301076,1909f56bfc062723c751e8b465ee728b)
Start importing Assets/MainGame/Tale Monster Cube Env/Prefabs/Complex/Base_4.prefab using Guid(867aee9deae4d3945937fa8ae8668c0d) Importer(815301076,1909f56bfc062723c751e8b465ee728b)  -> (artifact id: '14f9b29f5d15ec960741ec6c4928ab61') in 0.020989 seconds
Number of updated asset objects reloaded before import = 0
Number of asset objects unloaded after import = 23
========================================================================
Received Import Request.
  Time since last request: 1.360206 seconds.
  path: Assets/MainGame/Tale Monster Cube Env/Prefabs/Base/Base_3.prefab
  artifactKey: Guid(2599e607b6d930e4ab5b6d1e1d05ce2f) Importer(815301076,1909f56bfc062723c751e8b465ee728b)
Start importing Assets/MainGame/Tale Monster Cube Env/Prefabs/Base/Base_3.prefab using Guid(2599e607b6d930e4ab5b6d1e1d05ce2f) Importer(815301076,1909f56bfc062723c751e8b465ee728b)  -> (artifact id: '3bef14e01dabcd7df803bf2f06670679') in 0.013624 seconds
Number of updated asset objects reloaded before import = 0
Number of asset objects unloaded after import = 9
========================================================================
Received Import Request.
  Time since last request: 0.000021 seconds.
  path: Assets/MainGame/Tale Monster Cube Env/Prefabs/Base/Base_6.prefab
  artifactKey: Guid(ec176050bab37a642a32710742a873f1) Importer(815301076,1909f56bfc062723c751e8b465ee728b)
Start importing Assets/MainGame/Tale Monster Cube Env/Prefabs/Base/Base_6.prefab using Guid(ec176050bab37a642a32710742a873f1) Importer(815301076,1909f56bfc062723c751e8b465ee728b)  -> (artifact id: '8080113ddd23213dc9708c2ca0662bc0') in 0.045227 seconds
Number of updated asset objects reloaded before import = 0
Number of asset objects unloaded after import = 9
========================================================================
Received Import Request.
  Time since last request: 5.060093 seconds.
  path: Assets/MainGame/Tale Monster Cube Env/Meshes/Base_2.asset
  artifactKey: Guid(ea13882c2c7fcf544ad463302d3f7925) Importer(815301076,1909f56bfc062723c751e8b465ee728b)
Start importing Assets/MainGame/Tale Monster Cube Env/Meshes/Base_2.asset using Guid(ea13882c2c7fcf544ad463302d3f7925) Importer(815301076,1909f56bfc062723c751e8b465ee728b)  -> (artifact id: 'ecb6868b317ba9b411ef371da5bed756') in 0.025305 seconds
Number of updated asset objects reloaded before import = 0
Number of asset objects unloaded after import = 2
========================================================================
Received Import Request.
  Time since last request: 0.000016 seconds.
  path: Assets/MainGame/Tale Monster Cube Env/Meshes/Base_6.asset
  artifactKey: Guid(0b123b13f1af59b4a90a707cc276c598) Importer(815301076,1909f56bfc062723c751e8b465ee728b)
Start importing Assets/MainGame/Tale Monster Cube Env/Meshes/Base_6.asset using Guid(0b123b13f1af59b4a90a707cc276c598) Importer(815301076,1909f56bfc062723c751e8b465ee728b)  -> (artifact id: '5943fcb458991c14350d07b7c96d237b') in 0.023243 seconds
Number of updated asset objects reloaded before import = 0
Number of asset objects unloaded after import = 2
========================================================================
Received Import Request.
  Time since last request: 0.000012 seconds.
  path: Assets/MainGame/Tale Monster Cube Env/Meshes/Leder_Full.asset
  artifactKey: Guid(a198f720b8c9d1d4da845100b143bb16) Importer(815301076,1909f56bfc062723c751e8b465ee728b)
Start importing Assets/MainGame/Tale Monster Cube Env/Meshes/Leder_Full.asset using Guid(a198f720b8c9d1d4da845100b143bb16) Importer(815301076,1909f56bfc062723c751e8b465ee728b)  -> (artifact id: '4dbe2d7190048c29dfabf7242e5faf38') in 0.031427 seconds
Number of updated asset objects reloaded before import = 0
Number of asset objects unloaded after import = 2
========================================================================
Received Import Request.
  Time since last request: 0.000026 seconds.
  path: Assets/MainGame/Tale Monster Cube Env/Meshes/Castle_part.asset
  artifactKey: Guid(38fd7db640f53684a86088a5123b6557) Importer(815301076,1909f56bfc062723c751e8b465ee728b)
Start importing Assets/MainGame/Tale Monster Cube Env/Meshes/Castle_part.asset using Guid(38fd7db640f53684a86088a5123b6557) Importer(815301076,1909f56bfc062723c751e8b465ee728b)  -> (artifact id: '52f94ae2c113a50f6b2f4c560cb7e5de') in 0.013978 seconds
Number of updated asset objects reloaded before import = 0
Number of asset objects unloaded after import = 2
========================================================================
Received Import Request.
  Time since last request: 0.000017 seconds.
  path: Assets/MainGame/Tale Monster Cube Env/Meshes/Base_5_solid.asset
  artifactKey: Guid(421450eb5e88c2b4aaeadb4b076e604a) Importer(815301076,1909f56bfc062723c751e8b465ee728b)
Start importing Assets/MainGame/Tale Monster Cube Env/Meshes/Base_5_solid.asset using Guid(421450eb5e88c2b4aaeadb4b076e604a) Importer(815301076,1909f56bfc062723c751e8b465ee728b)  -> (artifact id: '873eaf27aaf59806016aa0b92f1b350d') in 0.012319 seconds
Number of updated asset objects reloaded before import = 0
Number of asset objects unloaded after import = 2
========================================================================
Received Import Request.
  Time since last request: 0.543672 seconds.
  path: Assets/MainGame/Tale Monster Cube Env/Materials/Dirt.mat
  artifactKey: Guid(e7e0463e6cfc5024c9ec44e8a7feec23) Importer(815301076,1909f56bfc062723c751e8b465ee728b)
Start importing Assets/MainGame/Tale Monster Cube Env/Materials/Dirt.mat using Guid(e7e0463e6cfc5024c9ec44e8a7feec23) Importer(815301076,1909f56bfc062723c751e8b465ee728b)  -> (artifact id: '4762d6da57b6f9e31afc7ba221b73487') in 0.026623 seconds
Number of updated asset objects reloaded before import = 0
Number of asset objects unloaded after import = 1
========================================================================
Received Import Request.
  Time since last request: 0.000023 seconds.
  path: Assets/MainGame/Tale Monster Cube Env/Materials/Grass 1.mat
  artifactKey: Guid(313169169abd70644b1a6b4149abf128) Importer(815301076,1909f56bfc062723c751e8b465ee728b)
Start importing Assets/MainGame/Tale Monster Cube Env/Materials/Grass 1.mat using Guid(313169169abd70644b1a6b4149abf128) Importer(815301076,1909f56bfc062723c751e8b465ee728b)  -> (artifact id: '2bfac50ad9d300f636ccc695b5123181') in 0.012553 seconds
Number of updated asset objects reloaded before import = 0
Number of asset objects unloaded after import = 1
========================================================================
Received Import Request.
  Time since last request: 0.000027 seconds.
  path: Assets/MainGame/Tale Monster Cube Env/Materials/Sand.mat
  artifactKey: Guid(b5f371fcc8cfcb84385db043e1239fc9) Importer(815301076,1909f56bfc062723c751e8b465ee728b)
Start importing Assets/MainGame/Tale Monster Cube Env/Materials/Sand.mat using Guid(b5f371fcc8cfcb84385db043e1239fc9) Importer(815301076,1909f56bfc062723c751e8b465ee728b)  -> (artifact id: '9175384bd71600b8edddaca1c9ab1639') in 0.012875 seconds
Number of updated asset objects reloaded before import = 0
Number of asset objects unloaded after import = 1
========================================================================
Received Import Request.
  Time since last request: 2.126939 seconds.
  path: Assets/MainGame/Tale Monster Cube Env/Prefabs/Top/Top_4_complex.prefab
  artifactKey: Guid(3b992ee762db5b244abb770e478f1ce5) Importer(815301076,1909f56bfc062723c751e8b465ee728b)
Start importing Assets/MainGame/Tale Monster Cube Env/Prefabs/Top/Top_4_complex.prefab using Guid(3b992ee762db5b244abb770e478f1ce5) Importer(815301076,1909f56bfc062723c751e8b465ee728b)  -> (artifact id: '57668e4efad8a7e982d56d2255e5b0c9') in 0.016952 seconds
Number of updated asset objects reloaded before import = 0
Number of asset objects unloaded after import = 9
Editor requested this worker to shutdown with reason: Scaling down because of idle timeout
TcpMessagingSession - receive error: operation aborted. errorcode: 995, details: 스레드 종료 또는 응용 프로그램 요청 때문에 I/O 작업이 취소되었습니다.
AssetImportWorker is now disconnected from the server
Process exiting
Exiting without the bug reporter. Application will terminate with return code 0