Using pre-set license
Built from '2022.3/staging' branch; Version is '2022.3.30f1 (70558241b701) revision 7361922'; Using compiler version '192829333'; Build Type 'Release'
OS: 'Windows 10  (10.0.19045) 64bit Education' Language: 'ko' Physical Memory: 16297 MB
BatchMode: 1, IsHumanControllingUs: 0, StartBugReporterOnCrash: 0, Is64bit: 1, IsPro: 1

COMMAND LINE ARGUMENTS:
C:\Program Files\Unity\Hub\Editor\2022.3.30f1\Editor\Unity.exe
-adb2
-batchMode
-noUpm
-name
AssetImportWorker0
-projectPath
C:/Users/Administrator/Desktop/UnityGame/Game
-logFile
Logs/AssetImportWorker0.log
-srvPort
65033
Successfully changed project path to: C:/Users/Administrator/Desktop/UnityGame/Game
C:/Users/Administrator/Desktop/UnityGame/Game
[UnityMemory] Configuration Parameters - Can be set up in boot.config
    "memorysetup-bucket-allocator-granularity=16"
    "memorysetup-bucket-allocator-bucket-count=8"
    "memorysetup-bucket-allocator-block-size=33554432"
    "memorysetup-bucket-allocator-block-count=8"
    "memorysetup-main-allocator-block-size=16777216"
    "memorysetup-thread-allocator-block-size=16777216"
    "memorysetup-gfx-main-allocator-block-size=16777216"
    "memorysetup-gfx-thread-allocator-block-size=16777216"
    "memorysetup-cache-allocator-block-size=4194304"
    "memorysetup-typetree-allocator-block-size=2097152"
    "memorysetup-profiler-bucket-allocator-granularity=16"
    "memorysetup-profiler-bucket-allocator-bucket-count=8"
    "memorysetup-profiler-bucket-allocator-block-size=33554432"
    "memorysetup-profiler-bucket-allocator-block-count=8"
    "memorysetup-profiler-allocator-block-size=16777216"
    "memorysetup-profiler-editor-allocator-block-size=1048576"
    "memorysetup-temp-allocator-size-main=16777216"
    "memorysetup-job-temp-allocator-block-size=2097152"
    "memorysetup-job-temp-allocator-block-size-background=1048576"
    "memorysetup-job-temp-allocator-reduction-small-platforms=262144"
    "memorysetup-allocator-temp-initial-block-size-main=262144"
    "memorysetup-allocator-temp-initial-block-size-worker=262144"
    "memorysetup-temp-allocator-size-background-worker=32768"
    "memorysetup-temp-allocator-size-job-worker=262144"
    "memorysetup-temp-allocator-size-preload-manager=33554432"
    "memorysetup-temp-allocator-size-nav-mesh-worker=65536"
    "memorysetup-temp-allocator-size-audio-worker=65536"
    "memorysetup-temp-allocator-size-cloud-worker=32768"
    "memorysetup-temp-allocator-size-gi-baking-worker=262144"
    "memorysetup-temp-allocator-size-gfx=262144"
Player connection [4080] Host "[IP] 192.168.0.62 [Port] 0 [Flags] 2 [Guid] 773628023 [EditorId] 773628023 [Version] 1048832 [Id] WindowsEditor(7,I-06) [Debug] 1 [PackageName] WindowsEditor [ProjectName] Editor" joined multi-casting on [225.0.0.222:54997]...

Player connection [4080] Host "[IP] 192.168.0.62 [Port] 0 [Flags] 2 [Guid] 773628023 [EditorId] 773628023 [Version] 1048832 [Id] WindowsEditor(7,I-06) [Debug] 1 [PackageName] WindowsEditor [ProjectName] Editor" joined alternative multi-casting on [225.0.0.222:34997]...

[Physics::Module] Initialized MultithreadedJobDispatcher with 15 workers.
Refreshing native plugins compatible for Editor in 6.43 ms, found 3 plugins.
Preloading 0 native plugins for Editor in 0.00 ms.
Initialize engine version: 2022.3.30f1 (70558241b701)
[Subsystems] Discovering subsystems at path C:/Program Files/Unity/Hub/Editor/2022.3.30f1/Editor/Data/Resources/UnitySubsystems
[Subsystems] Discovering subsystems at path C:/Users/Administrator/Desktop/UnityGame/Game/Assets
GfxDevice: creating device client; threaded=0; jobified=0
Direct3D:
    Version:  Direct3D 11.0 [level 11.1]
    Renderer: NVIDIA GeForce GTX 1660 (ID=0x2184)
    Vendor:   NVIDIA
    VRAM:     5980 MB
    Driver:   31.0.15.3623
Initialize mono
Mono path[0] = 'C:/Program Files/Unity/Hub/Editor/2022.3.30f1/Editor/Data/Managed'
Mono path[1] = 'C:/Program Files/Unity/Hub/Editor/2022.3.30f1/Editor/Data/MonoBleedingEdge/lib/mono/unityjit-win32'
Mono config path = 'C:/Program Files/Unity/Hub/Editor/2022.3.30f1/Editor/Data/MonoBleedingEdge/etc'
Using monoOptions --debugger-agent=transport=dt_socket,embedding=1,server=y,suspend=n,address=127.0.0.1:56060
Begin MonoManager ReloadAssembly
Registering precompiled unity dll's ...
Register platform support module: C:/Program Files/Unity/Hub/Editor/2022.3.30f1/Editor/Data/PlaybackEngines/WindowsStandaloneSupport/UnityEditor.WindowsStandalone.Extensions.dll
Register platform support module: C:/Program Files/Unity/Hub/Editor/2022.3.30f1/Editor/Data/PlaybackEngines/MetroSupport/UnityEditor.UWP.Extensions.dll
Registered in 0.005520 seconds.
- Loaded All Assemblies, in  0.344 seconds
Native extension for UWP target not found
Native extension for WindowsStandalone target not found
Mono: successfully reloaded assembly
- Finished resetting the current domain, in  0.250 seconds
Domain Reload Profiling: 594ms
	BeginReloadAssembly (103ms)
		ExecutionOrderSort (0ms)
		DisableScriptedObjects (0ms)
		BackupInstance (0ms)
		ReleaseScriptingObjects (0ms)
		CreateAndSetChildDomain (1ms)
	RebuildCommonClasses (30ms)
	RebuildNativeTypeToScriptingClass (10ms)
	initialDomainReloadingComplete (53ms)
	LoadAllAssembliesAndSetupDomain (147ms)
		LoadAssemblies (103ms)
		RebuildTransferFunctionScriptingTraits (0ms)
		AnalyzeDomain (145ms)
			TypeCache.Refresh (144ms)
				TypeCache.ScanAssembly (129ms)
			ScanForSourceGeneratedMonoScriptInfo (0ms)
			ResolveRequiredComponents (0ms)
	FinalizeReload (251ms)
		ReleaseScriptCaches (0ms)
		RebuildScriptCaches (0ms)
		SetupLoadedEditorAssemblies (194ms)
			LogAssemblyErrors (0ms)
			InitializePlatformSupportModulesInManaged (8ms)
			SetLoadedEditorAssemblies (5ms)
			RefreshPlugins (0ms)
			BeforeProcessingInitializeOnLoad (2ms)
			ProcessInitializeOnLoadAttributes (133ms)
			ProcessInitializeOnLoadMethodAttributes (47ms)
			AfterProcessingInitializeOnLoad (0ms)
			EditorAssembliesLoaded (0ms)
		ExecutionOrderSort2 (0ms)
		AwakeInstancesAfterBackupRestoration (0ms)
========================================================================
Worker process is ready to serve import requests
Begin MonoManager ReloadAssembly
- Loaded All Assemblies, in  0.543 seconds
Refreshing native plugins compatible for Editor in 2.11 ms, found 3 plugins.
Native extension for UWP target not found
Native extension for WindowsStandalone target not found
Package Manager log level set to [2]
[Package Manager] Server::EnsureServerProcessIsRunning -- launch failed, reason: Unity was launched with the -noUpm command-line argument
[Package Manager] UpmClient::Send -- Unable to send message (not connected to UPM process).
[Package Manager] Cannot connect to Unity Package Manager local server
Mono: successfully reloaded assembly
- Finished resetting the current domain, in  0.529 seconds
Domain Reload Profiling: 1071ms
	BeginReloadAssembly (148ms)
		ExecutionOrderSort (0ms)
		DisableScriptedObjects (6ms)
		BackupInstance (0ms)
		ReleaseScriptingObjects (0ms)
		CreateAndSetChildDomain (25ms)
	RebuildCommonClasses (37ms)
	RebuildNativeTypeToScriptingClass (10ms)
	initialDomainReloadingComplete (36ms)
	LoadAllAssembliesAndSetupDomain (310ms)
		LoadAssemblies (231ms)
		RebuildTransferFunctionScriptingTraits (0ms)
		AnalyzeDomain (157ms)
			TypeCache.Refresh (138ms)
				TypeCache.ScanAssembly (125ms)
			ScanForSourceGeneratedMonoScriptInfo (12ms)
			ResolveRequiredComponents (5ms)
	FinalizeReload (530ms)
		ReleaseScriptCaches (0ms)
		RebuildScriptCaches (0ms)
		SetupLoadedEditorAssemblies (386ms)
			LogAssemblyErrors (0ms)
			InitializePlatformSupportModulesInManaged (5ms)
			SetLoadedEditorAssemblies (3ms)
			RefreshPlugins (0ms)
			BeforeProcessingInitializeOnLoad (46ms)
			ProcessInitializeOnLoadAttributes (310ms)
			ProcessInitializeOnLoadMethodAttributes (20ms)
			AfterProcessingInitializeOnLoad (3ms)
			EditorAssembliesLoaded (0ms)
		ExecutionOrderSort2 (0ms)
		AwakeInstancesAfterBackupRestoration (12ms)
Launched and connected shader compiler UnityShaderCompiler.exe after 0.03 seconds
Refreshing native plugins compatible for Editor in 2.03 ms, found 3 plugins.
Preloading 0 native plugins for Editor in 0.00 ms.
Unloading 3130 Unused Serialized files (Serialized files now loaded: 0)
Unloading 33 unused Assets / (58.0 KB). Loaded Objects now: 3601.
Memory consumption went from 131.0 MB to 130.9 MB.
Total: 3.858300 ms (FindLiveObjects: 0.349100 ms CreateObjectMapping: 0.305700 ms MarkObjects: 3.044900 ms  DeleteObjects: 0.157300 ms)

AssetImportParameters requested are different than current active one (requested -> active):
  custom:container-demuxer-ogg: 62fdf1f143b41e24485cea50d1cbac27 -> 
  custom:video-decoder-ogg-theora: a1e56fd34408186e4bbccfd4996cb3dc -> 
  custom:framework-win-MediaFoundation: 216162199b28c13a410421893ffa2e32 -> 
  custom:CustomObjectIndexerAttribute: 9a22284fe3817be447336de3de66b15e -> 
  custom:container-demuxer-webm: 4f35f7cbe854078d1ac9338744f61a02 -> 
  custom:container-muxer-webm: aa71ff27fc2769a1b78a27578f13a17b -> 
  custom:video-decoder-webm-vp8: 9c59270c3fd7afecdb556c50c9e8de78 -> 
  custom:SearchIndexIgnoredProperties: e643bd26f0fe6173181afceb89e7c659 -> 
  custom:AudioImporter_EditorPlatform: d09bf68614088b80899f8185d706f6e7 -> 
  custom:video-encoder-webm-vp8: eb34c28f22e8b96e1ab97ce403110664 -> 
  custom:audio-decoder-ogg-vorbis: bf7c407c2cedff20999df2af8eb42d56 -> 
  custom:audio-encoder-webm-vorbis: bf7c407c2cedff20999df2af8eb42d56 -> 
========================================================================
Received Import Request.
  Time since last request: 7719.410354 seconds.
  path: Assets/MainGame/Scene
  artifactKey: Guid(a663ecb55bc75924fbc1ff9b20b93f7a) Importer(815301076,1909f56bfc062723c751e8b465ee728b)
Start importing Assets/MainGame/Scene using Guid(a663ecb55bc75924fbc1ff9b20b93f7a) Importer(815301076,1909f56bfc062723c751e8b465ee728b)  -> (artifact id: '408821ee4a157fac6b775f0126d6ce6d') in 0.001862 seconds
Number of updated asset objects reloaded before import = 0
Number of asset objects unloaded after import = 0
========================================================================
Received Import Request.
  Time since last request: 0.752856 seconds.
  path: Assets/MainGame/Scene/Main.unity
  artifactKey: Guid(8121cbb593508754da3b6415b860d842) Importer(815301076,1909f56bfc062723c751e8b465ee728b)
Start importing Assets/MainGame/Scene/Main.unity using Guid(8121cbb593508754da3b6415b860d842) Importer(815301076,1909f56bfc062723c751e8b465ee728b)  -> (artifact id: 'a09b068bcff6b3cffc555cc631b6fa3e') in 0.000350 seconds
Number of updated asset objects reloaded before import = 0
Number of asset objects unloaded after import = 0
========================================================================
Received Import Request.
  Time since last request: 17.006777 seconds.
  path: Assets/MainGame/Cave Platformer Tileset/Example stage layers
  artifactKey: Guid(704618268ecbe8f4ea10fa092599514e) Importer(815301076,1909f56bfc062723c751e8b465ee728b)
Start importing Assets/MainGame/Cave Platformer Tileset/Example stage layers using Guid(704618268ecbe8f4ea10fa092599514e) Importer(815301076,1909f56bfc062723c751e8b465ee728b)  -> (artifact id: 'e2cec4bc087689a2dcfebfd105480df5') in 0.000344 seconds
Number of updated asset objects reloaded before import = 0
Number of asset objects unloaded after import = 0
========================================================================
Received Import Request.
  Time since last request: 1.070826 seconds.
  path: Assets/MainGame/Cave Platformer Tileset/Individual PNG files
  artifactKey: Guid(a4ea6df400fee2648b223ed6fbe8bfea) Importer(815301076,1909f56bfc062723c751e8b465ee728b)
Start importing Assets/MainGame/Cave Platformer Tileset/Individual PNG files using Guid(a4ea6df400fee2648b223ed6fbe8bfea) Importer(815301076,1909f56bfc062723c751e8b465ee728b)  -> (artifact id: '1d673e9a45786ba71e8e7bfccc1ac157') in 0.000346 seconds
Number of updated asset objects reloaded before import = 0
Number of asset objects unloaded after import = 0
========================================================================
Received Import Request.
  Time since last request: 0.359260 seconds.
  path: Assets/MainGame/Cave Platformer Tileset/Monster sprite sheets
  artifactKey: Guid(6ef767095095f8848a3bd23030d1c070) Importer(815301076,1909f56bfc062723c751e8b465ee728b)
Start importing Assets/MainGame/Cave Platformer Tileset/Monster sprite sheets using Guid(6ef767095095f8848a3bd23030d1c070) Importer(815301076,1909f56bfc062723c751e8b465ee728b)  -> (artifact id: '7d9031d1f97f62b3d0c23117bf3de988') in 0.000350 seconds
Number of updated asset objects reloaded before import = 0
Number of asset objects unloaded after import = 0
========================================================================
Received Import Request.
  Time since last request: 1.935292 seconds.
  path: Assets/MainGame/Cave Platformer Tileset/Individual PNG files/Tileset
  artifactKey: Guid(fed47f07d33793f439bf6efc8baefda9) Importer(815301076,1909f56bfc062723c751e8b465ee728b)
Start importing Assets/MainGame/Cave Platformer Tileset/Individual PNG files/Tileset using Guid(fed47f07d33793f439bf6efc8baefda9) Importer(815301076,1909f56bfc062723c751e8b465ee728b)  -> (artifact id: 'ff11300aee3fdbd9a59e68de03f76025') in 0.000346 seconds
Number of updated asset objects reloaded before import = 0
Number of asset objects unloaded after import = 0
========================================================================
Received Import Request.
  Time since last request: 3.183576 seconds.
  path: Assets/MainGame/Cave Platformer Tileset/Example stage layers/bg_01_sky.png
  artifactKey: Guid(33fa31f61a034c649887c0d1209ce098) Importer(815301076,1909f56bfc062723c751e8b465ee728b)
Start importing Assets/MainGame/Cave Platformer Tileset/Example stage layers/bg_01_sky.png using Guid(33fa31f61a034c649887c0d1209ce098) Importer(815301076,1909f56bfc062723c751e8b465ee728b)  -> (artifact id: '0c9394e59533315e17b61cae6ee7a90e') in 0.097765 seconds
Number of updated asset objects reloaded before import = 0
Number of asset objects unloaded after import = 3
========================================================================
Received Import Request.
  Time since last request: 0.000023 seconds.
  path: Assets/MainGame/Cave Platformer Tileset/Example stage layers/bg_04_dungeon_g.png
  artifactKey: Guid(d9ff31821b2fe3d44bc3644f50fc5e7c) Importer(815301076,1909f56bfc062723c751e8b465ee728b)
Start importing Assets/MainGame/Cave Platformer Tileset/Example stage layers/bg_04_dungeon_g.png using Guid(d9ff31821b2fe3d44bc3644f50fc5e7c) Importer(815301076,1909f56bfc062723c751e8b465ee728b)  -> (artifact id: 'aa4f4b1196c5006146b8fc588e2850f1') in 0.025818 seconds
Number of updated asset objects reloaded before import = 0
Number of asset objects unloaded after import = 3
========================================================================
Received Import Request.
  Time since last request: 0.000016 seconds.
  path: Assets/MainGame/Cave Platformer Tileset/Example stage layers/bg_09_objects.png
  artifactKey: Guid(f3ce6fe827e8db04d987d6159319c3e7) Importer(815301076,1909f56bfc062723c751e8b465ee728b)
Start importing Assets/MainGame/Cave Platformer Tileset/Example stage layers/bg_09_objects.png using Guid(f3ce6fe827e8db04d987d6159319c3e7) Importer(815301076,1909f56bfc062723c751e8b465ee728b)  -> (artifact id: 'b581678a6fea3452290d1bb64a31867e') in 0.026584 seconds
Number of updated asset objects reloaded before import = 0
Number of asset objects unloaded after import = 3
========================================================================
Received Import Request.
  Time since last request: 0.000023 seconds.
  path: Assets/MainGame/Cave Platformer Tileset/Example stage layers/bg_04_dungeon_b.png
  artifactKey: Guid(57fcd4471a6867647aebc405d0801b09) Importer(815301076,1909f56bfc062723c751e8b465ee728b)
Start importing Assets/MainGame/Cave Platformer Tileset/Example stage layers/bg_04_dungeon_b.png using Guid(57fcd4471a6867647aebc405d0801b09) Importer(815301076,1909f56bfc062723c751e8b465ee728b)  -> (artifact id: 'f13da0e1ad313a7b0a53ea86ce6b81e5') in 0.025072 seconds
Number of updated asset objects reloaded before import = 0
Number of asset objects unloaded after import = 3
========================================================================
Received Import Request.
  Time since last request: 0.000013 seconds.
  path: Assets/MainGame/Cave Platformer Tileset/Example stage layers/bg_05_cave_g.png
  artifactKey: Guid(a1e82c71973d5a74895e7cb0e7bc1895) Importer(815301076,1909f56bfc062723c751e8b465ee728b)
Start importing Assets/MainGame/Cave Platformer Tileset/Example stage layers/bg_05_cave_g.png using Guid(a1e82c71973d5a74895e7cb0e7bc1895) Importer(815301076,1909f56bfc062723c751e8b465ee728b)  -> (artifact id: 'ded9b003e45d9106b66a6b34ebbdd385') in 0.022712 seconds
Number of updated asset objects reloaded before import = 0
Number of asset objects unloaded after import = 3
========================================================================
Received Import Request.
  Time since last request: 0.000012 seconds.
  path: Assets/MainGame/Cave Platformer Tileset/Example stage layers/bg_03_hills_b.png
  artifactKey: Guid(51c712eb1a3150f498493b1e903a1196) Importer(815301076,1909f56bfc062723c751e8b465ee728b)
Start importing Assets/MainGame/Cave Platformer Tileset/Example stage layers/bg_03_hills_b.png using Guid(51c712eb1a3150f498493b1e903a1196) Importer(815301076,1909f56bfc062723c751e8b465ee728b)  -> (artifact id: 'a69a4b24a16edbccd0a65faffb835c23') in 0.024391 seconds
Number of updated asset objects reloaded before import = 0
Number of asset objects unloaded after import = 3
========================================================================
Received Import Request.
  Time since last request: 0.000015 seconds.
  path: Assets/MainGame/Cave Platformer Tileset/Example stage layers/bg_08_brown.png
  artifactKey: Guid(5c3a6c4cd5780b542ac2d27c58e0b0cb) Importer(815301076,1909f56bfc062723c751e8b465ee728b)
Start importing Assets/MainGame/Cave Platformer Tileset/Example stage layers/bg_08_brown.png using Guid(5c3a6c4cd5780b542ac2d27c58e0b0cb) Importer(815301076,1909f56bfc062723c751e8b465ee728b)  -> (artifact id: '9bd658d6a3009a58b6d6f269ac2305fe') in 0.024036 seconds
Number of updated asset objects reloaded before import = 0
Number of asset objects unloaded after import = 3
========================================================================
Received Import Request.
  Time since last request: 0.000017 seconds.
  path: Assets/MainGame/Cave Platformer Tileset/Example stage layers/bg_06_caveinside_g.png
  artifactKey: Guid(185c02e2cb4f5ee42a3ab21794862681) Importer(815301076,1909f56bfc062723c751e8b465ee728b)
Start importing Assets/MainGame/Cave Platformer Tileset/Example stage layers/bg_06_caveinside_g.png using Guid(185c02e2cb4f5ee42a3ab21794862681) Importer(815301076,1909f56bfc062723c751e8b465ee728b)  -> (artifact id: 'a8b6da7fcddbb2cb5f6643aa30820f57') in 0.022031 seconds
Number of updated asset objects reloaded before import = 0
Number of asset objects unloaded after import = 3
========================================================================
Received Import Request.
  Time since last request: 9.737723 seconds.
  path: Assets/MainGame/Cave Platformer Tileset/Enviroment sprite sheets/trees-trunk-dark.png
  artifactKey: Guid(3a0e0e9389f595442bff65be2c3c7c67) Importer(815301076,1909f56bfc062723c751e8b465ee728b)
Start importing Assets/MainGame/Cave Platformer Tileset/Enviroment sprite sheets/trees-trunk-dark.png using Guid(3a0e0e9389f595442bff65be2c3c7c67) Importer(815301076,1909f56bfc062723c751e8b465ee728b)  -> (artifact id: '01a227f7afc83ff0151877b5af09a1c5') in 0.289879 seconds
Number of updated asset objects reloaded before import = 0
Number of asset objects unloaded after import = 74
========================================================================
Received Import Request.
  Time since last request: 0.852832 seconds.
  path: Assets/MainGame/Cave Platformer Tileset/Monster sprite sheets/scorpion-brown-sheet-x1.png
  artifactKey: Guid(ef6d1245778615c4fb5cb08637258ef2) Importer(815301076,1909f56bfc062723c751e8b465ee728b)
Start importing Assets/MainGame/Cave Platformer Tileset/Monster sprite sheets/scorpion-brown-sheet-x1.png using Guid(ef6d1245778615c4fb5cb08637258ef2) Importer(815301076,1909f56bfc062723c751e8b465ee728b)  -> (artifact id: 'dbfb3b861a0a658095ae60a55f907cba') in 0.052349 seconds
Number of updated asset objects reloaded before import = 0
Number of asset objects unloaded after import = 27
========================================================================
Received Import Request.
  Time since last request: 17.840382 seconds.
  path: Assets/MainGame/Cainos/Pixel Art Icon Pack - RPG/Material/MT Sprite Outline None.mat
  artifactKey: Guid(ab43b5449aabc884faa9439a63aa2035) Importer(815301076,1909f56bfc062723c751e8b465ee728b)
Start importing Assets/MainGame/Cainos/Pixel Art Icon Pack - RPG/Material/MT Sprite Outline None.mat using Guid(ab43b5449aabc884faa9439a63aa2035) Importer(815301076,1909f56bfc062723c751e8b465ee728b)  -> (artifact id: 'ea2c6595ec20b774dda0555ae0582d56') in 0.047934 seconds
Number of updated asset objects reloaded before import = 0
Number of asset objects unloaded after import = 1
========================================================================
Received Import Request.
  Time since last request: 0.000020 seconds.
  path: Assets/MainGame/Cainos/Pixel Art Icon Pack - RPG/Material/MT UI Icon Outline Dark.mat
  artifactKey: Guid(899a7f458dad9a740869a20c3e3b2d53) Importer(815301076,1909f56bfc062723c751e8b465ee728b)
Start importing Assets/MainGame/Cainos/Pixel Art Icon Pack - RPG/Material/MT UI Icon Outline Dark.mat using Guid(899a7f458dad9a740869a20c3e3b2d53) Importer(815301076,1909f56bfc062723c751e8b465ee728b)  -> (artifact id: '19d34415a274f183137de748c1b6d462') in 0.008746 seconds
Number of updated asset objects reloaded before import = 0
Number of asset objects unloaded after import = 1
Editor requested this worker to shutdown with reason: Scaling down because of idle timeout
TcpMessagingSession - receive error: operation aborted. errorcode: 995, details: 스레드 종료 또는 응용 프로그램 요청 때문에 I/O 작업이 취소되었습니다.
AssetImportWorker is now disconnected from the server
Process exiting
Exiting without the bug reporter. Application will terminate with return code 0