Using pre-set license
Built from '2022.3/staging' branch; Version is '2022.3.30f1 (70558241b701) revision 7361922'; Using compiler version '192829333'; Build Type 'Release'
OS: 'Windows 10  (10.0.19045) 64bit Education' Language: 'ko' Physical Memory: 16297 MB
BatchMode: 1, IsHumanControllingUs: 0, StartBugReporterOnCrash: 0, Is64bit: 1, IsPro: 1

COMMAND LINE ARGUMENTS:
C:\Program Files\Unity\Hub\Editor\2022.3.30f1\Editor\Unity.exe
-adb2
-batchMode
-noUpm
-name
AssetImportWorker2
-projectPath
C:/Users/Administrator/Desktop/UnityGame/Game
-logFile
Logs/AssetImportWorker2.log
-srvPort
50239
Successfully changed project path to: C:/Users/Administrator/Desktop/UnityGame/Game
C:/Users/Administrator/Desktop/UnityGame/Game
[UnityMemory] Configuration Parameters - Can be set up in boot.config
    "memorysetup-bucket-allocator-granularity=16"
    "memorysetup-bucket-allocator-bucket-count=8"
    "memorysetup-bucket-allocator-block-size=33554432"
    "memorysetup-bucket-allocator-block-count=8"
    "memorysetup-main-allocator-block-size=16777216"
    "memorysetup-thread-allocator-block-size=16777216"
    "memorysetup-gfx-main-allocator-block-size=16777216"
    "memorysetup-gfx-thread-allocator-block-size=16777216"
    "memorysetup-cache-allocator-block-size=4194304"
    "memorysetup-typetree-allocator-block-size=2097152"
    "memorysetup-profiler-bucket-allocator-granularity=16"
    "memorysetup-profiler-bucket-allocator-bucket-count=8"
    "memorysetup-profiler-bucket-allocator-block-size=33554432"
    "memorysetup-profiler-bucket-allocator-block-count=8"
    "memorysetup-profiler-allocator-block-size=16777216"
    "memorysetup-profiler-editor-allocator-block-size=1048576"
    "memorysetup-temp-allocator-size-main=16777216"
    "memorysetup-job-temp-allocator-block-size=2097152"
    "memorysetup-job-temp-allocator-block-size-background=1048576"
    "memorysetup-job-temp-allocator-reduction-small-platforms=262144"
    "memorysetup-allocator-temp-initial-block-size-main=262144"
    "memorysetup-allocator-temp-initial-block-size-worker=262144"
    "memorysetup-temp-allocator-size-background-worker=32768"
    "memorysetup-temp-allocator-size-job-worker=262144"
    "memorysetup-temp-allocator-size-preload-manager=33554432"
    "memorysetup-temp-allocator-size-nav-mesh-worker=65536"
    "memorysetup-temp-allocator-size-audio-worker=65536"
    "memorysetup-temp-allocator-size-cloud-worker=32768"
    "memorysetup-temp-allocator-size-gi-baking-worker=262144"
    "memorysetup-temp-allocator-size-gfx=262144"
Player connection [2500] Host "[IP] 192.168.0.62 [Port] 0 [Flags] 2 [Guid] 3136102384 [EditorId] 3136102384 [Version] 1048832 [Id] WindowsEditor(7,I-06) [Debug] 1 [PackageName] WindowsEditor [ProjectName] Editor" joined multi-casting on [225.0.0.222:54997]...

Player connection [2500] Host "[IP] 192.168.0.62 [Port] 0 [Flags] 2 [Guid] 3136102384 [EditorId] 3136102384 [Version] 1048832 [Id] WindowsEditor(7,I-06) [Debug] 1 [PackageName] WindowsEditor [ProjectName] Editor" joined alternative multi-casting on [225.0.0.222:34997]...

[Physics::Module] Initialized MultithreadedJobDispatcher with 15 workers.
Refreshing native plugins compatible for Editor in 6.22 ms, found 3 plugins.
Preloading 0 native plugins for Editor in 0.00 ms.
Initialize engine version: 2022.3.30f1 (70558241b701)
[Subsystems] Discovering subsystems at path C:/Program Files/Unity/Hub/Editor/2022.3.30f1/Editor/Data/Resources/UnitySubsystems
[Subsystems] Discovering subsystems at path C:/Users/Administrator/Desktop/UnityGame/Game/Assets
GfxDevice: creating device client; threaded=0; jobified=0
Direct3D:
    Version:  Direct3D 11.0 [level 11.1]
    Renderer: NVIDIA GeForce GTX 1660 (ID=0x2184)
    Vendor:   NVIDIA
    VRAM:     5980 MB
    Driver:   31.0.15.3623
Initialize mono
Mono path[0] = 'C:/Program Files/Unity/Hub/Editor/2022.3.30f1/Editor/Data/Managed'
Mono path[1] = 'C:/Program Files/Unity/Hub/Editor/2022.3.30f1/Editor/Data/MonoBleedingEdge/lib/mono/unityjit-win32'
Mono config path = 'C:/Program Files/Unity/Hub/Editor/2022.3.30f1/Editor/Data/MonoBleedingEdge/etc'
Using monoOptions --debugger-agent=transport=dt_socket,embedding=1,server=y,suspend=n,address=127.0.0.1:56040
Begin MonoManager ReloadAssembly
Registering precompiled unity dll's ...
Register platform support module: C:/Program Files/Unity/Hub/Editor/2022.3.30f1/Editor/Data/PlaybackEngines/WindowsStandaloneSupport/UnityEditor.WindowsStandalone.Extensions.dll
Register platform support module: C:/Program Files/Unity/Hub/Editor/2022.3.30f1/Editor/Data/PlaybackEngines/MetroSupport/UnityEditor.UWP.Extensions.dll
Registered in 0.006312 seconds.
- Loaded All Assemblies, in  0.318 seconds
Native extension for UWP target not found
Native extension for WindowsStandalone target not found
Mono: successfully reloaded assembly
- Finished resetting the current domain, in  0.245 seconds
Domain Reload Profiling: 563ms
	BeginReloadAssembly (99ms)
		ExecutionOrderSort (0ms)
		DisableScriptedObjects (0ms)
		BackupInstance (0ms)
		ReleaseScriptingObjects (0ms)
		CreateAndSetChildDomain (1ms)
	RebuildCommonClasses (34ms)
	RebuildNativeTypeToScriptingClass (9ms)
	initialDomainReloadingComplete (49ms)
	LoadAllAssembliesAndSetupDomain (125ms)
		LoadAssemblies (99ms)
		RebuildTransferFunctionScriptingTraits (0ms)
		AnalyzeDomain (124ms)
			TypeCache.Refresh (122ms)
				TypeCache.ScanAssembly (110ms)
			ScanForSourceGeneratedMonoScriptInfo (0ms)
			ResolveRequiredComponents (0ms)
	FinalizeReload (246ms)
		ReleaseScriptCaches (0ms)
		RebuildScriptCaches (0ms)
		SetupLoadedEditorAssemblies (196ms)
			LogAssemblyErrors (0ms)
			InitializePlatformSupportModulesInManaged (8ms)
			SetLoadedEditorAssemblies (5ms)
			RefreshPlugins (0ms)
			BeforeProcessingInitializeOnLoad (2ms)
			ProcessInitializeOnLoadAttributes (135ms)
			ProcessInitializeOnLoadMethodAttributes (46ms)
			AfterProcessingInitializeOnLoad (0ms)
			EditorAssembliesLoaded (0ms)
		ExecutionOrderSort2 (0ms)
		AwakeInstancesAfterBackupRestoration (0ms)
========================================================================
Worker process is ready to serve import requests
Begin MonoManager ReloadAssembly
- Loaded All Assemblies, in  0.538 seconds
Refreshing native plugins compatible for Editor in 2.08 ms, found 3 plugins.
Native extension for UWP target not found
Native extension for WindowsStandalone target not found
Package Manager log level set to [2]
[Package Manager] Server::EnsureServerProcessIsRunning -- launch failed, reason: Unity was launched with the -noUpm command-line argument
[Package Manager] UpmClient::Send -- Unable to send message (not connected to UPM process).
[Package Manager] Cannot connect to Unity Package Manager local server
Mono: successfully reloaded assembly
- Finished resetting the current domain, in  0.491 seconds
Domain Reload Profiling: 1029ms
	BeginReloadAssembly (135ms)
		ExecutionOrderSort (0ms)
		DisableScriptedObjects (5ms)
		BackupInstance (0ms)
		ReleaseScriptingObjects (0ms)
		CreateAndSetChildDomain (18ms)
	RebuildCommonClasses (32ms)
	RebuildNativeTypeToScriptingClass (10ms)
	initialDomainReloadingComplete (37ms)
	LoadAllAssembliesAndSetupDomain (324ms)
		LoadAssemblies (255ms)
		RebuildTransferFunctionScriptingTraits (0ms)
		AnalyzeDomain (153ms)
			TypeCache.Refresh (135ms)
				TypeCache.ScanAssembly (121ms)
			ScanForSourceGeneratedMonoScriptInfo (12ms)
			ResolveRequiredComponents (5ms)
	FinalizeReload (491ms)
		ReleaseScriptCaches (0ms)
		RebuildScriptCaches (0ms)
		SetupLoadedEditorAssemblies (359ms)
			LogAssemblyErrors (0ms)
			InitializePlatformSupportModulesInManaged (5ms)
			SetLoadedEditorAssemblies (4ms)
			RefreshPlugins (0ms)
			BeforeProcessingInitializeOnLoad (48ms)
			ProcessInitializeOnLoadAttributes (278ms)
			ProcessInitializeOnLoadMethodAttributes (19ms)
			AfterProcessingInitializeOnLoad (3ms)
			EditorAssembliesLoaded (0ms)
		ExecutionOrderSort2 (0ms)
		AwakeInstancesAfterBackupRestoration (11ms)
Launched and connected shader compiler UnityShaderCompiler.exe after 0.04 seconds
Refreshing native plugins compatible for Editor in 2.03 ms, found 3 plugins.
Preloading 0 native plugins for Editor in 0.00 ms.
Unloading 3110 Unused Serialized files (Serialized files now loaded: 0)
Unloading 33 unused Assets / (58.0 KB). Loaded Objects now: 3579.
Memory consumption went from 127.3 MB to 127.3 MB.
Total: 3.982900 ms (FindLiveObjects: 0.273700 ms CreateObjectMapping: 0.199700 ms MarkObjects: 3.289300 ms  DeleteObjects: 0.219200 ms)

AssetImportParameters requested are different than current active one (requested -> active):
  custom:container-demuxer-ogg: 62fdf1f143b41e24485cea50d1cbac27 -> 
  custom:video-decoder-ogg-theora: a1e56fd34408186e4bbccfd4996cb3dc -> 
  custom:framework-win-MediaFoundation: 216162199b28c13a410421893ffa2e32 -> 
  custom:CustomObjectIndexerAttribute: 9a22284fe3817be447336de3de66b15e -> 
  custom:container-demuxer-webm: 4f35f7cbe854078d1ac9338744f61a02 -> 
  custom:container-muxer-webm: aa71ff27fc2769a1b78a27578f13a17b -> 
  custom:video-decoder-webm-vp8: 9c59270c3fd7afecdb556c50c9e8de78 -> 
  custom:SearchIndexIgnoredProperties: e643bd26f0fe6173181afceb89e7c659 -> 
  custom:AudioImporter_EditorPlatform: d09bf68614088b80899f8185d706f6e7 -> 
  custom:video-encoder-webm-vp8: eb34c28f22e8b96e1ab97ce403110664 -> 
  custom:audio-decoder-ogg-vorbis: bf7c407c2cedff20999df2af8eb42d56 -> 
  custom:audio-encoder-webm-vorbis: bf7c407c2cedff20999df2af8eb42d56 -> 
========================================================================
Received Import Request.
  Time since last request: 1066.489951 seconds.
  path: Assets/Class8th (Instantiate)/2DIcons/Icons/Hacksaw.png
  artifactKey: Guid(72a92e2ac1b0f0146930f2ce09b9bf30) Importer(815301076,1909f56bfc062723c751e8b465ee728b)
Start importing Assets/Class8th (Instantiate)/2DIcons/Icons/Hacksaw.png using Guid(72a92e2ac1b0f0146930f2ce09b9bf30) Importer(815301076,1909f56bfc062723c751e8b465ee728b)  -> (artifact id: '8bc707bfeec74dfa7fcd74fe2d50d4ef') in 0.086328 seconds
Number of updated asset objects reloaded before import = 0
Number of asset objects unloaded after import = 3
========================================================================
Received Import Request.
  Time since last request: 243.979474 seconds.
  path: Assets/Class8th (Instantiate)/Polygon-Lite Survival Collection/Prefabs
  artifactKey: Guid(e62fbaf9c24111144b80fa2d57663abb) Importer(815301076,1909f56bfc062723c751e8b465ee728b)
Start importing Assets/Class8th (Instantiate)/Polygon-Lite Survival Collection/Prefabs using Guid(e62fbaf9c24111144b80fa2d57663abb) Importer(815301076,1909f56bfc062723c751e8b465ee728b)  -> (artifact id: 'a100e44c8bda9dc8c7ded76f97584165') in 0.000393 seconds
Number of updated asset objects reloaded before import = 0
Number of asset objects unloaded after import = 0
========================================================================
Received Import Request.
  Time since last request: 0.068750 seconds.
  path: Assets/Class8th (Instantiate)/Polygon-Lite Survival Collection/Prefabs/Apple_01.prefab
  artifactKey: Guid(6db7680dca4eb2748a7339cb3bc13d14) Importer(815301076,1909f56bfc062723c751e8b465ee728b)
Start importing Assets/Class8th (Instantiate)/Polygon-Lite Survival Collection/Prefabs/Apple_01.prefab using Guid(6db7680dca4eb2748a7339cb3bc13d14) Importer(815301076,1909f56bfc062723c751e8b465ee728b)  -> (artifact id: '0ad35631cc080e8fb2ac6a0fbb70c755') in 0.048372 seconds
Number of updated asset objects reloaded before import = 0
Number of asset objects unloaded after import = 10
========================================================================
Received Import Request.
  Time since last request: 0.000023 seconds.
  path: Assets/Class8th (Instantiate)/Polygon-Lite Survival Collection/Prefabs/SM_Barrel_Open_01.prefab
  artifactKey: Guid(64fa9b70bbeb6964fa2a2df094b8e78d) Importer(815301076,1909f56bfc062723c751e8b465ee728b)
Start importing Assets/Class8th (Instantiate)/Polygon-Lite Survival Collection/Prefabs/SM_Barrel_Open_01.prefab using Guid(64fa9b70bbeb6964fa2a2df094b8e78d) Importer(815301076,1909f56bfc062723c751e8b465ee728b)  -> (artifact id: '2c2ebf6d1b4b53b949001b9738ed69e1') in 0.031687 seconds
Number of updated asset objects reloaded before import = 0
Number of asset objects unloaded after import = 11
========================================================================
Received Import Request.
  Time since last request: 0.000027 seconds.
  path: Assets/Class8th (Instantiate)/Polygon-Lite Survival Collection/Prefabs/Canned_food_A_01.prefab
  artifactKey: Guid(036c576504fa16147906e501b1a57384) Importer(815301076,1909f56bfc062723c751e8b465ee728b)
Start importing Assets/Class8th (Instantiate)/Polygon-Lite Survival Collection/Prefabs/Canned_food_A_01.prefab using Guid(036c576504fa16147906e501b1a57384) Importer(815301076,1909f56bfc062723c751e8b465ee728b)  -> (artifact id: '24f0a1404096cf62537401ad27cebc03') in 0.014156 seconds
Number of updated asset objects reloaded before import = 0
Number of asset objects unloaded after import = 10
========================================================================
Received Import Request.
  Time since last request: 0.000015 seconds.
  path: Assets/Class8th (Instantiate)/Polygon-Lite Survival Collection/Prefabs/Canned_food_B_01.prefab
  artifactKey: Guid(4c22dade7f9c21b44b6cea88848f5e8d) Importer(815301076,1909f56bfc062723c751e8b465ee728b)
Start importing Assets/Class8th (Instantiate)/Polygon-Lite Survival Collection/Prefabs/Canned_food_B_01.prefab using Guid(4c22dade7f9c21b44b6cea88848f5e8d) Importer(815301076,1909f56bfc062723c751e8b465ee728b)  -> (artifact id: '917b81be44de9abe91af832bc9b2a7aa') in 0.020313 seconds
Number of updated asset objects reloaded before import = 0
Number of asset objects unloaded after import = 10
========================================================================
Received Import Request.
  Time since last request: 0.000019 seconds.
  path: Assets/Class8th (Instantiate)/Polygon-Lite Survival Collection/Prefabs/Meat_02.prefab
  artifactKey: Guid(e70c788d9b889f44b8057c1ca261dbb9) Importer(815301076,1909f56bfc062723c751e8b465ee728b)
Start importing Assets/Class8th (Instantiate)/Polygon-Lite Survival Collection/Prefabs/Meat_02.prefab using Guid(e70c788d9b889f44b8057c1ca261dbb9) Importer(815301076,1909f56bfc062723c751e8b465ee728b)  -> (artifact id: 'e198b735bfa27d867f034adda69e4735') in 0.017067 seconds
Number of updated asset objects reloaded before import = 0
Number of asset objects unloaded after import = 10
========================================================================
Received Import Request.
  Time since last request: 0.000023 seconds.
  path: Assets/Class8th (Instantiate)/Polygon-Lite Survival Collection/Prefabs/Flask.prefab
  artifactKey: Guid(3ff9c98c0990fce468bb0d49a51b6461) Importer(815301076,1909f56bfc062723c751e8b465ee728b)
Start importing Assets/Class8th (Instantiate)/Polygon-Lite Survival Collection/Prefabs/Flask.prefab using Guid(3ff9c98c0990fce468bb0d49a51b6461) Importer(815301076,1909f56bfc062723c751e8b465ee728b)  -> (artifact id: '87381c70d640dec42f1fa1ea34731453') in 0.016918 seconds
Number of updated asset objects reloaded before import = 0
Number of asset objects unloaded after import = 10
========================================================================
Received Import Request.
  Time since last request: 0.000039 seconds.
  path: Assets/Class8th (Instantiate)/Polygon-Lite Survival Collection/Prefabs/SM_ARAMID_FABRIC.prefab
  artifactKey: Guid(0bc308d5d4320ef4384e58e1eb73428a) Importer(815301076,1909f56bfc062723c751e8b465ee728b)
Start importing Assets/Class8th (Instantiate)/Polygon-Lite Survival Collection/Prefabs/SM_ARAMID_FABRIC.prefab using Guid(0bc308d5d4320ef4384e58e1eb73428a) Importer(815301076,1909f56bfc062723c751e8b465ee728b)  -> (artifact id: '7a05b0fbfd47c82471cd1d88b75230b3') in 0.012507 seconds
Number of updated asset objects reloaded before import = 0
Number of asset objects unloaded after import = 10
========================================================================
Received Import Request.
  Time since last request: 0.000021 seconds.
  path: Assets/Class8th (Instantiate)/Polygon-Lite Survival Collection/Prefabs/Medical_Kit.prefab
  artifactKey: Guid(c6776ea35b3d59b46907ebd401b343ff) Importer(815301076,1909f56bfc062723c751e8b465ee728b)
Start importing Assets/Class8th (Instantiate)/Polygon-Lite Survival Collection/Prefabs/Medical_Kit.prefab using Guid(c6776ea35b3d59b46907ebd401b343ff) Importer(815301076,1909f56bfc062723c751e8b465ee728b)  -> (artifact id: 'e3a37793d505236236723f91032594b0') in 0.011330 seconds
Number of updated asset objects reloaded before import = 0
Number of asset objects unloaded after import = 10
========================================================================
Received Import Request.
  Time since last request: 0.000017 seconds.
  path: Assets/Class8th (Instantiate)/Polygon-Lite Survival Collection/Prefabs/SM_Butt_Of_The_Rifle_For_Special_Submachine_Gun_Clean.prefab
  artifactKey: Guid(f1934d0715948b54d83e420685e0d87b) Importer(815301076,1909f56bfc062723c751e8b465ee728b)
Start importing Assets/Class8th (Instantiate)/Polygon-Lite Survival Collection/Prefabs/SM_Butt_Of_The_Rifle_For_Special_Submachine_Gun_Clean.prefab using Guid(f1934d0715948b54d83e420685e0d87b) Importer(815301076,1909f56bfc062723c751e8b465ee728b)  -> (artifact id: '8c9883cbc0623631e9013690a338b200') in 0.012044 seconds
Number of updated asset objects reloaded before import = 0
Number of asset objects unloaded after import = 10
========================================================================
Received Import Request.
  Time since last request: 5.500641 seconds.
  path: Assets/Class8th (Instantiate)/Polygon-Lite Survival Collection/Prefabs/SM_Camping_Knife.prefab
  artifactKey: Guid(ce2204ad7743b3445befdd8da95cda27) Importer(815301076,1909f56bfc062723c751e8b465ee728b)
Start importing Assets/Class8th (Instantiate)/Polygon-Lite Survival Collection/Prefabs/SM_Camping_Knife.prefab using Guid(ce2204ad7743b3445befdd8da95cda27) Importer(815301076,1909f56bfc062723c751e8b465ee728b)  -> (artifact id: '322034e4c32ad152c241fa6ccf1711cd') in 0.020613 seconds
Number of updated asset objects reloaded before import = 0
Number of asset objects unloaded after import = 10
========================================================================
Received Import Request.
  Time since last request: 0.000015 seconds.
  path: Assets/Class8th (Instantiate)/Polygon-Lite Survival Collection/Prefabs/SM_CEMENT_01.prefab
  artifactKey: Guid(e63c0883678c5ca4a80d34ae2165faa9) Importer(815301076,1909f56bfc062723c751e8b465ee728b)
Start importing Assets/Class8th (Instantiate)/Polygon-Lite Survival Collection/Prefabs/SM_CEMENT_01.prefab using Guid(e63c0883678c5ca4a80d34ae2165faa9) Importer(815301076,1909f56bfc062723c751e8b465ee728b)  -> (artifact id: '18b44aefee48b62195fbb2421becd17d') in 0.022538 seconds
Number of updated asset objects reloaded before import = 0
Number of asset objects unloaded after import = 10
========================================================================
Received Import Request.
  Time since last request: 2.594939 seconds.
  path: Assets/Class8th (Instantiate)/Polygon-Lite Survival Collection/Prefabs/SM_Chuck_Pistol_Box_9.19.prefab
  artifactKey: Guid(260b181a36214d94d9a2e9929947e034) Importer(815301076,1909f56bfc062723c751e8b465ee728b)
Start importing Assets/Class8th (Instantiate)/Polygon-Lite Survival Collection/Prefabs/SM_Chuck_Pistol_Box_9.19.prefab using Guid(260b181a36214d94d9a2e9929947e034) Importer(815301076,1909f56bfc062723c751e8b465ee728b)  -> (artifact id: '15350cd610ca67f7d0d1be83a48f1ee2') in 0.014749 seconds
Number of updated asset objects reloaded before import = 0
Number of asset objects unloaded after import = 10
========================================================================
Received Import Request.
  Time since last request: 2.775927 seconds.
  path: Assets/Class8th (Instantiate)/Polygon-Lite Survival Collection/Prefabs/SM_FIREWOOD_LAYING.prefab
  artifactKey: Guid(fdb04e938e3a67d4ca9f646bc86fa9a2) Importer(815301076,1909f56bfc062723c751e8b465ee728b)
Start importing Assets/Class8th (Instantiate)/Polygon-Lite Survival Collection/Prefabs/SM_FIREWOOD_LAYING.prefab using Guid(fdb04e938e3a67d4ca9f646bc86fa9a2) Importer(815301076,1909f56bfc062723c751e8b465ee728b)  -> (artifact id: '1796dbcfcc0527eac4f7dd540d322fc0') in 0.024301 seconds
Number of updated asset objects reloaded before import = 0
Number of asset objects unloaded after import = 10
========================================================================
Received Import Request.
  Time since last request: 1.758821 seconds.
  path: Assets/Class8th (Instantiate)/Polygon-Lite Survival Collection/Prefabs/SM_Handguard_For_Submachine_Gun_01.prefab
  artifactKey: Guid(26b8206028c8ad242bf7bcfe0703439b) Importer(815301076,1909f56bfc062723c751e8b465ee728b)
Start importing Assets/Class8th (Instantiate)/Polygon-Lite Survival Collection/Prefabs/SM_Handguard_For_Submachine_Gun_01.prefab using Guid(26b8206028c8ad242bf7bcfe0703439b) Importer(815301076,1909f56bfc062723c751e8b465ee728b)  -> (artifact id: 'f60b152baa0dc8c562b73781790e0dd8') in 0.014211 seconds
Number of updated asset objects reloaded before import = 0
Number of asset objects unloaded after import = 10
========================================================================
Received Import Request.
  Time since last request: 0.000014 seconds.
  path: Assets/Class8th (Instantiate)/Polygon-Lite Survival Collection/Prefabs/SM_Large_Magazine_For_Army_Pistol.prefab
  artifactKey: Guid(e68efa9d411601746957290d91332127) Importer(815301076,1909f56bfc062723c751e8b465ee728b)
Start importing Assets/Class8th (Instantiate)/Polygon-Lite Survival Collection/Prefabs/SM_Large_Magazine_For_Army_Pistol.prefab using Guid(e68efa9d411601746957290d91332127) Importer(815301076,1909f56bfc062723c751e8b465ee728b)  -> (artifact id: '4305192bf4af96daef48487a2f46ec96') in 0.015319 seconds
Number of updated asset objects reloaded before import = 0
Number of asset objects unloaded after import = 10
========================================================================
Received Import Request.
  Time since last request: 1.761042 seconds.
  path: Assets/Class8th (Instantiate)/Polygon-Lite Survival Collection/Prefabs/SM_Log_laying.prefab
  artifactKey: Guid(63a58d29feb4cf64081e1f4a8e1b6844) Importer(815301076,1909f56bfc062723c751e8b465ee728b)
Start importing Assets/Class8th (Instantiate)/Polygon-Lite Survival Collection/Prefabs/SM_Log_laying.prefab using Guid(63a58d29feb4cf64081e1f4a8e1b6844) Importer(815301076,1909f56bfc062723c751e8b465ee728b)  -> (artifact id: '5139391e42b6eacb1057a6e03d2b07a5') in 0.023681 seconds
Number of updated asset objects reloaded before import = 0
Number of asset objects unloaded after import = 10
========================================================================
Received Import Request.
  Time since last request: 3.295745 seconds.
  path: Assets/Class8th (Instantiate)/Polygon-Lite Survival Collection/Prefabs/SM_Muzzle_Brake_Compensator_01.prefab
  artifactKey: Guid(be7edd9c916f8a048a7e416e583f354a) Importer(815301076,1909f56bfc062723c751e8b465ee728b)
Start importing Assets/Class8th (Instantiate)/Polygon-Lite Survival Collection/Prefabs/SM_Muzzle_Brake_Compensator_01.prefab using Guid(be7edd9c916f8a048a7e416e583f354a) Importer(815301076,1909f56bfc062723c751e8b465ee728b)  -> (artifact id: 'da3c830a986874e99a3289148ec2f6f1') in 0.015617 seconds
Number of updated asset objects reloaded before import = 0
Number of asset objects unloaded after import = 10
========================================================================
Received Import Request.
  Time since last request: 0.000015 seconds.
  path: Assets/Class8th (Instantiate)/Polygon-Lite Survival Collection/Prefabs/SM_Scrap_Metal_02.prefab
  artifactKey: Guid(498ab23c9cbee7845b2c689473697044) Importer(815301076,1909f56bfc062723c751e8b465ee728b)
Start importing Assets/Class8th (Instantiate)/Polygon-Lite Survival Collection/Prefabs/SM_Scrap_Metal_02.prefab using Guid(498ab23c9cbee7845b2c689473697044) Importer(815301076,1909f56bfc062723c751e8b465ee728b)  -> (artifact id: '4c561d68cc7941dc1e33db9abf94dbc0') in 0.017641 seconds
Number of updated asset objects reloaded before import = 0
Number of asset objects unloaded after import = 10
========================================================================
Received Import Request.
  Time since last request: 1.596926 seconds.
  path: Assets/Class8th (Instantiate)/Polygon-Lite Survival Collection/Prefabs/SM_SKIN_FLATCHES.prefab
  artifactKey: Guid(e2cbe343c87fdb7468a2b5176c7c4cb0) Importer(815301076,1909f56bfc062723c751e8b465ee728b)
Start importing Assets/Class8th (Instantiate)/Polygon-Lite Survival Collection/Prefabs/SM_SKIN_FLATCHES.prefab using Guid(e2cbe343c87fdb7468a2b5176c7c4cb0) Importer(815301076,1909f56bfc062723c751e8b465ee728b)  -> (artifact id: 'e3b9a3277d016ec48c5a361c4bc84c0e') in 0.015668 seconds
Number of updated asset objects reloaded before import = 0
Number of asset objects unloaded after import = 10
========================================================================
Received Import Request.
  Time since last request: 0.000021 seconds.
  path: Assets/Class8th (Instantiate)/Polygon-Lite Survival Collection/Prefabs/SM_Tactical_Block.prefab
  artifactKey: Guid(c90d4b87a9347fd43ad0fb549ee1f938) Importer(815301076,1909f56bfc062723c751e8b465ee728b)
Start importing Assets/Class8th (Instantiate)/Polygon-Lite Survival Collection/Prefabs/SM_Tactical_Block.prefab using Guid(c90d4b87a9347fd43ad0fb549ee1f938) Importer(815301076,1909f56bfc062723c751e8b465ee728b)  -> (artifact id: '0cbca07c880498b0793a870d923634ce') in 0.012719 seconds
Number of updated asset objects reloaded before import = 0
Number of asset objects unloaded after import = 10
========================================================================
Received Import Request.
  Time since last request: 2.514150 seconds.
  path: Assets/Class8th (Instantiate)/Polygon-Lite Survival Collection/Prefabs/SM_Vertical_Handle_01.prefab
  artifactKey: Guid(580b4dae3deb3ea4e975a4bf33fa4387) Importer(815301076,1909f56bfc062723c751e8b465ee728b)
Start importing Assets/Class8th (Instantiate)/Polygon-Lite Survival Collection/Prefabs/SM_Vertical_Handle_01.prefab using Guid(580b4dae3deb3ea4e975a4bf33fa4387) Importer(815301076,1909f56bfc062723c751e8b465ee728b)  -> (artifact id: 'f6b9bdd5aa9e111524e0bfe8382680cc') in 0.013094 seconds
Number of updated asset objects reloaded before import = 0
Number of asset objects unloaded after import = 10
========================================================================
Received Import Request.
  Time since last request: 0.000022 seconds.
  path: Assets/Class8th (Instantiate)/Polygon-Lite Survival Collection/Prefabs/SM_Workbench.prefab
  artifactKey: Guid(405182fb1a70a9d4a8a4c06cae1e6b5f) Importer(815301076,1909f56bfc062723c751e8b465ee728b)
Start importing Assets/Class8th (Instantiate)/Polygon-Lite Survival Collection/Prefabs/SM_Workbench.prefab using Guid(405182fb1a70a9d4a8a4c06cae1e6b5f) Importer(815301076,1909f56bfc062723c751e8b465ee728b)  -> (artifact id: '2f588df1f74fe54bd2afc57ae415e593') in 0.023641 seconds
Number of updated asset objects reloaded before import = 0
Number of asset objects unloaded after import = 10
========================================================================
Received Import Request.
  Time since last request: 1.402119 seconds.
  path: Assets/Class8th (Instantiate)/Polygon-Lite Survival Collection/Prefabs/Tent_A_01.prefab
  artifactKey: Guid(b5991b8efe7e0044888b9058f6d3119f) Importer(815301076,1909f56bfc062723c751e8b465ee728b)
Start importing Assets/Class8th (Instantiate)/Polygon-Lite Survival Collection/Prefabs/Tent_A_01.prefab using Guid(b5991b8efe7e0044888b9058f6d3119f) Importer(815301076,1909f56bfc062723c751e8b465ee728b)  -> (artifact id: '84f85e470748ac7a4b340235033cfa33') in 0.011669 seconds
Number of updated asset objects reloaded before import = 0
Number of asset objects unloaded after import = 10
========================================================================
Received Import Request.
  Time since last request: 461.440307 seconds.
  path: Assets/Class8th (Instantiate)/Prefabs/Fire Extinguisher.prefab
  artifactKey: Guid(aee125959b3523041b252e2cf11f23ec) Importer(815301076,1909f56bfc062723c751e8b465ee728b)
Start importing Assets/Class8th (Instantiate)/Prefabs/Fire Extinguisher.prefab using Guid(aee125959b3523041b252e2cf11f23ec) Importer(815301076,1909f56bfc062723c751e8b465ee728b)  -> (artifact id: 'c2906059ff9ef896e502407a8d7d3b90') in 0.041979 seconds
Number of updated asset objects reloaded before import = 0
Number of asset objects unloaded after import = 10
========================================================================
Received Import Request.
  Time since last request: 0.000043 seconds.
  path: Assets/Class8th (Instantiate)/Prefabs/Mallet.prefab
  artifactKey: Guid(13a8da9c323f7b94a97fc045e83ae446) Importer(815301076,1909f56bfc062723c751e8b465ee728b)
Start importing Assets/Class8th (Instantiate)/Prefabs/Mallet.prefab using Guid(13a8da9c323f7b94a97fc045e83ae446) Importer(815301076,1909f56bfc062723c751e8b465ee728b)  -> (artifact id: 'c4b8dd8e73534e6ee09545a7e5069988') in 0.013180 seconds
Number of updated asset objects reloaded before import = 0
Number of asset objects unloaded after import = 10
========================================================================
Received Import Request.
  Time since last request: 0.000022 seconds.
  path: Assets/Class8th (Instantiate)/Prefabs/SM_Hammer.prefab
  artifactKey: Guid(57cbebc1c9875a8428fb2895ca406134) Importer(815301076,1909f56bfc062723c751e8b465ee728b)
Start importing Assets/Class8th (Instantiate)/Prefabs/SM_Hammer.prefab using Guid(57cbebc1c9875a8428fb2895ca406134) Importer(815301076,1909f56bfc062723c751e8b465ee728b)  -> (artifact id: '8dd743508bc60bf6d95ca1cb0037e034') in 0.011803 seconds
Number of updated asset objects reloaded before import = 0
Number of asset objects unloaded after import = 10
Editor requested this worker to shutdown with reason: Scaling down because of idle timeout
TcpMessagingSession - receive error: operation aborted. errorcode: 995, details: 스레드 종료 또는 응용 프로그램 요청 때문에 I/O 작업이 취소되었습니다.
AssetImportWorker is now disconnected from the server
Process exiting
Exiting without the bug reporter. Application will terminate with return code 0